{"D:\\reactpract\\v2solutions_react_boilerplate\\src\\App.js": {"path":"D:\\reactpract\\v2solutions_react_boilerplate\\src\\App.js","statementMap":{"0":{"start":{"line":10,"column":2},"end":{"line":10,"column":26}},"1":{"start":{"line":13,"column":19},"end":{"line":13,"column":31}},"2":{"start":{"line":16,"column":17},"end":{"line":16,"column":54}},"3":{"start":{"line":19,"column":2},"end":{"line":19,"column":44}}},"fnMap":{"0":{"name":"App","decl":{"start":{"line":8,"column":9},"end":{"line":8,"column":12}},"loc":{"start":{"line":8,"column":15},"end":{"line":20,"column":1}},"line":8}},"branchMap":{},"s":{"0":0,"1":0,"2":0,"3":0},"f":{"0":0},"b":{}}
,"D:\\reactpract\\v2solutions_react_boilerplate\\src\\index.js": {"path":"D:\\reactpract\\v2solutions_react_boilerplate\\src\\index.js","statementMap":{"0":{"start":{"line":9,"column":13},"end":{"line":9,"column":65}},"1":{"start":{"line":10,"column":0},"end":{"line":16,"column":1}}},"fnMap":{},"branchMap":{},"s":{"0":0,"1":0},"f":{},"b":{}}
,"D:\\reactpract\\v2solutions_react_boilerplate\\src\\routes.jsx": {"path":"D:\\reactpract\\v2solutions_react_boilerplate\\src\\routes.jsx","statementMap":{"0":{"start":{"line":14,"column":22},"end":{"line":29,"column":1}},"1":{"start":{"line":14,"column":36},"end":{"line":29,"column":1}}},"fnMap":{"0":{"name":"(anonymous_0)","decl":{"start":{"line":14,"column":22},"end":{"line":14,"column":23}},"loc":{"start":{"line":14,"column":36},"end":{"line":29,"column":1}},"line":14}},"branchMap":{},"s":{"0":0,"1":0},"f":{"0":0},"b":{}}
,"D:\\reactpract\\v2solutions_react_boilerplate\\src\\components\\Employee\\EmployeeForm.jsx": {"path":"D:\\reactpract\\v2solutions_react_boilerplate\\src\\components\\Employee\\EmployeeForm.jsx","statementMap":{"0":{"start":{"line":11,"column":21},"end":{"line":170,"column":1}},"1":{"start":{"line":12,"column":22},"end":{"line":12,"column":45}},"2":{"start":{"line":13,"column":44},"end":{"line":13,"column":67}},"3":{"start":{"line":14,"column":46},"end":{"line":14,"column":58}},"4":{"start":{"line":15,"column":19},"end":{"line":15,"column":32}},"5":{"start":{"line":16,"column":17},"end":{"line":16,"column":28}},"6":{"start":{"line":18,"column":42},"end":{"line":25,"column":4}},"7":{"start":{"line":27,"column":44},"end":{"line":27,"column":58}},"8":{"start":{"line":29,"column":38},"end":{"line":29,"column":50}},"9":{"start":{"line":30,"column":30},"end":{"line":30,"column":45}},"10":{"start":{"line":31,"column":42},"end":{"line":31,"column":54}},"11":{"start":{"line":33,"column":2},"end":{"line":37,"column":32}},"12":{"start":{"line":34,"column":4},"end":{"line":36,"column":5}},"13":{"start":{"line":35,"column":6},"end":{"line":35,"column":26}},"14":{"start":{"line":39,"column":28},"end":{"line":56,"column":3}},"15":{"start":{"line":40,"column":4},"end":{"line":55,"column":5}},"16":{"start":{"line":41,"column":23},"end":{"line":41,"column":46}},"17":{"start":{"line":42,"column":6},"end":{"line":51,"column":7}},"18":{"start":{"line":43,"column":38},"end":{"line":43,"column":53}},"19":{"start":{"line":44,"column":8},"end":{"line":44,"column":47}},"20":{"start":{"line":45,"column":8},"end":{"line":45,"column":24}},"21":{"start":{"line":46,"column":24},"end":{"line":46,"column":80}},"22":{"start":{"line":47,"column":8},"end":{"line":47,"column":34}},"23":{"start":{"line":50,"column":8},"end":{"line":50,"column":30}},"24":{"start":{"line":53,"column":6},"end":{"line":53,"column":60}},"25":{"start":{"line":54,"column":6},"end":{"line":54,"column":28}},"26":{"start":{"line":58,"column":28},"end":{"line":69,"column":3}},"27":{"start":{"line":59,"column":28},"end":{"line":59,"column":36}},"28":{"start":{"line":62,"column":23},"end":{"line":62,"column":68}},"29":{"start":{"line":64,"column":4},"end":{"line":64,"column":56}},"30":{"start":{"line":65,"column":4},"end":{"line":68,"column":7}},"31":{"start":{"line":71,"column":27},"end":{"line":86,"column":3}},"32":{"start":{"line":72,"column":25},"end":{"line":72,"column":58}},"33":{"start":{"line":75,"column":18},"end":{"line":75,"column":26}},"34":{"start":{"line":76,"column":16},"end":{"line":76,"column":36}},"35":{"start":{"line":77,"column":23},"end":{"line":77,"column":53}},"36":{"start":{"line":79,"column":4},"end":{"line":79,"column":60}},"37":{"start":{"line":80,"column":4},"end":{"line":83,"column":7}},"38":{"start":{"line":85,"column":4},"end":{"line":85,"column":27}},"39":{"start":{"line":88,"column":23},"end":{"line":97,"column":3}},"40":{"start":{"line":89,"column":19},"end":{"line":89,"column":21}},"41":{"start":{"line":90,"column":4},"end":{"line":94,"column":7}},"42":{"start":{"line":91,"column":6},"end":{"line":93,"column":7}},"43":{"start":{"line":92,"column":8},"end":{"line":92,"column":88}},"44":{"start":{"line":95,"column":4},"end":{"line":95,"column":26}},"45":{"start":{"line":96,"column":4},"end":{"line":96,"column":44}},"46":{"start":{"line":99,"column":23},"end":{"line":118,"column":3}},"47":{"start":{"line":100,"column":4},"end":{"line":100,"column":23}},"48":{"start":{"line":101,"column":4},"end":{"line":117,"column":5}},"49":{"start":{"line":102,"column":6},"end":{"line":116,"column":7}},"50":{"start":{"line":103,"column":25},"end":{"line":103,"column":104}},"51":{"start":{"line":104,"column":8},"end":{"line":112,"column":9}},"52":{"start":{"line":105,"column":10},"end":{"line":105,"column":42}},"53":{"start":{"line":107,"column":25},"end":{"line":107,"column":62}},"54":{"start":{"line":108,"column":10},"end":{"line":108,"column":32}},"55":{"start":{"line":109,"column":10},"end":{"line":109,"column":86}},"56":{"start":{"line":110,"column":10},"end":{"line":110,"column":121}},"57":{"start":{"line":111,"column":10},"end":{"line":111,"column":104}},"58":{"start":{"line":114,"column":8},"end":{"line":114,"column":82}},"59":{"start":{"line":115,"column":8},"end":{"line":115,"column":94}},"60":{"start":{"line":120,"column":2},"end":{"line":169,"column":4}},"61":{"start":{"line":132,"column":18},"end":{"line":152,"column":24}},"62":{"start":{"line":172,"column":24},"end":{"line":174,"column":2}},"63":{"start":{"line":172,"column":36},"end":{"line":174,"column":1}},"64":{"start":{"line":176,"column":27},"end":{"line":179,"column":1}}},"fnMap":{"0":{"name":"(anonymous_0)","decl":{"start":{"line":11,"column":21},"end":{"line":11,"column":22}},"loc":{"start":{"line":11,"column":69},"end":{"line":170,"column":1}},"line":11},"1":{"name":"(anonymous_1)","decl":{"start":{"line":33,"column":12},"end":{"line":33,"column":13}},"loc":{"start":{"line":33,"column":18},"end":{"line":37,"column":3}},"line":33},"2":{"name":"(anonymous_2)","decl":{"start":{"line":39,"column":28},"end":{"line":39,"column":29}},"loc":{"start":{"line":39,"column":40},"end":{"line":56,"column":3}},"line":39},"3":{"name":"(anonymous_3)","decl":{"start":{"line":58,"column":28},"end":{"line":58,"column":29}},"loc":{"start":{"line":58,"column":35},"end":{"line":69,"column":3}},"line":58},"4":{"name":"(anonymous_4)","decl":{"start":{"line":71,"column":27},"end":{"line":71,"column":28}},"loc":{"start":{"line":71,"column":37},"end":{"line":86,"column":3}},"line":71},"5":{"name":"(anonymous_5)","decl":{"start":{"line":88,"column":23},"end":{"line":88,"column":24}},"loc":{"start":{"line":88,"column":29},"end":{"line":97,"column":3}},"line":88},"6":{"name":"(anonymous_6)","decl":{"start":{"line":90,"column":65},"end":{"line":90,"column":66}},"loc":{"start":{"line":90,"column":76},"end":{"line":94,"column":5}},"line":90},"7":{"name":"(anonymous_7)","decl":{"start":{"line":99,"column":23},"end":{"line":99,"column":24}},"loc":{"start":{"line":99,"column":36},"end":{"line":118,"column":3}},"line":99},"8":{"name":"(anonymous_8)","decl":{"start":{"line":131,"column":74},"end":{"line":131,"column":75}},"loc":{"start":{"line":132,"column":18},"end":{"line":152,"column":24}},"line":132},"9":{"name":"(anonymous_9)","decl":{"start":{"line":172,"column":24},"end":{"line":172,"column":25}},"loc":{"start":{"line":172,"column":36},"end":{"line":174,"column":1}},"line":172}},"branchMap":{"0":{"loc":{"start":{"line":34,"column":4},"end":{"line":36,"column":5}},"type":"if","locations":[{"start":{"line":34,"column":4},"end":{"line":36,"column":5}},{"start":{},"end":{}}],"line":34},"1":{"loc":{"start":{"line":42,"column":6},"end":{"line":51,"column":7}},"type":"if","locations":[{"start":{"line":42,"column":6},"end":{"line":51,"column":7}},{"start":{"line":49,"column":13},"end":{"line":51,"column":7}}],"line":42},"2":{"loc":{"start":{"line":42,"column":10},"end":{"line":42,"column":37}},"type":"binary-expr","locations":[{"start":{"line":42,"column":10},"end":{"line":42,"column":18}},{"start":{"line":42,"column":22},"end":{"line":42,"column":37}}],"line":42},"3":{"loc":{"start":{"line":67,"column":14},"end":{"line":67,"column":89}},"type":"cond-expr","locations":[{"start":{"line":67,"column":46},"end":{"line":67,"column":84}},{"start":{"line":67,"column":87},"end":{"line":67,"column":89}}],"line":67},"4":{"loc":{"start":{"line":67,"column":14},"end":{"line":67,"column":43}},"type":"binary-expr","locations":[{"start":{"line":67,"column":14},"end":{"line":67,"column":28}},{"start":{"line":67,"column":32},"end":{"line":67,"column":43}}],"line":67},"5":{"loc":{"start":{"line":82,"column":11},"end":{"line":82,"column":70}},"type":"cond-expr","locations":[{"start":{"line":82,"column":24},"end":{"line":82,"column":26}},{"start":{"line":82,"column":29},"end":{"line":82,"column":70}}],"line":82},"6":{"loc":{"start":{"line":91,"column":6},"end":{"line":93,"column":7}},"type":"if","locations":[{"start":{"line":91,"column":6},"end":{"line":93,"column":7}},{"start":{},"end":{}}],"line":91},"7":{"loc":{"start":{"line":101,"column":4},"end":{"line":117,"column":5}},"type":"if","locations":[{"start":{"line":101,"column":4},"end":{"line":117,"column":5}},{"start":{},"end":{}}],"line":101},"8":{"loc":{"start":{"line":103,"column":25},"end":{"line":103,"column":104}},"type":"cond-expr","locations":[{"start":{"line":103,"column":34},"end":{"line":103,"column":73}},{"start":{"line":103,"column":76},"end":{"line":103,"column":104}}],"line":103},"9":{"loc":{"start":{"line":104,"column":8},"end":{"line":112,"column":9}},"type":"if","locations":[{"start":{"line":104,"column":8},"end":{"line":112,"column":9}},{"start":{"line":106,"column":15},"end":{"line":112,"column":9}}],"line":104},"10":{"loc":{"start":{"line":107,"column":25},"end":{"line":107,"column":62}},"type":"cond-expr","locations":[{"start":{"line":107,"column":34},"end":{"line":107,"column":48}},{"start":{"line":107,"column":51},"end":{"line":107,"column":62}}],"line":107},"11":{"loc":{"start":{"line":109,"column":40},"end":{"line":109,"column":68}},"type":"cond-expr","locations":[{"start":{"line":109,"column":49},"end":{"line":109,"column":58}},{"start":{"line":109,"column":61},"end":{"line":109,"column":68}}],"line":109},"12":{"loc":{"start":{"line":110,"column":71},"end":{"line":110,"column":99}},"type":"cond-expr","locations":[{"start":{"line":110,"column":80},"end":{"line":110,"column":89}},{"start":{"line":110,"column":92},"end":{"line":110,"column":99}}],"line":110},"13":{"loc":{"start":{"line":114,"column":31},"end":{"line":114,"column":61}},"type":"cond-expr","locations":[{"start":{"line":114,"column":40},"end":{"line":114,"column":50}},{"start":{"line":114,"column":53},"end":{"line":114,"column":61}}],"line":114},"14":{"loc":{"start":{"line":115,"column":37},"end":{"line":115,"column":62}},"type":"cond-expr","locations":[{"start":{"line":115,"column":46},"end":{"line":115,"column":54}},{"start":{"line":115,"column":57},"end":{"line":115,"column":62}}],"line":115},"15":{"loc":{"start":{"line":126,"column":48},"end":{"line":126,"column":89}},"type":"cond-expr","locations":[{"start":{"line":126,"column":57},"end":{"line":126,"column":72}},{"start":{"line":126,"column":75},"end":{"line":126,"column":89}}],"line":126},"16":{"loc":{"start":{"line":128,"column":17},"end":{"line":128,"column":94}},"type":"binary-expr","locations":[{"start":{"line":128,"column":17},"end":{"line":128,"column":31}},{"start":{"line":128,"column":35},"end":{"line":128,"column":94}}],"line":128},"17":{"loc":{"start":{"line":129,"column":17},"end":{"line":129,"column":89}},"type":"binary-expr","locations":[{"start":{"line":129,"column":17},"end":{"line":129,"column":29}},{"start":{"line":129,"column":33},"end":{"line":129,"column":89}}],"line":129},"18":{"loc":{"start":{"line":134,"column":21},"end":{"line":150,"column":21}},"type":"cond-expr","locations":[{"start":{"line":135,"column":22},"end":{"line":140,"column":24}},{"start":{"line":142,"column":22},"end":{"line":149,"column":24}}],"line":134},"19":{"loc":{"start":{"line":138,"column":51},"end":{"line":138,"column":88}},"type":"cond-expr","locations":[{"start":{"line":138,"column":71},"end":{"line":138,"column":83}},{"start":{"line":138,"column":86},"end":{"line":138,"column":88}}],"line":138},"20":{"loc":{"start":{"line":144,"column":51},"end":{"line":144,"column":88}},"type":"cond-expr","locations":[{"start":{"line":144,"column":71},"end":{"line":144,"column":83}},{"start":{"line":144,"column":86},"end":{"line":144,"column":88}}],"line":144},"21":{"loc":{"start":{"line":151,"column":21},"end":{"line":151,"column":141}},"type":"binary-expr","locations":[{"start":{"line":151,"column":21},"end":{"line":151,"column":38}},{"start":{"line":151,"column":42},"end":{"line":151,"column":141}}],"line":151},"22":{"loc":{"start":{"line":151,"column":78},"end":{"line":151,"column":112}},"type":"cond-expr","locations":[{"start":{"line":151,"column":98},"end":{"line":151,"column":107}},{"start":{"line":151,"column":110},"end":{"line":151,"column":112}}],"line":151},"23":{"loc":{"start":{"line":160,"column":21},"end":{"line":160,"column":46}},"type":"cond-expr","locations":[{"start":{"line":160,"column":30},"end":{"line":160,"column":38}},{"start":{"line":160,"column":41},"end":{"line":160,"column":46}}],"line":160}},"s":{"0":0,"1":0,"2":0,"3":0,"4":0,"5":0,"6":0,"7":0,"8":0,"9":0,"10":0,"11":0,"12":0,"13":0,"14":0,"15":0,"16":0,"17":0,"18":0,"19":0,"20":0,"21":0,"22":0,"23":0,"24":0,"25":0,"26":0,"27":0,"28":0,"29":0,"30":0,"31":0,"32":0,"33":0,"34":0,"35":0,"36":0,"37":0,"38":0,"39":0,"40":0,"41":0,"42":0,"43":0,"44":0,"45":0,"46":0,"47":0,"48":0,"49":0,"50":0,"51":0,"52":0,"53":0,"54":0,"55":0,"56":0,"57":0,"58":0,"59":0,"60":0,"61":0,"62":0,"63":0,"64":0},"f":{"0":0,"1":0,"2":0,"3":0,"4":0,"5":0,"6":0,"7":0,"8":0,"9":0},"b":{"0":[0,0],"1":[0,0],"2":[0,0],"3":[0,0],"4":[0,0],"5":[0,0],"6":[0,0],"7":[0,0],"8":[0,0],"9":[0,0],"10":[0,0],"11":[0,0],"12":[0,0],"13":[0,0],"14":[0,0],"15":[0,0],"16":[0,0],"17":[0,0],"18":[0,0],"19":[0,0],"20":[0,0],"21":[0,0],"22":[0,0],"23":[0,0]}}
,"D:\\reactpract\\v2solutions_react_boilerplate\\src\\components\\Employee\\EmployeeList.jsx": {"path":"D:\\reactpract\\v2solutions_react_boilerplate\\src\\components\\Employee\\EmployeeList.jsx","statementMap":{"0":{"start":{"line":7,"column":21},"end":{"line":235,"column":1}},"1":{"start":{"line":8,"column":22},"end":{"line":8,"column":45}},"2":{"start":{"line":9,"column":36},"end":{"line":9,"column":59}},"3":{"start":{"line":10,"column":36},"end":{"line":10,"column":48}},"4":{"start":{"line":11,"column":19},"end":{"line":11,"column":32}},"5":{"start":{"line":12,"column":46},"end":{"line":12,"column":103}},"6":{"start":{"line":13,"column":44},"end":{"line":13,"column":59}},"7":{"start":{"line":14,"column":50},"end":{"line":14,"column":64}},"8":{"start":{"line":16,"column":38},"end":{"line":16,"column":54}},"9":{"start":{"line":17,"column":36},"end":{"line":17,"column":51}},"10":{"start":{"line":18,"column":40},"end":{"line":18,"column":51}},"11":{"start":{"line":22,"column":40},"end":{"line":22,"column":51}},"12":{"start":{"line":23,"column":38},"end":{"line":23,"column":49}},"13":{"start":{"line":25,"column":2},"end":{"line":32,"column":23}},"14":{"start":{"line":26,"column":4},"end":{"line":26,"column":22}},"15":{"start":{"line":27,"column":18},"end":{"line":29,"column":12}},"16":{"start":{"line":28,"column":6},"end":{"line":28,"column":28}},"17":{"start":{"line":31,"column":4},"end":{"line":31,"column":37}},"18":{"start":{"line":31,"column":17},"end":{"line":31,"column":36}},"19":{"start":{"line":33,"column":2},"end":{"line":36,"column":20}},"20":{"start":{"line":35,"column":4},"end":{"line":35,"column":23}},"21":{"start":{"line":38,"column":26},"end":{"line":53,"column":3}},"22":{"start":{"line":39,"column":4},"end":{"line":52,"column":5}},"23":{"start":{"line":40,"column":23},"end":{"line":40,"column":143}},"24":{"start":{"line":41,"column":6},"end":{"line":49,"column":7}},"25":{"start":{"line":42,"column":8},"end":{"line":42,"column":41}},"26":{"start":{"line":43,"column":8},"end":{"line":43,"column":43}},"27":{"start":{"line":44,"column":8},"end":{"line":44,"column":29}},"28":{"start":{"line":45,"column":13},"end":{"line":49,"column":7}},"29":{"start":{"line":46,"column":8},"end":{"line":46,"column":50}},"30":{"start":{"line":48,"column":8},"end":{"line":48,"column":54}},"31":{"start":{"line":51,"column":6},"end":{"line":51,"column":49}},"32":{"start":{"line":54,"column":34},"end":{"line":59,"column":3}},"33":{"start":{"line":56,"column":27},"end":{"line":56,"column":55}},"34":{"start":{"line":57,"column":4},"end":{"line":57,"column":35}},"35":{"start":{"line":62,"column":30},"end":{"line":69,"column":3}},"36":{"start":{"line":64,"column":25},"end":{"line":64,"column":85}},"37":{"start":{"line":65,"column":4},"end":{"line":65,"column":25}},"38":{"start":{"line":66,"column":4},"end":{"line":66,"column":31}},"39":{"start":{"line":68,"column":4},"end":{"line":68,"column":46}},"40":{"start":{"line":71,"column":23},"end":{"line":89,"column":3}},"41":{"start":{"line":72,"column":4},"end":{"line":88,"column":5}},"42":{"start":{"line":73,"column":6},"end":{"line":87,"column":7}},"43":{"start":{"line":74,"column":25},"end":{"line":74,"column":68}},"44":{"start":{"line":75,"column":8},"end":{"line":84,"column":9}},"45":{"start":{"line":76,"column":10},"end":{"line":76,"column":62}},"46":{"start":{"line":77,"column":10},"end":{"line":77,"column":34}},"47":{"start":{"line":78,"column":10},"end":{"line":78,"column":36}},"48":{"start":{"line":79,"column":10},"end":{"line":79,"column":39}},"49":{"start":{"line":80,"column":15},"end":{"line":84,"column":9}},"50":{"start":{"line":81,"column":10},"end":{"line":81,"column":52}},"51":{"start":{"line":83,"column":10},"end":{"line":83,"column":56}},"52":{"start":{"line":86,"column":8},"end":{"line":86,"column":55}},"53":{"start":{"line":91,"column":26},"end":{"line":110,"column":3}},"54":{"start":{"line":92,"column":4},"end":{"line":109,"column":7}},"55":{"start":{"line":93,"column":6},"end":{"line":108,"column":11}},"56":{"start":{"line":104,"column":62},"end":{"line":104,"column":92}},"57":{"start":{"line":104,"column":93},"end":{"line":104,"column":116}},"58":{"start":{"line":114,"column":2},"end":{"line":234,"column":4}},"59":{"start":{"line":129,"column":35},"end":{"line":129,"column":78}},"60":{"start":{"line":136,"column":58},"end":{"line":136,"column":85}},"61":{"start":{"line":139,"column":58},"end":{"line":139,"column":86}},"62":{"start":{"line":142,"column":58},"end":{"line":142,"column":84}},"63":{"start":{"line":145,"column":58},"end":{"line":145,"column":92}},"64":{"start":{"line":148,"column":58},"end":{"line":148,"column":90}},"65":{"start":{"line":163,"column":22},"end":{"line":167,"column":27}},"66":{"start":{"line":164,"column":69},"end":{"line":164,"column":94}},"67":{"start":{"line":201,"column":41},"end":{"line":201,"column":64}},"68":{"start":{"line":213,"column":41},"end":{"line":213,"column":64}}},"fnMap":{"0":{"name":"(anonymous_0)","decl":{"start":{"line":7,"column":21},"end":{"line":7,"column":22}},"loc":{"start":{"line":7,"column":27},"end":{"line":235,"column":1}},"line":7},"1":{"name":"(anonymous_1)","decl":{"start":{"line":25,"column":12},"end":{"line":25,"column":13}},"loc":{"start":{"line":25,"column":18},"end":{"line":32,"column":3}},"line":25},"2":{"name":"(anonymous_2)","decl":{"start":{"line":27,"column":29},"end":{"line":27,"column":30}},"loc":{"start":{"line":27,"column":35},"end":{"line":29,"column":5}},"line":27},"3":{"name":"(anonymous_3)","decl":{"start":{"line":31,"column":11},"end":{"line":31,"column":12}},"loc":{"start":{"line":31,"column":17},"end":{"line":31,"column":36}},"line":31},"4":{"name":"(anonymous_4)","decl":{"start":{"line":33,"column":12},"end":{"line":33,"column":13}},"loc":{"start":{"line":33,"column":18},"end":{"line":36,"column":3}},"line":33},"5":{"name":"(anonymous_5)","decl":{"start":{"line":38,"column":26},"end":{"line":38,"column":27}},"loc":{"start":{"line":38,"column":64},"end":{"line":53,"column":3}},"line":38},"6":{"name":"(anonymous_6)","decl":{"start":{"line":54,"column":34},"end":{"line":54,"column":35}},"loc":{"start":{"line":54,"column":41},"end":{"line":59,"column":3}},"line":54},"7":{"name":"(anonymous_7)","decl":{"start":{"line":62,"column":30},"end":{"line":62,"column":31}},"loc":{"start":{"line":62,"column":59},"end":{"line":69,"column":3}},"line":62},"8":{"name":"(anonymous_8)","decl":{"start":{"line":71,"column":23},"end":{"line":71,"column":24}},"loc":{"start":{"line":71,"column":35},"end":{"line":89,"column":3}},"line":71},"9":{"name":"(anonymous_9)","decl":{"start":{"line":91,"column":26},"end":{"line":91,"column":27}},"loc":{"start":{"line":91,"column":32},"end":{"line":110,"column":3}},"line":91},"10":{"name":"(anonymous_10)","decl":{"start":{"line":92,"column":25},"end":{"line":92,"column":26}},"loc":{"start":{"line":93,"column":6},"end":{"line":108,"column":11}},"line":93},"11":{"name":"(anonymous_11)","decl":{"start":{"line":104,"column":54},"end":{"line":104,"column":55}},"loc":{"start":{"line":104,"column":60},"end":{"line":104,"column":118}},"line":104},"12":{"name":"(anonymous_12)","decl":{"start":{"line":129,"column":28},"end":{"line":129,"column":29}},"loc":{"start":{"line":129,"column":35},"end":{"line":129,"column":78}},"line":129},"13":{"name":"(anonymous_13)","decl":{"start":{"line":136,"column":52},"end":{"line":136,"column":53}},"loc":{"start":{"line":136,"column":58},"end":{"line":136,"column":85}},"line":136},"14":{"name":"(anonymous_14)","decl":{"start":{"line":139,"column":52},"end":{"line":139,"column":53}},"loc":{"start":{"line":139,"column":58},"end":{"line":139,"column":86}},"line":139},"15":{"name":"(anonymous_15)","decl":{"start":{"line":142,"column":52},"end":{"line":142,"column":53}},"loc":{"start":{"line":142,"column":58},"end":{"line":142,"column":84}},"line":142},"16":{"name":"(anonymous_16)","decl":{"start":{"line":145,"column":52},"end":{"line":145,"column":53}},"loc":{"start":{"line":145,"column":58},"end":{"line":145,"column":92}},"line":145},"17":{"name":"(anonymous_17)","decl":{"start":{"line":148,"column":52},"end":{"line":148,"column":53}},"loc":{"start":{"line":148,"column":58},"end":{"line":148,"column":90}},"line":148},"18":{"name":"(anonymous_18)","decl":{"start":{"line":162,"column":55},"end":{"line":162,"column":56}},"loc":{"start":{"line":163,"column":22},"end":{"line":167,"column":27}},"line":163},"19":{"name":"(anonymous_19)","decl":{"start":{"line":164,"column":63},"end":{"line":164,"column":64}},"loc":{"start":{"line":164,"column":69},"end":{"line":164,"column":94}},"line":164},"20":{"name":"(anonymous_20)","decl":{"start":{"line":201,"column":35},"end":{"line":201,"column":36}},"loc":{"start":{"line":201,"column":41},"end":{"line":201,"column":64}},"line":201},"21":{"name":"(anonymous_21)","decl":{"start":{"line":213,"column":35},"end":{"line":213,"column":36}},"loc":{"start":{"line":213,"column":41},"end":{"line":213,"column":64}},"line":213}},"branchMap":{"0":{"loc":{"start":{"line":12,"column":55},"end":{"line":12,"column":102}},"type":"binary-expr","locations":[{"start":{"line":12,"column":55},"end":{"line":12,"column":69}},{"start":{"line":12,"column":73},"end":{"line":12,"column":102}}],"line":12},"1":{"loc":{"start":{"line":38,"column":33},"end":{"line":38,"column":41}},"type":"default-arg","locations":[{"start":{"line":38,"column":40},"end":{"line":38,"column":41}}],"line":38},"2":{"loc":{"start":{"line":38,"column":43},"end":{"line":38,"column":59}},"type":"default-arg","locations":[{"start":{"line":38,"column":57},"end":{"line":38,"column":59}}],"line":38},"3":{"loc":{"start":{"line":41,"column":6},"end":{"line":49,"column":7}},"type":"if","locations":[{"start":{"line":41,"column":6},"end":{"line":49,"column":7}},{"start":{"line":45,"column":13},"end":{"line":49,"column":7}}],"line":41},"4":{"loc":{"start":{"line":41,"column":10},"end":{"line":41,"column":37}},"type":"binary-expr","locations":[{"start":{"line":41,"column":10},"end":{"line":41,"column":18}},{"start":{"line":41,"column":22},"end":{"line":41,"column":37}}],"line":41},"5":{"loc":{"start":{"line":45,"column":13},"end":{"line":49,"column":7}},"type":"if","locations":[{"start":{"line":45,"column":13},"end":{"line":49,"column":7}},{"start":{"line":47,"column":13},"end":{"line":49,"column":7}}],"line":45},"6":{"loc":{"start":{"line":45,"column":17},"end":{"line":45,"column":43}},"type":"binary-expr","locations":[{"start":{"line":45,"column":17},"end":{"line":45,"column":25}},{"start":{"line":45,"column":29},"end":{"line":45,"column":43}}],"line":45},"7":{"loc":{"start":{"line":62,"column":44},"end":{"line":62,"column":54}},"type":"default-arg","locations":[{"start":{"line":62,"column":52},"end":{"line":62,"column":54}}],"line":62},"8":{"loc":{"start":{"line":64,"column":25},"end":{"line":64,"column":85}},"type":"cond-expr","locations":[{"start":{"line":64,"column":71},"end":{"line":64,"column":77}},{"start":{"line":64,"column":80},"end":{"line":64,"column":85}}],"line":64},"9":{"loc":{"start":{"line":64,"column":25},"end":{"line":64,"column":68}},"type":"binary-expr","locations":[{"start":{"line":64,"column":25},"end":{"line":64,"column":45}},{"start":{"line":64,"column":49},"end":{"line":64,"column":68}}],"line":64},"10":{"loc":{"start":{"line":72,"column":4},"end":{"line":88,"column":5}},"type":"if","locations":[{"start":{"line":72,"column":4},"end":{"line":88,"column":5}},{"start":{},"end":{}}],"line":72},"11":{"loc":{"start":{"line":75,"column":8},"end":{"line":84,"column":9}},"type":"if","locations":[{"start":{"line":75,"column":8},"end":{"line":84,"column":9}},{"start":{"line":80,"column":15},"end":{"line":84,"column":9}}],"line":75},"12":{"loc":{"start":{"line":75,"column":12},"end":{"line":75,"column":39}},"type":"binary-expr","locations":[{"start":{"line":75,"column":12},"end":{"line":75,"column":20}},{"start":{"line":75,"column":24},"end":{"line":75,"column":39}}],"line":75},"13":{"loc":{"start":{"line":80,"column":15},"end":{"line":84,"column":9}},"type":"if","locations":[{"start":{"line":80,"column":15},"end":{"line":84,"column":9}},{"start":{"line":82,"column":15},"end":{"line":84,"column":9}}],"line":80},"14":{"loc":{"start":{"line":80,"column":19},"end":{"line":80,"column":45}},"type":"binary-expr","locations":[{"start":{"line":80,"column":19},"end":{"line":80,"column":27}},{"start":{"line":80,"column":31},"end":{"line":80,"column":45}}],"line":80},"15":{"loc":{"start":{"line":121,"column":15},"end":{"line":123,"column":15}},"type":"binary-expr","locations":[{"start":{"line":121,"column":15},"end":{"line":121,"column":29}},{"start":{"line":122,"column":16},"end":{"line":122,"column":75}}],"line":121},"16":{"loc":{"start":{"line":137,"column":26},"end":{"line":137,"column":84}},"type":"binary-expr","locations":[{"start":{"line":137,"column":26},"end":{"line":137,"column":47}},{"start":{"line":137,"column":52},"end":{"line":137,"column":83}}],"line":137},"17":{"loc":{"start":{"line":137,"column":52},"end":{"line":137,"column":83}},"type":"cond-expr","locations":[{"start":{"line":137,"column":74},"end":{"line":137,"column":77}},{"start":{"line":137,"column":80},"end":{"line":137,"column":83}}],"line":137},"18":{"loc":{"start":{"line":140,"column":27},"end":{"line":140,"column":86}},"type":"binary-expr","locations":[{"start":{"line":140,"column":27},"end":{"line":140,"column":49}},{"start":{"line":140,"column":54},"end":{"line":140,"column":85}}],"line":140},"19":{"loc":{"start":{"line":140,"column":54},"end":{"line":140,"column":85}},"type":"cond-expr","locations":[{"start":{"line":140,"column":76},"end":{"line":140,"column":79}},{"start":{"line":140,"column":82},"end":{"line":140,"column":85}}],"line":140},"20":{"loc":{"start":{"line":143,"column":35},"end":{"line":143,"column":92}},"type":"binary-expr","locations":[{"start":{"line":143,"column":35},"end":{"line":143,"column":55}},{"start":{"line":143,"column":60},"end":{"line":143,"column":91}}],"line":143},"21":{"loc":{"start":{"line":143,"column":60},"end":{"line":143,"column":91}},"type":"cond-expr","locations":[{"start":{"line":143,"column":82},"end":{"line":143,"column":85}},{"start":{"line":143,"column":88},"end":{"line":143,"column":91}}],"line":143},"22":{"loc":{"start":{"line":146,"column":33},"end":{"line":146,"column":98}},"type":"binary-expr","locations":[{"start":{"line":146,"column":33},"end":{"line":146,"column":61}},{"start":{"line":146,"column":66},"end":{"line":146,"column":97}}],"line":146},"23":{"loc":{"start":{"line":146,"column":66},"end":{"line":146,"column":97}},"type":"cond-expr","locations":[{"start":{"line":146,"column":88},"end":{"line":146,"column":91}},{"start":{"line":146,"column":94},"end":{"line":146,"column":97}}],"line":146},"24":{"loc":{"start":{"line":149,"column":31},"end":{"line":149,"column":94}},"type":"binary-expr","locations":[{"start":{"line":149,"column":31},"end":{"line":149,"column":57}},{"start":{"line":149,"column":62},"end":{"line":149,"column":93}}],"line":149},"25":{"loc":{"start":{"line":149,"column":62},"end":{"line":149,"column":93}},"type":"cond-expr","locations":[{"start":{"line":149,"column":84},"end":{"line":149,"column":87}},{"start":{"line":149,"column":90},"end":{"line":149,"column":93}}],"line":149},"26":{"loc":{"start":{"line":163,"column":65},"end":{"line":163,"column":105}},"type":"cond-expr","locations":[{"start":{"line":163,"column":92},"end":{"line":163,"column":100}},{"start":{"line":163,"column":103},"end":{"line":163,"column":105}}],"line":163},"27":{"loc":{"start":{"line":192,"column":15},"end":{"line":228,"column":15}},"type":"binary-expr","locations":[{"start":{"line":192,"column":15},"end":{"line":192,"column":28}},{"start":{"line":193,"column":16},"end":{"line":227,"column":22}}],"line":192}},"s":{"0":1,"1":2,"2":2,"3":2,"4":2,"5":2,"6":2,"7":2,"8":2,"9":2,"10":2,"11":2,"12":2,"13":2,"14":1,"15":1,"16":0,"17":1,"18":1,"19":2,"20":1,"21":2,"22":2,"23":2,"24":2,"25":2,"26":2,"27":2,"28":0,"29":0,"30":0,"31":0,"32":2,"33":0,"34":0,"35":2,"36":0,"37":0,"38":0,"39":0,"40":2,"41":0,"42":0,"43":0,"44":0,"45":0,"46":0,"47":0,"48":0,"49":0,"50":0,"51":0,"52":0,"53":2,"54":2,"55":0,"56":0,"57":0,"58":2,"59":0,"60":0,"61":0,"62":0,"63":0,"64":0,"65":2,"66":0,"67":0,"68":0},"f":{"0":2,"1":1,"2":0,"3":1,"4":1,"5":2,"6":0,"7":0,"8":0,"9":2,"10":0,"11":0,"12":0,"13":0,"14":0,"15":0,"16":0,"17":0,"18":2,"19":0,"20":0,"21":0},"b":{"0":[2,0],"1":[1],"2":[2],"3":[2,0],"4":[2,2],"5":[0,0],"6":[0,0],"7":[0],"8":[0,0],"9":[0,0],"10":[0,0],"11":[0,0],"12":[0,0],"13":[0,0],"14":[0,0],"15":[2,0],"16":[2,2],"17":[2,0],"18":[2,0],"19":[0,0],"20":[2,0],"21":[0,0],"22":[2,0],"23":[0,0],"24":[2,0],"25":[0,0],"26":[2,0],"27":[2,0]},"_coverageSchema":"1a1c01bbd47fc00a2c39e90264f33305004495a9","hash":"b1377c7004ddf3649cf479798dd3484ff93223c9"}
,"D:\\reactpract\\v2solutions_react_boilerplate\\src\\components\\Pages\\AuthenticationPage.js": {"path":"D:\\reactpract\\v2solutions_react_boilerplate\\src\\components\\Pages\\AuthenticationPage.js","statementMap":{"0":{"start":{"line":9,"column":19},"end":{"line":9,"column":32}},"1":{"start":{"line":10,"column":30},"end":{"line":10,"column":70}},"2":{"start":{"line":10,"column":53},"end":{"line":10,"column":63}},"3":{"start":{"line":11,"column":36},"end":{"line":11,"column":50}},"4":{"start":{"line":12,"column":34},"end":{"line":12,"column":92}},"5":{"start":{"line":13,"column":19},"end":{"line":13,"column":32}},"6":{"start":{"line":14,"column":38},"end":{"line":14,"column":50}},"7":{"start":{"line":16,"column":20},"end":{"line":19,"column":3}},"8":{"start":{"line":17,"column":4},"end":{"line":17,"column":66}},"9":{"start":{"line":18,"column":4},"end":{"line":18,"column":22}},"10":{"start":{"line":21,"column":23},"end":{"line":46,"column":3}},"11":{"start":{"line":22,"column":19},"end":{"line":22,"column":21}},"12":{"start":{"line":23,"column":23},"end":{"line":23,"column":189}},"13":{"start":{"line":24,"column":4},"end":{"line":28,"column":5}},"14":{"start":{"line":25,"column":6},"end":{"line":25,"column":42}},"15":{"start":{"line":26,"column":11},"end":{"line":28,"column":5}},"16":{"start":{"line":27,"column":6},"end":{"line":27,"column":44}},"17":{"start":{"line":29,"column":26},"end":{"line":29,"column":42}},"18":{"start":{"line":31,"column":4},"end":{"line":36,"column":5}},"19":{"start":{"line":32,"column":6},"end":{"line":32,"column":48}},"20":{"start":{"line":33,"column":11},"end":{"line":36,"column":5}},"21":{"start":{"line":34,"column":6},"end":{"line":35,"column":124}},"22":{"start":{"line":37,"column":4},"end":{"line":39,"column":5}},"23":{"start":{"line":38,"column":6},"end":{"line":38,"column":41}},"24":{"start":{"line":40,"column":4},"end":{"line":42,"column":5}},"25":{"start":{"line":41,"column":6},"end":{"line":41,"column":47}},"26":{"start":{"line":44,"column":4},"end":{"line":44,"column":26}},"27":{"start":{"line":45,"column":4},"end":{"line":45,"column":44}},"28":{"start":{"line":48,"column":23},"end":{"line":73,"column":3}},"29":{"start":{"line":49,"column":4},"end":{"line":49,"column":23}},"30":{"start":{"line":50,"column":4},"end":{"line":72,"column":5}},"31":{"start":{"line":51,"column":48},"end":{"line":51,"column":56}},"32":{"start":{"line":52,"column":6},"end":{"line":71,"column":7}},"33":{"start":{"line":53,"column":28},"end":{"line":53,"column":66}},"34":{"start":{"line":54,"column":8},"end":{"line":57,"column":9}},"35":{"start":{"line":55,"column":10},"end":{"line":55,"column":64}},"36":{"start":{"line":56,"column":10},"end":{"line":56,"column":27}},"37":{"start":{"line":60,"column":29},"end":{"line":60,"column":85}},"38":{"start":{"line":62,"column":8},"end":{"line":68,"column":9}},"39":{"start":{"line":63,"column":10},"end":{"line":63,"column":46}},"40":{"start":{"line":64,"column":10},"end":{"line":64,"column":99}},"41":{"start":{"line":65,"column":10},"end":{"line":65,"column":27}},"42":{"start":{"line":75,"column":28},"end":{"line":79,"column":3}},"43":{"start":{"line":76,"column":28},"end":{"line":76,"column":36}},"44":{"start":{"line":77,"column":4},"end":{"line":77,"column":48}},"45":{"start":{"line":78,"column":4},"end":{"line":78,"column":49}},"46":{"start":{"line":82,"column":27},"end":{"line":85,"column":3}},"47":{"start":{"line":83,"column":4},"end":{"line":83,"column":23}},"48":{"start":{"line":84,"column":4},"end":{"line":84,"column":16}},"49":{"start":{"line":87,"column":2},"end":{"line":196,"column":4}},"50":{"start":{"line":122,"column":24},"end":{"line":137,"column":30}},"51":{"start":{"line":174,"column":70},"end":{"line":174,"column":98}}},"fnMap":{"0":{"name":"AuthenticationPage","decl":{"start":{"line":8,"column":9},"end":{"line":8,"column":27}},"loc":{"start":{"line":8,"column":30},"end":{"line":197,"column":1}},"line":8},"1":{"name":"(anonymous_1)","decl":{"start":{"line":10,"column":42},"end":{"line":10,"column":43}},"loc":{"start":{"line":10,"column":53},"end":{"line":10,"column":63}},"line":10},"2":{"name":"(anonymous_2)","decl":{"start":{"line":16,"column":20},"end":{"line":16,"column":21}},"loc":{"start":{"line":16,"column":26},"end":{"line":19,"column":3}},"line":16},"3":{"name":"(anonymous_3)","decl":{"start":{"line":21,"column":23},"end":{"line":21,"column":24}},"loc":{"start":{"line":21,"column":29},"end":{"line":46,"column":3}},"line":21},"4":{"name":"(anonymous_4)","decl":{"start":{"line":48,"column":23},"end":{"line":48,"column":24}},"loc":{"start":{"line":48,"column":36},"end":{"line":73,"column":3}},"line":48},"5":{"name":"(anonymous_5)","decl":{"start":{"line":75,"column":28},"end":{"line":75,"column":29}},"loc":{"start":{"line":75,"column":35},"end":{"line":79,"column":3}},"line":75},"6":{"name":"(anonymous_6)","decl":{"start":{"line":82,"column":27},"end":{"line":82,"column":28}},"loc":{"start":{"line":82,"column":37},"end":{"line":85,"column":3}},"line":82},"7":{"name":"(anonymous_7)","decl":{"start":{"line":121,"column":49},"end":{"line":121,"column":50}},"loc":{"start":{"line":122,"column":24},"end":{"line":137,"column":30}},"line":122},"8":{"name":"(anonymous_8)","decl":{"start":{"line":174,"column":64},"end":{"line":174,"column":65}},"loc":{"start":{"line":174,"column":70},"end":{"line":174,"column":98}},"line":174}},"branchMap":{"0":{"loc":{"start":{"line":10,"column":30},"end":{"line":10,"column":70}},"type":"binary-expr","locations":[{"start":{"line":10,"column":30},"end":{"line":10,"column":64}},{"start":{"line":10,"column":68},"end":{"line":10,"column":70}}],"line":10},"1":{"loc":{"start":{"line":24,"column":4},"end":{"line":28,"column":5}},"type":"if","locations":[{"start":{"line":24,"column":4},"end":{"line":28,"column":5}},{"start":{"line":26,"column":11},"end":{"line":28,"column":5}}],"line":24},"2":{"loc":{"start":{"line":26,"column":11},"end":{"line":28,"column":5}},"type":"if","locations":[{"start":{"line":26,"column":11},"end":{"line":28,"column":5}},{"start":{},"end":{}}],"line":26},"3":{"loc":{"start":{"line":31,"column":4},"end":{"line":36,"column":5}},"type":"if","locations":[{"start":{"line":31,"column":4},"end":{"line":36,"column":5}},{"start":{"line":33,"column":11},"end":{"line":36,"column":5}}],"line":31},"4":{"loc":{"start":{"line":33,"column":11},"end":{"line":36,"column":5}},"type":"if","locations":[{"start":{"line":33,"column":11},"end":{"line":36,"column":5}},{"start":{},"end":{}}],"line":33},"5":{"loc":{"start":{"line":37,"column":4},"end":{"line":39,"column":5}},"type":"if","locations":[{"start":{"line":37,"column":4},"end":{"line":39,"column":5}},{"start":{},"end":{}}],"line":37},"6":{"loc":{"start":{"line":37,"column":8},"end":{"line":37,"column":36}},"type":"binary-expr","locations":[{"start":{"line":37,"column":8},"end":{"line":37,"column":18}},{"start":{"line":37,"column":22},"end":{"line":37,"column":36}}],"line":37},"7":{"loc":{"start":{"line":40,"column":4},"end":{"line":42,"column":5}},"type":"if","locations":[{"start":{"line":40,"column":4},"end":{"line":42,"column":5}},{"start":{},"end":{}}],"line":40},"8":{"loc":{"start":{"line":40,"column":8},"end":{"line":40,"column":39}},"type":"binary-expr","locations":[{"start":{"line":40,"column":8},"end":{"line":40,"column":18}},{"start":{"line":40,"column":22},"end":{"line":40,"column":39}}],"line":40},"9":{"loc":{"start":{"line":50,"column":4},"end":{"line":72,"column":5}},"type":"if","locations":[{"start":{"line":50,"column":4},"end":{"line":72,"column":5}},{"start":{},"end":{}}],"line":50},"10":{"loc":{"start":{"line":52,"column":6},"end":{"line":71,"column":7}},"type":"if","locations":[{"start":{"line":52,"column":6},"end":{"line":71,"column":7}},{"start":{"line":59,"column":13},"end":{"line":71,"column":7}}],"line":52},"11":{"loc":{"start":{"line":54,"column":8},"end":{"line":57,"column":9}},"type":"if","locations":[{"start":{"line":54,"column":8},"end":{"line":57,"column":9}},{"start":{},"end":{}}],"line":54},"12":{"loc":{"start":{"line":54,"column":12},"end":{"line":54,"column":46}},"type":"binary-expr","locations":[{"start":{"line":54,"column":12},"end":{"line":54,"column":23}},{"start":{"line":54,"column":27},"end":{"line":54,"column":46}}],"line":54},"13":{"loc":{"start":{"line":62,"column":8},"end":{"line":68,"column":9}},"type":"if","locations":[{"start":{"line":62,"column":8},"end":{"line":68,"column":9}},{"start":{"line":66,"column":13},"end":{"line":68,"column":9}}],"line":62},"14":{"loc":{"start":{"line":62,"column":12},"end":{"line":62,"column":57}},"type":"binary-expr","locations":[{"start":{"line":62,"column":12},"end":{"line":62,"column":31}},{"start":{"line":62,"column":35},"end":{"line":62,"column":57}}],"line":62},"15":{"loc":{"start":{"line":93,"column":11},"end":{"line":189,"column":11}},"type":"cond-expr","locations":[{"start":{"line":94,"column":12},"end":{"line":186,"column":18}},{"start":{"line":188,"column":12},"end":{"line":188,"column":82}}],"line":93},"16":{"loc":{"start":{"line":98,"column":64},"end":{"line":98,"column":95}},"type":"cond-expr","locations":[{"start":{"line":98,"column":76},"end":{"line":98,"column":83}},{"start":{"line":98,"column":86},"end":{"line":98,"column":95}}],"line":98},"17":{"loc":{"start":{"line":101,"column":23},"end":{"line":101,"column":82}},"type":"binary-expr","locations":[{"start":{"line":101,"column":23},"end":{"line":101,"column":28}},{"start":{"line":101,"column":32},"end":{"line":101,"column":82}}],"line":101},"18":{"loc":{"start":{"line":102,"column":23},"end":{"line":119,"column":23}},"type":"binary-expr","locations":[{"start":{"line":102,"column":23},"end":{"line":102,"column":33}},{"start":{"line":103,"column":24},"end":{"line":118,"column":30}}],"line":102},"19":{"loc":{"start":{"line":109,"column":55},"end":{"line":109,"column":86}},"type":"binary-expr","locations":[{"start":{"line":109,"column":55},"end":{"line":109,"column":70}},{"start":{"line":109,"column":74},"end":{"line":109,"column":86}}],"line":109},"20":{"loc":{"start":{"line":115,"column":62},"end":{"line":115,"column":94}},"type":"cond-expr","locations":[{"start":{"line":115,"column":80},"end":{"line":115,"column":89}},{"start":{"line":115,"column":92},"end":{"line":115,"column":94}}],"line":115},"21":{"loc":{"start":{"line":127,"column":34},"end":{"line":127,"column":76}},"type":"cond-expr","locations":[{"start":{"line":127,"column":57},"end":{"line":127,"column":67}},{"start":{"line":127,"column":70},"end":{"line":127,"column":76}}],"line":127},"22":{"loc":{"start":{"line":128,"column":55},"end":{"line":128,"column":88}},"type":"binary-expr","locations":[{"start":{"line":128,"column":55},"end":{"line":128,"column":72}},{"start":{"line":128,"column":76},"end":{"line":128,"column":88}}],"line":128},"23":{"loc":{"start":{"line":134,"column":62},"end":{"line":134,"column":96}},"type":"cond-expr","locations":[{"start":{"line":134,"column":82},"end":{"line":134,"column":91}},{"start":{"line":134,"column":94},"end":{"line":134,"column":96}}],"line":134},"24":{"loc":{"start":{"line":140,"column":23},"end":{"line":162,"column":23}},"type":"binary-expr","locations":[{"start":{"line":140,"column":23},"end":{"line":140,"column":33}},{"start":{"line":141,"column":24},"end":{"line":160,"column":28}}],"line":140},"25":{"loc":{"start":{"line":146,"column":52},"end":{"line":146,"column":86}},"type":"binary-expr","locations":[{"start":{"line":146,"column":52},"end":{"line":146,"column":70}},{"start":{"line":146,"column":74},"end":{"line":146,"column":86}}],"line":146},"26":{"loc":{"start":{"line":157,"column":60},"end":{"line":157,"column":95}},"type":"cond-expr","locations":[{"start":{"line":157,"column":81},"end":{"line":157,"column":90}},{"start":{"line":157,"column":93},"end":{"line":157,"column":95}}],"line":157},"27":{"loc":{"start":{"line":167,"column":25},"end":{"line":167,"column":56}},"type":"cond-expr","locations":[{"start":{"line":167,"column":37},"end":{"line":167,"column":44}},{"start":{"line":167,"column":47},"end":{"line":167,"column":56}}],"line":167},"28":{"loc":{"start":{"line":172,"column":23},"end":{"line":172,"column":90}},"type":"cond-expr","locations":[{"start":{"line":172,"column":35},"end":{"line":172,"column":60}},{"start":{"line":172,"column":63},"end":{"line":172,"column":90}}],"line":172},"29":{"loc":{"start":{"line":175,"column":27},"end":{"line":175,"column":58}},"type":"cond-expr","locations":[{"start":{"line":175,"column":39},"end":{"line":175,"column":48}},{"start":{"line":175,"column":51},"end":{"line":175,"column":58}}],"line":175}},"s":{"0":3,"1":3,"2":5,"3":3,"4":3,"5":3,"6":3,"7":3,"8":1,"9":1,"10":3,"11":0,"12":0,"13":0,"14":0,"15":0,"16":0,"17":0,"18":0,"19":0,"20":0,"21":0,"22":0,"23":0,"24":0,"25":0,"26":0,"27":0,"28":3,"29":0,"30":0,"31":0,"32":0,"33":0,"34":0,"35":0,"36":0,"37":0,"38":0,"39":0,"40":0,"41":0,"42":3,"43":0,"44":0,"45":0,"46":3,"47":1,"48":1,"49":3,"50":6,"51":1},"f":{"0":3,"1":5,"2":1,"3":0,"4":0,"5":0,"6":1,"7":6,"8":1},"b":{"0":[3,0],"1":[0,0],"2":[0,0],"3":[0,0],"4":[0,0],"5":[0,0],"6":[0,0],"7":[0,0],"8":[0,0],"9":[0,0],"10":[0,0],"11":[0,0],"12":[0,0],"13":[0,0],"14":[0,0],"15":[3,0],"16":[2,1],"17":[3,0],"18":[3,1],"19":[1,0],"20":[0,1],"21":[3,3],"22":[6,0],"23":[0,6],"24":[3,1],"25":[1,0],"26":[0,1],"27":[2,1],"28":[2,1],"29":[2,1]},"_coverageSchema":"1a1c01bbd47fc00a2c39e90264f33305004495a9","hash":"a3f53047431f19a187fc46d33f8ea9ad15503418"}
,"D:\\reactpract\\v2solutions_react_boilerplate\\src\\components\\Pages\\EmployeeFormPage.js": {"path":"D:\\reactpract\\v2solutions_react_boilerplate\\src\\components\\Pages\\EmployeeFormPage.js","statementMap":{"0":{"start":{"line":7,"column":2},"end":{"line":23,"column":4}}},"fnMap":{"0":{"name":"EmployeeFormPage","decl":{"start":{"line":6,"column":9},"end":{"line":6,"column":25}},"loc":{"start":{"line":6,"column":28},"end":{"line":24,"column":1}},"line":6}},"branchMap":{},"s":{"0":0},"f":{"0":0},"b":{}}
,"D:\\reactpract\\v2solutions_react_boilerplate\\src\\components\\Pages\\EmployeeListPage.js": {"path":"D:\\reactpract\\v2solutions_react_boilerplate\\src\\components\\Pages\\EmployeeListPage.js","statementMap":{"0":{"start":{"line":10,"column":2},"end":{"line":31,"column":4}}},"fnMap":{"0":{"name":"EmployeeListPage","decl":{"start":{"line":9,"column":9},"end":{"line":9,"column":25}},"loc":{"start":{"line":9,"column":28},"end":{"line":32,"column":1}},"line":9}},"branchMap":{},"s":{"0":0},"f":{"0":0},"b":{}}
,"D:\\reactpract\\v2solutions_react_boilerplate\\src\\components\\Pages\\ErrorPage.js": {"path":"D:\\reactpract\\v2solutions_react_boilerplate\\src\\components\\Pages\\ErrorPage.js","statementMap":{"0":{"start":{"line":6,"column":16},"end":{"line":6,"column":31}},"1":{"start":{"line":8,"column":14},"end":{"line":8,"column":34}},"2":{"start":{"line":9,"column":16},"end":{"line":9,"column":39}},"3":{"start":{"line":11,"column":2},"end":{"line":13,"column":3}},"4":{"start":{"line":12,"column":4},"end":{"line":12,"column":33}},"5":{"start":{"line":15,"column":2},"end":{"line":18,"column":3}},"6":{"start":{"line":16,"column":4},"end":{"line":16,"column":25}},"7":{"start":{"line":17,"column":4},"end":{"line":17,"column":49}},"8":{"start":{"line":20,"column":2},"end":{"line":25,"column":4}}},"fnMap":{"0":{"name":"ErrorPage","decl":{"start":{"line":5,"column":9},"end":{"line":5,"column":18}},"loc":{"start":{"line":5,"column":21},"end":{"line":26,"column":1}},"line":5}},"branchMap":{"0":{"loc":{"start":{"line":11,"column":2},"end":{"line":13,"column":3}},"type":"if","locations":[{"start":{"line":11,"column":2},"end":{"line":13,"column":3}},{"start":{},"end":{}}],"line":11},"1":{"loc":{"start":{"line":15,"column":2},"end":{"line":18,"column":3}},"type":"if","locations":[{"start":{"line":15,"column":2},"end":{"line":18,"column":3}},{"start":{},"end":{}}],"line":15}},"s":{"0":0,"1":0,"2":0,"3":0,"4":0,"5":0,"6":0,"7":0,"8":0},"f":{"0":0},"b":{"0":[0,0],"1":[0,0]}}
,"D:\\reactpract\\v2solutions_react_boilerplate\\src\\components\\Pages\\ForgetPassword.js": {"path":"D:\\reactpract\\v2solutions_react_boilerplate\\src\\components\\Pages\\ForgetPassword.js","statementMap":{"0":{"start":{"line":10,"column":19},"end":{"line":10,"column":32}},"1":{"start":{"line":11,"column":28},"end":{"line":11,"column":40}},"2":{"start":{"line":12,"column":16},"end":{"line":12,"column":54}},"3":{"start":{"line":12,"column":37},"end":{"line":12,"column":53}},"4":{"start":{"line":13,"column":18},"end":{"line":13,"column":58}},"5":{"start":{"line":13,"column":39},"end":{"line":13,"column":57}},"6":{"start":{"line":14,"column":38},"end":{"line":14,"column":50}},"7":{"start":{"line":15,"column":19},"end":{"line":15,"column":32}},"8":{"start":{"line":16,"column":31},"end":{"line":28,"column":3}},"9":{"start":{"line":17,"column":4},"end":{"line":17,"column":23}},"10":{"start":{"line":18,"column":4},"end":{"line":25,"column":5}},"11":{"start":{"line":19,"column":17},"end":{"line":19,"column":56}},"12":{"start":{"line":20,"column":6},"end":{"line":20,"column":18}},"13":{"start":{"line":21,"column":6},"end":{"line":23,"column":7}},"14":{"start":{"line":22,"column":8},"end":{"line":22,"column":36}},"15":{"start":{"line":30,"column":23},"end":{"line":42,"column":3}},"16":{"start":{"line":31,"column":19},"end":{"line":31,"column":21}},"17":{"start":{"line":34,"column":23},"end":{"line":34,"column":51}},"18":{"start":{"line":35,"column":4},"end":{"line":39,"column":5}},"19":{"start":{"line":36,"column":6},"end":{"line":36,"column":41}},"20":{"start":{"line":37,"column":11},"end":{"line":39,"column":5}},"21":{"start":{"line":38,"column":6},"end":{"line":38,"column":44}},"22":{"start":{"line":40,"column":4},"end":{"line":40,"column":26}},"23":{"start":{"line":41,"column":4},"end":{"line":41,"column":44}},"24":{"start":{"line":44,"column":28},"end":{"line":46,"column":3}},"25":{"start":{"line":45,"column":4},"end":{"line":45,"column":29}},"26":{"start":{"line":48,"column":2},"end":{"line":91,"column":4}}},"fnMap":{"0":{"name":"ForgetPasswordComponent","decl":{"start":{"line":9,"column":9},"end":{"line":9,"column":32}},"loc":{"start":{"line":9,"column":35},"end":{"line":92,"column":1}},"line":9},"1":{"name":"(anonymous_1)","decl":{"start":{"line":12,"column":28},"end":{"line":12,"column":29}},"loc":{"start":{"line":12,"column":37},"end":{"line":12,"column":53}},"line":12},"2":{"name":"(anonymous_2)","decl":{"start":{"line":13,"column":30},"end":{"line":13,"column":31}},"loc":{"start":{"line":13,"column":39},"end":{"line":13,"column":57}},"line":13},"3":{"name":"(anonymous_3)","decl":{"start":{"line":16,"column":31},"end":{"line":16,"column":32}},"loc":{"start":{"line":16,"column":44},"end":{"line":28,"column":3}},"line":16},"4":{"name":"(anonymous_4)","decl":{"start":{"line":30,"column":23},"end":{"line":30,"column":24}},"loc":{"start":{"line":30,"column":29},"end":{"line":42,"column":3}},"line":30},"5":{"name":"(anonymous_5)","decl":{"start":{"line":44,"column":28},"end":{"line":44,"column":29}},"loc":{"start":{"line":44,"column":35},"end":{"line":46,"column":3}},"line":44}},"branchMap":{"0":{"loc":{"start":{"line":18,"column":4},"end":{"line":25,"column":5}},"type":"if","locations":[{"start":{"line":18,"column":4},"end":{"line":25,"column":5}},{"start":{},"end":{}}],"line":18},"1":{"loc":{"start":{"line":21,"column":6},"end":{"line":23,"column":7}},"type":"if","locations":[{"start":{"line":21,"column":6},"end":{"line":23,"column":7}},{"start":{},"end":{}}],"line":21},"2":{"loc":{"start":{"line":35,"column":4},"end":{"line":39,"column":5}},"type":"if","locations":[{"start":{"line":35,"column":4},"end":{"line":39,"column":5}},{"start":{"line":37,"column":11},"end":{"line":39,"column":5}}],"line":35},"3":{"loc":{"start":{"line":37,"column":11},"end":{"line":39,"column":5}},"type":"if","locations":[{"start":{"line":37,"column":11},"end":{"line":39,"column":5}},{"start":{},"end":{}}],"line":37},"4":{"loc":{"start":{"line":59,"column":21},"end":{"line":59,"column":80}},"type":"binary-expr","locations":[{"start":{"line":59,"column":21},"end":{"line":59,"column":26}},{"start":{"line":59,"column":30},"end":{"line":59,"column":80}}],"line":59},"5":{"loc":{"start":{"line":60,"column":21},"end":{"line":60,"column":85}},"type":"binary-expr","locations":[{"start":{"line":60,"column":21},"end":{"line":60,"column":28}},{"start":{"line":60,"column":32},"end":{"line":60,"column":85}}],"line":60},"6":{"loc":{"start":{"line":67,"column":53},"end":{"line":67,"column":85}},"type":"binary-expr","locations":[{"start":{"line":67,"column":53},"end":{"line":67,"column":69}},{"start":{"line":67,"column":73},"end":{"line":67,"column":85}}],"line":67},"7":{"loc":{"start":{"line":74,"column":60},"end":{"line":74,"column":93}},"type":"cond-expr","locations":[{"start":{"line":74,"column":79},"end":{"line":74,"column":88}},{"start":{"line":74,"column":91},"end":{"line":74,"column":93}}],"line":74}},"s":{"0":3,"1":3,"2":3,"3":4,"4":3,"5":4,"6":3,"7":3,"8":3,"9":1,"10":1,"11":1,"12":0,"13":0,"14":0,"15":3,"16":1,"17":1,"18":1,"19":0,"20":1,"21":0,"22":1,"23":1,"24":3,"25":1,"26":3},"f":{"0":3,"1":4,"2":4,"3":1,"4":1,"5":1},"b":{"0":[1,0],"1":[0,0],"2":[0,1],"3":[0,1],"4":[3,0],"5":[3,0],"6":[3,0],"7":[0,3]},"_coverageSchema":"1a1c01bbd47fc00a2c39e90264f33305004495a9","hash":"893ad5701e7f965e0a5520ad7a35fe3c5832aee7"}
,"D:\\reactpract\\v2solutions_react_boilerplate\\src\\components\\Pages\\HomePage.js": {"path":"D:\\reactpract\\v2solutions_react_boilerplate\\src\\components\\Pages\\HomePage.js","statementMap":{"0":{"start":{"line":7,"column":23},"end":{"line":7,"column":63}},"1":{"start":{"line":7,"column":46},"end":{"line":7,"column":56}},"2":{"start":{"line":9,"column":2},"end":{"line":39,"column":4}}},"fnMap":{"0":{"name":"HomePage","decl":{"start":{"line":6,"column":9},"end":{"line":6,"column":17}},"loc":{"start":{"line":6,"column":20},"end":{"line":40,"column":1}},"line":6},"1":{"name":"(anonymous_1)","decl":{"start":{"line":7,"column":35},"end":{"line":7,"column":36}},"loc":{"start":{"line":7,"column":46},"end":{"line":7,"column":56}},"line":7}},"branchMap":{"0":{"loc":{"start":{"line":7,"column":23},"end":{"line":7,"column":63}},"type":"binary-expr","locations":[{"start":{"line":7,"column":23},"end":{"line":7,"column":57}},{"start":{"line":7,"column":61},"end":{"line":7,"column":63}}],"line":7},"1":{"loc":{"start":{"line":20,"column":19},"end":{"line":28,"column":19}},"type":"cond-expr","locations":[{"start":{"line":21,"column":21},"end":{"line":23,"column":26}},{"start":{"line":25,"column":20},"end":{"line":27,"column":24}}],"line":20}},"s":{"0":0,"1":0,"2":0},"f":{"0":0,"1":0},"b":{"0":[0,0],"1":[0,0]}}
,"D:\\reactpract\\v2solutions_react_boilerplate\\src\\components\\Pages\\MFAPage.js": {"path":"D:\\reactpract\\v2solutions_react_boilerplate\\src\\components\\Pages\\MFAPage.js","statementMap":{"0":{"start":{"line":10,"column":19},"end":{"line":10,"column":32}},"1":{"start":{"line":11,"column":21},"end":{"line":11,"column":66}},"2":{"start":{"line":11,"column":44},"end":{"line":11,"column":65}},"3":{"start":{"line":12,"column":16},"end":{"line":12,"column":62}},"4":{"start":{"line":12,"column":39},"end":{"line":12,"column":55}},"5":{"start":{"line":13,"column":19},"end":{"line":13,"column":32}},"6":{"start":{"line":14,"column":32},"end":{"line":14,"column":44}},"7":{"start":{"line":15,"column":28},"end":{"line":15,"column":40}},"8":{"start":{"line":19,"column":32},"end":{"line":29,"column":3}},"9":{"start":{"line":20,"column":4},"end":{"line":20,"column":23}},"10":{"start":{"line":21,"column":34},"end":{"line":21,"column":74}},"11":{"start":{"line":23,"column":4},"end":{"line":28,"column":5}},"12":{"start":{"line":24,"column":6},"end":{"line":24,"column":49}},"13":{"start":{"line":25,"column":6},"end":{"line":25,"column":20}},"14":{"start":{"line":27,"column":6},"end":{"line":27,"column":61}},"15":{"start":{"line":31,"column":2},"end":{"line":69,"column":4}},"16":{"start":{"line":52,"column":39},"end":{"line":52,"column":65}}},"fnMap":{"0":{"name":"MFAPage","decl":{"start":{"line":9,"column":9},"end":{"line":9,"column":16}},"loc":{"start":{"line":9,"column":19},"end":{"line":70,"column":1}},"line":9},"1":{"name":"(anonymous_1)","decl":{"start":{"line":11,"column":33},"end":{"line":11,"column":34}},"loc":{"start":{"line":11,"column":44},"end":{"line":11,"column":65}},"line":11},"2":{"name":"(anonymous_2)","decl":{"start":{"line":12,"column":28},"end":{"line":12,"column":29}},"loc":{"start":{"line":12,"column":39},"end":{"line":12,"column":55}},"line":12},"3":{"name":"(anonymous_3)","decl":{"start":{"line":19,"column":32},"end":{"line":19,"column":33}},"loc":{"start":{"line":19,"column":45},"end":{"line":29,"column":3}},"line":19},"4":{"name":"(anonymous_4)","decl":{"start":{"line":52,"column":32},"end":{"line":52,"column":33}},"loc":{"start":{"line":52,"column":39},"end":{"line":52,"column":65}},"line":52}},"branchMap":{"0":{"loc":{"start":{"line":12,"column":16},"end":{"line":12,"column":62}},"type":"binary-expr","locations":[{"start":{"line":12,"column":16},"end":{"line":12,"column":56}},{"start":{"line":12,"column":60},"end":{"line":12,"column":62}}],"line":12},"1":{"loc":{"start":{"line":23,"column":4},"end":{"line":28,"column":5}},"type":"if","locations":[{"start":{"line":23,"column":4},"end":{"line":28,"column":5}},{"start":{"line":26,"column":11},"end":{"line":28,"column":5}}],"line":23},"2":{"loc":{"start":{"line":23,"column":8},"end":{"line":23,"column":62}},"type":"binary-expr","locations":[{"start":{"line":23,"column":8},"end":{"line":23,"column":29}},{"start":{"line":23,"column":33},"end":{"line":23,"column":62}}],"line":23},"3":{"loc":{"start":{"line":42,"column":19},"end":{"line":44,"column":19}},"type":"binary-expr","locations":[{"start":{"line":42,"column":19},"end":{"line":42,"column":29}},{"start":{"line":43,"column":20},"end":{"line":43,"column":58}}],"line":42},"4":{"loc":{"start":{"line":54,"column":21},"end":{"line":54,"column":68}},"type":"binary-expr","locations":[{"start":{"line":54,"column":21},"end":{"line":54,"column":26}},{"start":{"line":54,"column":30},"end":{"line":54,"column":68}}],"line":54}},"s":{"0":0,"1":0,"2":0,"3":0,"4":0,"5":0,"6":0,"7":0,"8":0,"9":0,"10":0,"11":0,"12":0,"13":0,"14":0,"15":0,"16":0},"f":{"0":0,"1":0,"2":0,"3":0,"4":0},"b":{"0":[0,0],"1":[0,0],"2":[0,0],"3":[0,0],"4":[0,0]}}
,"D:\\reactpract\\v2solutions_react_boilerplate\\src\\components\\Pages\\ResetPassword.js": {"path":"D:\\reactpract\\v2solutions_react_boilerplate\\src\\components\\Pages\\ResetPassword.js","statementMap":{"0":{"start":{"line":8,"column":19},"end":{"line":8,"column":32}},"1":{"start":{"line":9,"column":20},"end":{"line":9,"column":31}},"2":{"start":{"line":10,"column":34},"end":{"line":10,"column":46}},"3":{"start":{"line":11,"column":48},"end":{"line":11,"column":60}},"4":{"start":{"line":12,"column":24},"end":{"line":12,"column":36}},"5":{"start":{"line":13,"column":38},"end":{"line":13,"column":50}},"6":{"start":{"line":15,"column":2},"end":{"line":20,"column":14}},"7":{"start":{"line":17,"column":4},"end":{"line":19,"column":5}},"8":{"start":{"line":18,"column":6},"end":{"line":18,"column":17}},"9":{"start":{"line":22,"column":16},"end":{"line":22,"column":54}},"10":{"start":{"line":22,"column":37},"end":{"line":22,"column":53}},"11":{"start":{"line":23,"column":18},"end":{"line":23,"column":58}},"12":{"start":{"line":23,"column":39},"end":{"line":23,"column":57}},"13":{"start":{"line":25,"column":30},"end":{"line":30,"column":3}},"14":{"start":{"line":26,"column":4},"end":{"line":26,"column":23}},"15":{"start":{"line":27,"column":4},"end":{"line":29,"column":5}},"16":{"start":{"line":28,"column":6},"end":{"line":28,"column":74}},"17":{"start":{"line":32,"column":23},"end":{"line":56,"column":3}},"18":{"start":{"line":33,"column":19},"end":{"line":33,"column":21}},"19":{"start":{"line":36,"column":4},"end":{"line":38,"column":5}},"20":{"start":{"line":37,"column":6},"end":{"line":37,"column":37}},"21":{"start":{"line":40,"column":26},"end":{"line":40,"column":65}},"22":{"start":{"line":41,"column":4},"end":{"line":45,"column":5}},"23":{"start":{"line":42,"column":6},"end":{"line":42,"column":47}},"24":{"start":{"line":43,"column":11},"end":{"line":45,"column":5}},"25":{"start":{"line":44,"column":6},"end":{"line":44,"column":140}},"26":{"start":{"line":47,"column":4},"end":{"line":49,"column":5}},"27":{"start":{"line":48,"column":6},"end":{"line":48,"column":62}},"28":{"start":{"line":50,"column":4},"end":{"line":52,"column":5}},"29":{"start":{"line":51,"column":6},"end":{"line":51,"column":65}},"30":{"start":{"line":54,"column":4},"end":{"line":54,"column":26}},"31":{"start":{"line":55,"column":4},"end":{"line":55,"column":44}},"32":{"start":{"line":58,"column":28},"end":{"line":67,"column":3}},"33":{"start":{"line":59,"column":28},"end":{"line":59,"column":36}},"34":{"start":{"line":60,"column":4},"end":{"line":66,"column":5}},"35":{"start":{"line":61,"column":6},"end":{"line":61,"column":25}},"36":{"start":{"line":62,"column":11},"end":{"line":66,"column":5}},"37":{"start":{"line":63,"column":6},"end":{"line":63,"column":32}},"38":{"start":{"line":64,"column":11},"end":{"line":66,"column":5}},"39":{"start":{"line":65,"column":6},"end":{"line":65,"column":20}},"40":{"start":{"line":69,"column":2},"end":{"line":140,"column":4}}},"fnMap":{"0":{"name":"ResetPassword","decl":{"start":{"line":7,"column":9},"end":{"line":7,"column":22}},"loc":{"start":{"line":7,"column":25},"end":{"line":141,"column":1}},"line":7},"1":{"name":"(anonymous_1)","decl":{"start":{"line":15,"column":12},"end":{"line":15,"column":13}},"loc":{"start":{"line":15,"column":18},"end":{"line":20,"column":3}},"line":15},"2":{"name":"(anonymous_2)","decl":{"start":{"line":22,"column":28},"end":{"line":22,"column":29}},"loc":{"start":{"line":22,"column":37},"end":{"line":22,"column":53}},"line":22},"3":{"name":"(anonymous_3)","decl":{"start":{"line":23,"column":30},"end":{"line":23,"column":31}},"loc":{"start":{"line":23,"column":39},"end":{"line":23,"column":57}},"line":23},"4":{"name":"(anonymous_4)","decl":{"start":{"line":25,"column":30},"end":{"line":25,"column":31}},"loc":{"start":{"line":25,"column":43},"end":{"line":30,"column":3}},"line":25},"5":{"name":"(anonymous_5)","decl":{"start":{"line":32,"column":23},"end":{"line":32,"column":24}},"loc":{"start":{"line":32,"column":29},"end":{"line":56,"column":3}},"line":32},"6":{"name":"(anonymous_6)","decl":{"start":{"line":58,"column":28},"end":{"line":58,"column":29}},"loc":{"start":{"line":58,"column":35},"end":{"line":67,"column":3}},"line":58}},"branchMap":{"0":{"loc":{"start":{"line":17,"column":4},"end":{"line":19,"column":5}},"type":"if","locations":[{"start":{"line":17,"column":4},"end":{"line":19,"column":5}},{"start":{},"end":{}}],"line":17},"1":{"loc":{"start":{"line":27,"column":4},"end":{"line":29,"column":5}},"type":"if","locations":[{"start":{"line":27,"column":4},"end":{"line":29,"column":5}},{"start":{},"end":{}}],"line":27},"2":{"loc":{"start":{"line":36,"column":4},"end":{"line":38,"column":5}},"type":"if","locations":[{"start":{"line":36,"column":4},"end":{"line":38,"column":5}},{"start":{},"end":{}}],"line":36},"3":{"loc":{"start":{"line":36,"column":8},"end":{"line":36,"column":22}},"type":"binary-expr","locations":[{"start":{"line":36,"column":8},"end":{"line":36,"column":14}},{"start":{"line":36,"column":18},"end":{"line":36,"column":22}}],"line":36},"4":{"loc":{"start":{"line":41,"column":4},"end":{"line":45,"column":5}},"type":"if","locations":[{"start":{"line":41,"column":4},"end":{"line":45,"column":5}},{"start":{"line":43,"column":11},"end":{"line":45,"column":5}}],"line":41},"5":{"loc":{"start":{"line":43,"column":11},"end":{"line":45,"column":5}},"type":"if","locations":[{"start":{"line":43,"column":11},"end":{"line":45,"column":5}},{"start":{},"end":{}}],"line":43},"6":{"loc":{"start":{"line":47,"column":4},"end":{"line":49,"column":5}},"type":"if","locations":[{"start":{"line":47,"column":4},"end":{"line":49,"column":5}},{"start":{},"end":{}}],"line":47},"7":{"loc":{"start":{"line":50,"column":4},"end":{"line":52,"column":5}},"type":"if","locations":[{"start":{"line":50,"column":4},"end":{"line":52,"column":5}},{"start":{},"end":{}}],"line":50},"8":{"loc":{"start":{"line":60,"column":4},"end":{"line":66,"column":5}},"type":"if","locations":[{"start":{"line":60,"column":4},"end":{"line":66,"column":5}},{"start":{"line":62,"column":11},"end":{"line":66,"column":5}}],"line":60},"9":{"loc":{"start":{"line":62,"column":11},"end":{"line":66,"column":5}},"type":"if","locations":[{"start":{"line":62,"column":11},"end":{"line":66,"column":5}},{"start":{"line":64,"column":11},"end":{"line":66,"column":5}}],"line":62},"10":{"loc":{"start":{"line":64,"column":11},"end":{"line":66,"column":5}},"type":"if","locations":[{"start":{"line":64,"column":11},"end":{"line":66,"column":5}},{"start":{},"end":{}}],"line":64},"11":{"loc":{"start":{"line":81,"column":21},"end":{"line":81,"column":80}},"type":"binary-expr","locations":[{"start":{"line":81,"column":21},"end":{"line":81,"column":26}},{"start":{"line":81,"column":30},"end":{"line":81,"column":80}}],"line":81},"12":{"loc":{"start":{"line":82,"column":21},"end":{"line":82,"column":85}},"type":"binary-expr","locations":[{"start":{"line":82,"column":21},"end":{"line":82,"column":28}},{"start":{"line":82,"column":32},"end":{"line":82,"column":85}}],"line":82},"13":{"loc":{"start":{"line":84,"column":21},"end":{"line":99,"column":21}},"type":"binary-expr","locations":[{"start":{"line":84,"column":21},"end":{"line":84,"column":27}},{"start":{"line":85,"column":22},"end":{"line":98,"column":28}}],"line":84},"14":{"loc":{"start":{"line":89,"column":53},"end":{"line":89,"column":83}},"type":"binary-expr","locations":[{"start":{"line":89,"column":53},"end":{"line":89,"column":67}},{"start":{"line":89,"column":71},"end":{"line":89,"column":83}}],"line":89},"15":{"loc":{"start":{"line":95,"column":60},"end":{"line":95,"column":91}},"type":"cond-expr","locations":[{"start":{"line":95,"column":77},"end":{"line":95,"column":86}},{"start":{"line":95,"column":89},"end":{"line":95,"column":91}}],"line":95},"16":{"loc":{"start":{"line":105,"column":51},"end":{"line":105,"column":86}},"type":"binary-expr","locations":[{"start":{"line":105,"column":51},"end":{"line":105,"column":70}},{"start":{"line":105,"column":74},"end":{"line":105,"column":86}}],"line":105},"17":{"loc":{"start":{"line":111,"column":58},"end":{"line":111,"column":94}},"type":"cond-expr","locations":[{"start":{"line":111,"column":80},"end":{"line":111,"column":89}},{"start":{"line":111,"column":92},"end":{"line":111,"column":94}}],"line":111},"18":{"loc":{"start":{"line":120,"column":51},"end":{"line":120,"column":93}},"type":"binary-expr","locations":[{"start":{"line":120,"column":51},"end":{"line":120,"column":77}},{"start":{"line":120,"column":81},"end":{"line":120,"column":93}}],"line":120},"19":{"loc":{"start":{"line":126,"column":58},"end":{"line":126,"column":101}},"type":"cond-expr","locations":[{"start":{"line":126,"column":87},"end":{"line":126,"column":96}},{"start":{"line":126,"column":99},"end":{"line":126,"column":101}}],"line":126}},"s":{"0":0,"1":0,"2":0,"3":0,"4":0,"5":0,"6":0,"7":0,"8":0,"9":0,"10":0,"11":0,"12":0,"13":0,"14":0,"15":0,"16":0,"17":0,"18":0,"19":0,"20":0,"21":0,"22":0,"23":0,"24":0,"25":0,"26":0,"27":0,"28":0,"29":0,"30":0,"31":0,"32":0,"33":0,"34":0,"35":0,"36":0,"37":0,"38":0,"39":0,"40":0},"f":{"0":0,"1":0,"2":0,"3":0,"4":0,"5":0,"6":0},"b":{"0":[0,0],"1":[0,0],"2":[0,0],"3":[0,0],"4":[0,0],"5":[0,0],"6":[0,0],"7":[0,0],"8":[0,0],"9":[0,0],"10":[0,0],"11":[0,0],"12":[0,0],"13":[0,0],"14":[0,0],"15":[0,0],"16":[0,0],"17":[0,0],"18":[0,0],"19":[0,0]}}
,"D:\\reactpract\\v2solutions_react_boilerplate\\src\\components\\Pages\\RootLayout.js": {"path":"D:\\reactpract\\v2solutions_react_boilerplate\\src\\components\\Pages\\RootLayout.js","statementMap":{"0":{"start":{"line":8,"column":2},"end":{"line":14,"column":4}}},"fnMap":{"0":{"name":"RootLayout","decl":{"start":{"line":5,"column":9},"end":{"line":5,"column":19}},"loc":{"start":{"line":5,"column":22},"end":{"line":15,"column":1}},"line":5}},"branchMap":{},"s":{"0":0},"f":{"0":0},"b":{}}
,"D:\\reactpract\\v2solutions_react_boilerplate\\src\\components\\Pages\\TodoPage.js": {"path":"D:\\reactpract\\v2solutions_react_boilerplate\\src\\components\\Pages\\TodoPage.js","statementMap":{"0":{"start":{"line":6,"column":2},"end":{"line":16,"column":4}}},"fnMap":{"0":{"name":"TodoPage","decl":{"start":{"line":5,"column":9},"end":{"line":5,"column":17}},"loc":{"start":{"line":5,"column":20},"end":{"line":17,"column":1}},"line":5}},"branchMap":{},"s":{"0":0},"f":{"0":0},"b":{}}
,"D:\\reactpract\\v2solutions_react_boilerplate\\src\\components\\Todo\\TodoApp.jsx": {"path":"D:\\reactpract\\v2solutions_react_boilerplate\\src\\components\\Todo\\TodoApp.jsx","statementMap":{"0":{"start":{"line":13,"column":22},"end":{"line":13,"column":41}},"1":{"start":{"line":15,"column":46},"end":{"line":15,"column":51}},"2":{"start":{"line":17,"column":4},"end":{"line":17,"column":27}},"3":{"start":{"line":18,"column":38},"end":{"line":18,"column":52}},"4":{"start":{"line":20,"column":32},"end":{"line":24,"column":4}},"5":{"start":{"line":25,"column":40},"end":{"line":25,"column":54}},"6":{"start":{"line":28,"column":24},"end":{"line":52,"column":3}},"7":{"start":{"line":29,"column":4},"end":{"line":29,"column":23}},"8":{"start":{"line":30,"column":4},"end":{"line":33,"column":5}},"9":{"start":{"line":31,"column":6},"end":{"line":31,"column":66}},"10":{"start":{"line":32,"column":6},"end":{"line":32,"column":13}},"11":{"start":{"line":35,"column":4},"end":{"line":51,"column":5}},"12":{"start":{"line":36,"column":23},"end":{"line":36,"column":46}},"13":{"start":{"line":37,"column":6},"end":{"line":48,"column":7}},"14":{"start":{"line":38,"column":8},"end":{"line":38,"column":30}},"15":{"start":{"line":39,"column":8},"end":{"line":39,"column":68}},"16":{"start":{"line":40,"column":8},"end":{"line":40,"column":19}},"17":{"start":{"line":41,"column":8},"end":{"line":41,"column":28}},"18":{"start":{"line":43,"column":13},"end":{"line":48,"column":7}},"19":{"start":{"line":45,"column":8},"end":{"line":45,"column":49}},"20":{"start":{"line":47,"column":8},"end":{"line":47,"column":53}},"21":{"start":{"line":50,"column":6},"end":{"line":50,"column":46}},"22":{"start":{"line":54,"column":25},"end":{"line":70,"column":3}},"23":{"start":{"line":55,"column":4},"end":{"line":69,"column":5}},"24":{"start":{"line":56,"column":6},"end":{"line":68,"column":7}},"25":{"start":{"line":57,"column":25},"end":{"line":57,"column":63}},"26":{"start":{"line":58,"column":8},"end":{"line":65,"column":9}},"27":{"start":{"line":59,"column":10},"end":{"line":59,"column":29}},"28":{"start":{"line":60,"column":10},"end":{"line":60,"column":70}},"29":{"start":{"line":61,"column":10},"end":{"line":61,"column":30}},"30":{"start":{"line":62,"column":10},"end":{"line":62,"column":21}},"31":{"start":{"line":64,"column":10},"end":{"line":64,"column":51}},"32":{"start":{"line":67,"column":8},"end":{"line":67,"column":50}},"33":{"start":{"line":72,"column":27},"end":{"line":84,"column":3}},"34":{"start":{"line":73,"column":4},"end":{"line":83,"column":5}},"35":{"start":{"line":74,"column":23},"end":{"line":74,"column":47}},"36":{"start":{"line":75,"column":6},"end":{"line":80,"column":7}},"37":{"start":{"line":76,"column":8},"end":{"line":76,"column":26}},"38":{"start":{"line":77,"column":8},"end":{"line":77,"column":19}},"39":{"start":{"line":79,"column":8},"end":{"line":79,"column":49}},"40":{"start":{"line":82,"column":6},"end":{"line":82,"column":48}},"41":{"start":{"line":86,"column":26},"end":{"line":93,"column":3}},"42":{"start":{"line":87,"column":4},"end":{"line":91,"column":6}},"43":{"start":{"line":92,"column":4},"end":{"line":92,"column":28}},"44":{"start":{"line":95,"column":2},"end":{"line":200,"column":3}},"45":{"start":{"line":113,"column":20},"end":{"line":113,"column":69}},"46":{"start":{"line":128,"column":20},"end":{"line":128,"column":75}},"47":{"start":{"line":139,"column":18},"end":{"line":139,"column":73}},"48":{"start":{"line":171,"column":14},"end":{"line":194,"column":19}},"49":{"start":{"line":183,"column":35},"end":{"line":183,"column":56}},"50":{"start":{"line":189,"column":35},"end":{"line":189,"column":61}},"51":{"start":{"line":203,"column":24},"end":{"line":205,"column":2}},"52":{"start":{"line":203,"column":36},"end":{"line":205,"column":1}},"53":{"start":{"line":206,"column":27},"end":{"line":211,"column":1}}},"fnMap":{"0":{"name":"TodoApp","decl":{"start":{"line":12,"column":9},"end":{"line":12,"column":16}},"loc":{"start":{"line":12,"column":24},"end":{"line":201,"column":1}},"line":12},"1":{"name":"(anonymous_1)","decl":{"start":{"line":28,"column":24},"end":{"line":28,"column":25}},"loc":{"start":{"line":28,"column":37},"end":{"line":52,"column":3}},"line":28},"2":{"name":"(anonymous_2)","decl":{"start":{"line":54,"column":25},"end":{"line":54,"column":26}},"loc":{"start":{"line":54,"column":37},"end":{"line":70,"column":3}},"line":54},"3":{"name":"(anonymous_3)","decl":{"start":{"line":72,"column":27},"end":{"line":72,"column":28}},"loc":{"start":{"line":72,"column":45},"end":{"line":84,"column":3}},"line":72},"4":{"name":"(anonymous_4)","decl":{"start":{"line":86,"column":26},"end":{"line":86,"column":27}},"loc":{"start":{"line":86,"column":36},"end":{"line":93,"column":3}},"line":86},"5":{"name":"(anonymous_5)","decl":{"start":{"line":112,"column":28},"end":{"line":112,"column":29}},"loc":{"start":{"line":113,"column":20},"end":{"line":113,"column":69}},"line":113},"6":{"name":"(anonymous_6)","decl":{"start":{"line":127,"column":28},"end":{"line":127,"column":29}},"loc":{"start":{"line":128,"column":20},"end":{"line":128,"column":75}},"line":128},"7":{"name":"(anonymous_7)","decl":{"start":{"line":138,"column":26},"end":{"line":138,"column":27}},"loc":{"start":{"line":139,"column":18},"end":{"line":139,"column":73}},"line":139},"8":{"name":"(anonymous_8)","decl":{"start":{"line":170,"column":23},"end":{"line":170,"column":24}},"loc":{"start":{"line":171,"column":14},"end":{"line":194,"column":19}},"line":171},"9":{"name":"(anonymous_9)","decl":{"start":{"line":183,"column":29},"end":{"line":183,"column":30}},"loc":{"start":{"line":183,"column":35},"end":{"line":183,"column":56}},"line":183},"10":{"name":"(anonymous_10)","decl":{"start":{"line":189,"column":29},"end":{"line":189,"column":30}},"loc":{"start":{"line":189,"column":35},"end":{"line":189,"column":61}},"line":189},"11":{"name":"(anonymous_11)","decl":{"start":{"line":203,"column":24},"end":{"line":203,"column":25}},"loc":{"start":{"line":203,"column":36},"end":{"line":205,"column":1}},"line":203}},"branchMap":{"0":{"loc":{"start":{"line":30,"column":4},"end":{"line":33,"column":5}},"type":"if","locations":[{"start":{"line":30,"column":4},"end":{"line":33,"column":5}},{"start":{},"end":{}}],"line":30},"1":{"loc":{"start":{"line":30,"column":8},"end":{"line":30,"column":46}},"type":"binary-expr","locations":[{"start":{"line":30,"column":8},"end":{"line":30,"column":22}},{"start":{"line":30,"column":26},"end":{"line":30,"column":46}}],"line":30},"2":{"loc":{"start":{"line":37,"column":6},"end":{"line":48,"column":7}},"type":"if","locations":[{"start":{"line":37,"column":6},"end":{"line":48,"column":7}},{"start":{"line":43,"column":13},"end":{"line":48,"column":7}}],"line":37},"3":{"loc":{"start":{"line":37,"column":10},"end":{"line":37,"column":37}},"type":"binary-expr","locations":[{"start":{"line":37,"column":10},"end":{"line":37,"column":18}},{"start":{"line":37,"column":22},"end":{"line":37,"column":37}}],"line":37},"4":{"loc":{"start":{"line":43,"column":13},"end":{"line":48,"column":7}},"type":"if","locations":[{"start":{"line":43,"column":13},"end":{"line":48,"column":7}},{"start":{"line":46,"column":13},"end":{"line":48,"column":7}}],"line":43},"5":{"loc":{"start":{"line":43,"column":17},"end":{"line":43,"column":43}},"type":"binary-expr","locations":[{"start":{"line":43,"column":17},"end":{"line":43,"column":25}},{"start":{"line":43,"column":29},"end":{"line":43,"column":43}}],"line":43},"6":{"loc":{"start":{"line":55,"column":4},"end":{"line":69,"column":5}},"type":"if","locations":[{"start":{"line":55,"column":4},"end":{"line":69,"column":5}},{"start":{},"end":{}}],"line":55},"7":{"loc":{"start":{"line":58,"column":8},"end":{"line":65,"column":9}},"type":"if","locations":[{"start":{"line":58,"column":8},"end":{"line":65,"column":9}},{"start":{"line":63,"column":15},"end":{"line":65,"column":9}}],"line":58},"8":{"loc":{"start":{"line":75,"column":6},"end":{"line":80,"column":7}},"type":"if","locations":[{"start":{"line":75,"column":6},"end":{"line":80,"column":7}},{"start":{"line":78,"column":13},"end":{"line":80,"column":7}}],"line":75},"9":{"loc":{"start":{"line":101,"column":17},"end":{"line":101,"column":68}},"type":"cond-expr","locations":[{"start":{"line":101,"column":40},"end":{"line":101,"column":51}},{"start":{"line":101,"column":54},"end":{"line":101,"column":68}}],"line":101},"10":{"loc":{"start":{"line":102,"column":13},"end":{"line":102,"column":79}},"type":"binary-expr","locations":[{"start":{"line":102,"column":13},"end":{"line":102,"column":23}},{"start":{"line":102,"column":27},"end":{"line":102,"column":79}}],"line":102},"11":{"loc":{"start":{"line":144,"column":13},"end":{"line":160,"column":13}},"type":"cond-expr","locations":[{"start":{"line":145,"column":14},"end":{"line":151,"column":23}},{"start":{"line":153,"column":14},"end":{"line":159,"column":23}}],"line":144},"12":{"loc":{"start":{"line":150,"column":17},"end":{"line":150,"column":58}},"type":"cond-expr","locations":[{"start":{"line":150,"column":29},"end":{"line":150,"column":42}},{"start":{"line":150,"column":45},"end":{"line":150,"column":58}}],"line":150},"13":{"loc":{"start":{"line":158,"column":17},"end":{"line":158,"column":53}},"type":"cond-expr","locations":[{"start":{"line":158,"column":29},"end":{"line":158,"column":40}},{"start":{"line":158,"column":43},"end":{"line":158,"column":53}}],"line":158},"14":{"loc":{"start":{"line":161,"column":13},"end":{"line":161,"column":84}},"type":"binary-expr","locations":[{"start":{"line":161,"column":13},"end":{"line":161,"column":18}},{"start":{"line":161,"column":22},"end":{"line":161,"column":84}}],"line":161},"15":{"loc":{"start":{"line":178,"column":33},"end":{"line":178,"column":62}},"type":"cond-expr","locations":[{"start":{"line":178,"column":50},"end":{"line":178,"column":55}},{"start":{"line":178,"column":58},"end":{"line":178,"column":62}}],"line":178}},"s":{"0":0,"1":0,"2":0,"3":0,"4":0,"5":0,"6":0,"7":0,"8":0,"9":0,"10":0,"11":0,"12":0,"13":0,"14":0,"15":0,"16":0,"17":0,"18":0,"19":0,"20":0,"21":0,"22":0,"23":0,"24":0,"25":0,"26":0,"27":0,"28":0,"29":0,"30":0,"31":0,"32":0,"33":0,"34":0,"35":0,"36":0,"37":0,"38":0,"39":0,"40":0,"41":0,"42":0,"43":0,"44":0,"45":0,"46":0,"47":0,"48":0,"49":0,"50":0,"51":0,"52":0,"53":0},"f":{"0":0,"1":0,"2":0,"3":0,"4":0,"5":0,"6":0,"7":0,"8":0,"9":0,"10":0,"11":0},"b":{"0":[0,0],"1":[0,0],"2":[0,0],"3":[0,0],"4":[0,0],"5":[0,0],"6":[0,0],"7":[0,0],"8":[0,0],"9":[0,0],"10":[0,0],"11":[0,0],"12":[0,0],"13":[0,0],"14":[0,0],"15":[0,0]}}
[...]
":{"line":64,"column":4}},"13":{"start":{"line":34,"column":6},"end":{"line":63,"column":7}},"14":{"start":{"line":35,"column":8},"end":{"line":35,"column":29}},"15":{"start":{"line":36,"column":25},"end":{"line":42,"column":10}},"16":{"start":{"line":44,"column":8},"end":{"line":59,"column":7}},"17":{"start":{"line":45,"column":10},"end":{"line":45,"column":49}},"18":{"start":{"line":46,"column":23},"end":{"line":46,"column":44}},"19":{"start":{"line":47,"column":10},"end":{"line":52,"column":11}},"20":{"start":{"line":48,"column":12},"end":{"line":48,"column":49}},"21":{"start":{"line":50,"column":12},"end":{"line":50,"column":69}},"22":{"start":{"line":51,"column":12},"end":{"line":51,"column":35}},"23":{"start":{"line":55,"column":23},"end":{"line":55,"column":44}},"24":{"start":{"line":57,"column":10},"end":{"line":57,"column":67}},"25":{"start":{"line":58,"column":10},"end":{"line":58,"column":33}},"26":{"start":{"line":61,"column":8},"end":{"line":61,"column":47}},"27":{"start":{"line":62,"column":8},"end":{"line":62,"column":31}},"28":{"start":{"line":67,"column":26},"end":{"line":73,"column":1}},"29":{"start":{"line":68,"column":2},"end":{"line":72,"column":4}},"30":{"start":{"line":69,"column":4},"end":{"line":69,"column":37}},"31":{"start":{"line":70,"column":4},"end":{"line":70,"column":33}},"32":{"start":{"line":71,"column":4},"end":{"line":71,"column":29}},"33":{"start":{"line":75,"column":30},"end":{"line":104,"column":1}},"34":{"start":{"line":76,"column":2},"end":{"line":103,"column":4}},"35":{"start":{"line":77,"column":4},"end":{"line":102,"column":5}},"36":{"start":{"line":79,"column":23},"end":{"line":85,"column":8}},"37":{"start":{"line":87,"column":6},"end":{"line":96,"column":7}},"38":{"start":{"line":88,"column":21},"end":{"line":88,"column":42}},"39":{"start":{"line":89,"column":8},"end":{"line":89,"column":81}},"40":{"start":{"line":90,"column":8},"end":{"line":90,"column":33}},"41":{"start":{"line":92,"column":21},"end":{"line":92,"column":42}},"42":{"start":{"line":94,"column":8},"end":{"line":94,"column":63}},"43":{"start":{"line":95,"column":8},"end":{"line":95,"column":31}},"44":{"start":{"line":99,"column":6},"end":{"line":99,"column":43}},"45":{"start":{"line":100,"column":6},"end":{"line":100,"column":29}},"46":{"start":{"line":106,"column":35},"end":{"line":142,"column":1}},"47":{"start":{"line":108,"column":2},"end":{"line":141,"column":4}},"48":{"start":{"line":109,"column":4},"end":{"line":140,"column":5}},"49":{"start":{"line":110,"column":24},"end":{"line":110,"column":53}},"50":{"start":{"line":113,"column":6},"end":{"line":115,"column":7}},"51":{"start":{"line":114,"column":8},"end":{"line":114,"column":30}},"52":{"start":{"line":118,"column":6},"end":{"line":120,"column":7}},"53":{"start":{"line":119,"column":8},"end":{"line":119,"column":34}},"54":{"start":{"line":122,"column":23},"end":{"line":128,"column":8}},"55":{"start":{"line":130,"column":6},"end":{"line":137,"column":7}},"56":{"start":{"line":131,"column":21},"end":{"line":131,"column":42}},"57":{"start":{"line":132,"column":8},"end":{"line":132,"column":76}},"58":{"start":{"line":133,"column":8},"end":{"line":133,"column":33}},"59":{"start":{"line":135,"column":21},"end":{"line":135,"column":42}},"60":{"start":{"line":136,"column":8},"end":{"line":136,"column":71}},"61":{"start":{"line":139,"column":6},"end":{"line":139,"column":51}},"62":{"start":{"line":144,"column":26},"end":{"line":152,"column":1}},"63":{"start":{"line":145,"column":2},"end":{"line":151,"column":3}},"64":{"start":{"line":146,"column":4},"end":{"line":150,"column":5}},"65":{"start":{"line":147,"column":8},"end":{"line":147,"column":72}},"66":{"start":{"line":149,"column":6},"end":{"line":149,"column":48}},"67":{"start":{"line":154,"column":31},"end":{"line":170,"column":1}},"68":{"start":{"line":156,"column":2},"end":{"line":169,"column":4}},"69":{"start":{"line":158,"column":18},"end":{"line":158,"column":47}},"70":{"start":{"line":159,"column":4},"end":{"line":166,"column":5}},"71":{"start":{"line":160,"column":6},"end":{"line":165,"column":7}},"72":{"start":{"line":163,"column":8},"end":{"line":163,"column":64}},"73":{"start":{"line":164,"column":8},"end":{"line":164,"column":20}},"74":{"start":{"line":167,"column":4},"end":{"line":167,"column":29}},"75":{"start":{"line":173,"column":25},"end":{"line":204,"column":1}},"76":{"start":{"line":174,"column":2},"end":{"line":203,"column":4}},"77":{"start":{"line":175,"column":4},"end":{"line":202,"column":5}},"78":{"start":{"line":177,"column":23},"end":{"line":183,"column":8}},"79":{"start":{"line":186,"column":6},"end":{"line":198,"column":7}},"80":{"start":{"line":187,"column":21},"end":{"line":187,"column":42}},"81":{"start":{"line":189,"column":8},"end":{"line":189,"column":53}},"82":{"start":{"line":191,"column":8},"end":{"line":191,"column":59}},"83":{"start":{"line":193,"column":8},"end":{"line":193,"column":33}},"84":{"start":{"line":195,"column":21},"end":{"line":195,"column":42}},"85":{"start":{"line":196,"column":8},"end":{"line":196,"column":63}},"86":{"start":{"line":197,"column":8},"end":{"line":197,"column":34}},"87":{"start":{"line":200,"column":6},"end":{"line":200,"column":42}},"88":{"start":{"line":201,"column":6},"end":{"line":201,"column":32}},"89":{"start":{"line":207,"column":20},"end":{"line":221,"column":1}},"90":{"start":{"line":208,"column":21},"end":{"line":208,"column":37}},"91":{"start":{"line":209,"column":2},"end":{"line":219,"column":3}},"92":{"start":{"line":210,"column":20},"end":{"line":210,"column":33}},"93":{"start":{"line":213,"column":27},"end":{"line":213,"column":78}},"94":{"start":{"line":216,"column":22},"end":{"line":216,"column":48}},"95":{"start":{"line":218,"column":4},"end":{"line":218,"column":21}},"96":{"start":{"line":220,"column":2},"end":{"line":220,"column":14}},"97":{"start":{"line":223,"column":23},"end":{"line":232,"column":1}},"98":{"start":{"line":224,"column":2},"end":{"line":231,"column":3}},"99":{"start":{"line":225,"column":25},"end":{"line":225,"column":43}},"100":{"start":{"line":226,"column":4},"end":{"line":229,"column":5}},"101":{"start":{"line":227,"column":26},"end":{"line":227,"column":55}},"102":{"start":{"line":228,"column":6},"end":{"line":228,"column":44}},"103":{"start":{"line":230,"column":4},"end":{"line":230,"column":16}}},"fnMap":{"0":{"name":"(anonymous_0)","decl":{"start":{"line":4,"column":21},"end":{"line":4,"column":22}},"loc":{"start":{"line":4,"column":42},"end":{"line":30,"column":1}},"line":4},"1":{"name":"(anonymous_1)","decl":{"start":{"line":5,"column":9},"end":{"line":5,"column":10}},"loc":{"start":{"line":5,"column":29},"end":{"line":29,"column":3}},"line":5},"2":{"name":"(anonymous_2)","decl":{"start":{"line":32,"column":24},"end":{"line":32,"column":25}},"loc":{"start":{"line":32,"column":59},"end":{"line":65,"column":1}},"line":32},"3":{"name":"(anonymous_3)","decl":{"start":{"line":33,"column":9},"end":{"line":33,"column":10}},"loc":{"start":{"line":33,"column":29},"end":{"line":64,"column":3}},"line":33},"4":{"name":"(anonymous_4)","decl":{"start":{"line":67,"column":26},"end":{"line":67,"column":27}},"loc":{"start":{"line":67,"column":40},"end":{"line":73,"column":1}},"line":67},"5":{"name":"(anonymous_5)","decl":{"start":{"line":68,"column":9},"end":{"line":68,"column":10}},"loc":{"start":{"line":68,"column":15},"end":{"line":72,"column":3}},"line":68},"6":{"name":"(anonymous_6)","decl":{"start":{"line":75,"column":30},"end":{"line":75,"column":31}},"loc":{"start":{"line":75,"column":41},"end":{"line":104,"column":1}},"line":75},"7":{"name":"(anonymous_7)","decl":{"start":{"line":76,"column":9},"end":{"line":76,"column":10}},"loc":{"start":{"line":76,"column":29},"end":{"line":103,"column":3}},"line":76},"8":{"name":"(anonymous_8)","decl":{"start":{"line":106,"column":35},"end":{"line":106,"column":36}},"loc":{"start":{"line":106,"column":76},"end":{"line":142,"column":1}},"line":106},"9":{"name":"(anonymous_9)","decl":{"start":{"line":108,"column":9},"end":{"line":108,"column":10}},"loc":{"start":{"line":108,"column":29},"end":{"line":141,"column":3}},"line":108},"10":{"name":"(anonymous_10)","decl":{"start":{"line":144,"column":26},"end":{"line":144,"column":27}},"loc":{"start":{"line":144,"column":39},"end":{"line":152,"column":1}},"line":144},"11":{"name":"(anonymous_11)","decl":{"start":{"line":145,"column":9},"end":{"line":145,"column":10}},"loc":{"start":{"line":145,"column":29},"end":{"line":151,"column":3}},"line":145},"12":{"name":"(anonymous_12)","decl":{"start":{"line":154,"column":31},"end":{"line":154,"column":32}},"loc":{"start":{"line":154,"column":45},"end":{"line":170,"column":1}},"line":154},"13":{"name":"(anonymous_13)","decl":{"start":{"line":156,"column":9},"end":{"line":156,"column":10}},"loc":{"start":{"line":156,"column":15},"end":{"line":169,"column":3}},"line":156},"14":{"name":"(anonymous_14)","decl":{"start":{"line":173,"column":25},"end":{"line":173,"column":26}},"loc":{"start":{"line":173,"column":45},"end":{"line":204,"column":1}},"line":173},"15":{"name":"(anonymous_15)","decl":{"start":{"line":174,"column":9},"end":{"line":174,"column":10}},"loc":{"start":{"line":174,"column":29},"end":{"line":203,"column":3}},"line":174},"16":{"name":"(anonymous_16)","decl":{"start":{"line":207,"column":20},"end":{"line":207,"column":21}},"loc":{"start":{"line":207,"column":31},"end":{"line":221,"column":1}},"line":207},"17":{"name":"(anonymous_17)","decl":{"start":{"line":223,"column":23},"end":{"line":223,"column":24}},"loc":{"start":{"line":223,"column":34},"end":{"line":232,"column":1}},"line":223}},"branchMap":{"0":{"loc":{"start":{"line":16,"column":6},"end":{"line":25,"column":7}},"type":"if","locations":[{"start":{"line":16,"column":6},"end":{"line":25,"column":7}},{"start":{"line":21,"column":13},"end":{"line":25,"column":7}}],"line":16},"1":{"loc":{"start":{"line":18,"column":8},"end":{"line":20,"column":9}},"type":"if","locations":[{"start":{"line":18,"column":8},"end":{"line":20,"column":9}},{"start":{},"end":{}}],"line":18},"2":{"loc":{"start":{"line":44,"column":8},"end":{"line":59,"column":7}},"type":"if","locations":[{"start":{"line":44,"column":8},"end":{"line":59,"column":7}},{"start":{"line":53,"column":15},"end":{"line":59,"column":7}}],"line":44},"3":{"loc":{"start":{"line":47,"column":10},"end":{"line":52,"column":11}},"type":"if","locations":[{"start":{"line":47,"column":10},"end":{"line":52,"column":11}},{"start":{"line":49,"column":15},"end":{"line":52,"column":11}}],"line":47},"4":{"loc":{"start":{"line":87,"column":6},"end":{"line":96,"column":7}},"type":"if","locations":[{"start":{"line":87,"column":6},"end":{"line":96,"column":7}},{"start":{"line":91,"column":13},"end":{"line":96,"column":7}}],"line":87},"5":{"loc":{"start":{"line":113,"column":6},"end":{"line":115,"column":7}},"type":"if","locations":[{"start":{"line":113,"column":6},"end":{"line":115,"column":7}},{"start":{},"end":{}}],"line":113},"6":{"loc":{"start":{"line":118,"column":6},"end":{"line":120,"column":7}},"type":"if","locations":[{"start":{"line":118,"column":6},"end":{"line":120,"column":7}},{"start":{},"end":{}}],"line":118},"7":{"loc":{"start":{"line":130,"column":6},"end":{"line":137,"column":7}},"type":"if","locations":[{"start":{"line":130,"column":6},"end":{"line":137,"column":7}},{"start":{"line":134,"column":13},"end":{"line":137,"column":7}}],"line":130},"8":{"loc":{"start":{"line":159,"column":4},"end":{"line":166,"column":5}},"type":"if","locations":[{"start":{"line":159,"column":4},"end":{"line":166,"column":5}},{"start":{},"end":{}}],"line":159},"9":{"loc":{"start":{"line":160,"column":6},"end":{"line":165,"column":7}},"type":"if","locations":[{"start":{"line":160,"column":6},"end":{"line":165,"column":7}},{"start":{},"end":{}}],"line":160},"10":{"loc":{"start":{"line":186,"column":6},"end":{"line":198,"column":7}},"type":"if","locations":[{"start":{"line":186,"column":6},"end":{"line":198,"column":7}},{"start":{"line":194,"column":13},"end":{"line":198,"column":7}}],"line":186},"11":{"loc":{"start":{"line":209,"column":2},"end":{"line":219,"column":3}},"type":"if","locations":[{"start":{"line":209,"column":2},"end":{"line":219,"column":3}},{"start":{},"end":{}}],"line":209},"12":{"loc":{"start":{"line":224,"column":2},"end":{"line":231,"column":3}},"type":"if","locations":[{"start":{"line":224,"column":2},"end":{"line":231,"column":3}},{"start":{},"end":{}}],"line":224},"13":{"loc":{"start":{"line":226,"column":4},"end":{"line":229,"column":5}},"type":"if","locations":[{"start":{"line":226,"column":4},"end":{"line":229,"column":5}},{"start":{},"end":{}}],"line":226},"14":{"loc":{"start":{"line":226,"column":8},"end":{"line":226,"column":40}},"type":"binary-expr","locations":[{"start":{"line":226,"column":8},"end":{"line":226,"column":20}},{"start":{"line":226,"column":24},"end":{"line":226,"column":40}}],"line":226}},"s":{"0":2,"1":0,"2":0,"3":0,"4":0,"5":0,"6":0,"7":0,"8":0,"9":0,"10":0,"11":2,"12":0,"13":0,"14":0,"15":0,"16":0,"17":0,"18":0,"19":0,"20":0,"21":0,"22":0,"23":0,"24":0,"25":0,"26":0,"27":0,"28":2,"29":0,"30":0,"31":0,"32":0,"33":2,"34":1,"35":0,"36":0,"37":0,"38":0,"39":0,"40":0,"41":0,"42":0,"43":0,"44":0,"45":0,"46":2,"47":0,"48":0,"49":0,"50":0,"51":0,"52":0,"53":0,"54":0,"55":0,"56":0,"57":0,"58":0,"59":0,"60":0,"61":0,"62":2,"63":0,"64":0,"65":0,"66":0,"67":2,"68":0,"69":0,"70":0,"71":0,"72":0,"73":0,"74":0,"75":2,"76":0,"77":0,"78":0,"79":0,"80":0,"81":0,"82":0,"83":0,"84":0,"85":0,"86":0,"87":0,"88":0,"89":2,"90":0,"91":0,"92":0,"93":0,"94":0,"95":0,"96":0,"97":2,"98":0,"99":0,"100":0,"101":0,"102":0,"103":0},"f":{"0":0,"1":0,"2":0,"3":0,"4":0,"5":0,"6":1,"7":0,"8":0,"9":0,"10":0,"11":0,"12":0,"13":0,"14":0,"15":0,"16":0,"17":0},"b":{"0":[0,0],"1":[0,0],"2":[0,0],"3":[0,0],"4":[0,0],"5":[0,0],"6":[0,0],"7":[0,0],"8":[0,0],"9":[0,0],"10":[0,0],"11":[0,0],"12":[0,0],"13":[0,0],"14":[0,0]},"_coverageSchema":"1a1c01bbd47fc00a2c39e90264f33305004495a9","hash":"1e5e35937a9fac908cc30c6c0c9177014a6d983e"}
,"D:\\reactpract\\v2solutions_react_boilerplate\\src\\redux\\employee.js": {"path":"D:\\reactpract\\v2solutions_react_boilerplate\\src\\redux\\employee.js","statementMap":{"0":{"start":{"line":4,"column":21},"end":{"line":8,"column":1}},"1":{"start":{"line":10,"column":24},"end":{"line":49,"column":1}},"2":{"start":{"line":11,"column":2},"end":{"line":48,"column":3}},"3":{"start":{"line":13,"column":6},"end":{"line":16,"column":8}},"4":{"start":{"line":18,"column":6},"end":{"line":21,"column":8}},"5":{"start":{"line":23,"column":6},"end":{"line":28,"column":8}},"6":{"start":{"line":26,"column":10},"end":{"line":26,"column":73}},"7":{"start":{"line":30,"column":6},"end":{"line":35,"column":8}},"8":{"start":{"line":33,"column":24},"end":{"line":33,"column":57}},"9":{"start":{"line":37,"column":6},"end":{"line":40,"column":8}},"10":{"start":{"line":42,"column":6},"end":{"line":45,"column":8}},"11":{"start":{"line":47,"column":6},"end":{"line":47,"column":19}}},"fnMap":{"0":{"name":"(anonymous_0)","decl":{"start":{"line":10,"column":24},"end":{"line":10,"column":25}},"loc":{"start":{"line":10,"column":58},"end":{"line":49,"column":1}},"line":10},"1":{"name":"(anonymous_1)","decl":{"start":{"line":25,"column":39},"end":{"line":25,"column":40}},"loc":{"start":{"line":26,"column":10},"end":{"line":26,"column":73}},"line":26},"2":{"name":"(anonymous_2)","decl":{"start":{"line":33,"column":10},"end":{"line":33,"column":11}},"loc":{"start":{"line":33,"column":24},"end":{"line":33,"column":57}},"line":33}},"branchMap":{"0":{"loc":{"start":{"line":10,"column":25},"end":{"line":10,"column":45}},"type":"default-arg","locations":[{"start":{"line":10,"column":33},"end":{"line":10,"column":45}}],"line":10},"1":{"loc":{"start":{"line":11,"column":2},"end":{"line":48,"column":3}},"type":"switch","locations":[{"start":{"line":12,"column":4},"end":{"line":16,"column":8}},{"start":{"line":17,"column":4},"end":{"line":21,"column":8}},{"start":{"line":22,"column":4},"end":{"line":28,"column":8}},{"start":{"line":29,"column":4},"end":{"line":35,"column":8}},{"start":{"line":36,"column":4},"end":{"line":40,"column":8}},{"start":{"line":41,"column":4},"end":{"line":45,"column":8}},{"start":{"line":46,"column":4},"end":{"line":47,"column":19}}],"line":11},"2":{"loc":{"start":{"line":26,"column":10},"end":{"line":26,"column":73}},"type":"cond-expr","locations":[{"start":{"line":26,"column":47},"end":{"line":26,"column":62}},{"start":{"line":26,"column":65},"end":{"line":26,"column":73}}],"line":26}},"s":{"0":0,"1":0,"2":0,"3":0,"4":0,"5":0,"6":0,"7":0,"8":0,"9":0,"10":0,"11":0},"f":{"0":0,"1":0,"2":0},"b":{"0":[0],"1":[0,0,0,0,0,0,0],"2":[0,0]}}
,"D:\\reactpract\\v2solutions_react_boilerplate\\src\\redux\\employeeActions.js": {"path":"D:\\reactpract\\v2solutions_react_boilerplate\\src\\redux\\employeeActions.js","statementMap":{"0":{"start":{"line":4,"column":28},"end":{"line":7,"column":2}},"1":{"start":{"line":4,"column":44},"end":{"line":7,"column":1}},"2":{"start":{"line":9,"column":27},"end":{"line":12,"column":2}},"3":{"start":{"line":9,"column":42},"end":{"line":12,"column":1}},"4":{"start":{"line":14,"column":30},"end":{"line":17,"column":2}},"5":{"start":{"line":14,"column":45},"end":{"line":17,"column":1}},"6":{"start":{"line":19,"column":30},"end":{"line":22,"column":2}},"7":{"start":{"line":19,"column":47},"end":{"line":22,"column":1}},"8":{"start":{"line":24,"column":23},"end":{"line":27,"column":2}},"9":{"start":{"line":24,"column":40},"end":{"line":27,"column":1}},"10":{"start":{"line":29,"column":25},"end":{"line":32,"column":2}},"11":{"start":{"line":29,"column":44},"end":{"line":32,"column":1}}},"fnMap":{"0":{"name":"(anonymous_0)","decl":{"start":{"line":4,"column":28},"end":{"line":4,"column":29}},"loc":{"start":{"line":4,"column":44},"end":{"line":7,"column":1}},"line":4},"1":{"name":"(anonymous_1)","decl":{"start":{"line":9,"column":27},"end":{"line":9,"column":28}},"loc":{"start":{"line":9,"column":42},"end":{"line":12,"column":1}},"line":9},"2":{"name":"(anonymous_2)","decl":{"start":{"line":14,"column":30},"end":{"line":14,"column":31}},"loc":{"start":{"line":14,"column":45},"end":{"line":17,"column":1}},"line":14},"3":{"name":"(anonymous_3)","decl":{"start":{"line":19,"column":30},"end":{"line":19,"column":31}},"loc":{"start":{"line":19,"column":47},"end":{"line":22,"column":1}},"line":19},"4":{"name":"(anonymous_4)","decl":{"start":{"line":24,"column":23},"end":{"line":24,"column":24}},"loc":{"start":{"line":24,"column":40},"end":{"line":27,"column":1}},"line":24},"5":{"name":"(anonymous_5)","decl":{"start":{"line":29,"column":25},"end":{"line":29,"column":26}},"loc":{"start":{"line":29,"column":44},"end":{"line":32,"column":1}},"line":29}},"branchMap":{},"s":{"0":0,"1":0,"2":0,"3":0,"4":0,"5":0,"6":0,"7":0,"8":0,"9":0,"10":0,"11":0},"f":{"0":0,"1":0,"2":0,"3":0,"4":0,"5":0},"b":{}}
,"D:\\reactpract\\v2solutions_react_boilerplate\\src\\redux\\reduxSetup.js": {"path":"D:\\reactpract\\v2solutions_react_boilerplate\\src\\redux\\reduxSetup.js","statementMap":{"0":{"start":{"line":4,"column":19},"end":{"line":6,"column":1}},"1":{"start":{"line":5,"column":2},"end":{"line":5,"column":23}}},"fnMap":{"0":{"name":"(anonymous_0)","decl":{"start":{"line":4,"column":19},"end":{"line":4,"column":20}},"loc":{"start":{"line":4,"column":25},"end":{"line":6,"column":1}},"line":4}},"branchMap":{},"s":{"0":0,"1":0},"f":{"0":0},"b":{}}
,"D:\\reactpract\\v2solutions_react_boilerplate\\src\\redux\\store.js": {"path":"D:\\reactpract\\v2solutions_react_boilerplate\\src\\redux\\store.js","statementMap":{"0":{"start":{"line":6,"column":14},"end":{"line":12,"column":2}},"1":{"start":{"line":11,"column":40},"end":{"line":11,"column":76}}},"fnMap":{"0":{"name":"(anonymous_0)","decl":{"start":{"line":11,"column":14},"end":{"line":11,"column":15}},"loc":{"start":{"line":11,"column":40},"end":{"line":11,"column":76}},"line":11}},"branchMap":{},"s":{"0":0,"1":0},"f":{"0":0},"b":{}}
}
