{"D:\\reactpract\\v2solutions_react_boilerplate\\src\\App.js": {"path":"D:\\reactpract\\v2solutions_react_boilerplate\\src\\App.js","statementMap":{"0":{"start":{"line":11,"column":2},"end":{"line":11,"column":26}},"1":{"start":{"line":14,"column":19},"end":{"line":14,"column":31}},"2":{"start":{"line":17,"column":17},"end":{"line":17,"column":54}},"3":{"start":{"line":20,"column":19},"end":{"line":20,"column":57}},"4":{"start":{"line":21,"column":2},"end":{"line":21,"column":107}}},"fnMap":{"0":{"name":"App","decl":{"start":{"line":9,"column":9},"end":{"line":9,"column":12}},"loc":{"start":{"line":9,"column":15},"end":{"line":22,"column":1}},"line":9}},"branchMap":{},"s":{"0":0,"1":0,"2":0,"3":0,"4":0},"f":{"0":0},"b":{}}
,"D:\\reactpract\\v2solutions_react_boilerplate\\src\\index.js": {"path":"D:\\reactpract\\v2solutions_react_boilerplate\\src\\index.js","statementMap":{"0":{"start":{"line":9,"column":13},"end":{"line":9,"column":65}},"1":{"start":{"line":10,"column":0},"end":{"line":16,"column":1}}},"fnMap":{},"branchMap":{},"s":{"0":0,"1":0},"f":{},"b":{}}
,"D:\\reactpract\\v2solutions_react_boilerplate\\src\\routes.jsx": {"path":"D:\\reactpract\\v2solutions_react_boilerplate\\src\\routes.jsx","statementMap":{"0":{"start":{"line":14,"column":22},"end":{"line":29,"column":1}},"1":{"start":{"line":14,"column":36},"end":{"line":29,"column":1}}},"fnMap":{"0":{"name":"(anonymous_0)","decl":{"start":{"line":14,"column":22},"end":{"line":14,"column":23}},"loc":{"start":{"line":14,"column":36},"end":{"line":29,"column":1}},"line":14}},"branchMap":{},"s":{"0":0,"1":0},"f":{"0":0},"b":{}}
,"D:\\reactpract\\v2solutions_react_boilerplate\\src\\components\\Employee\\EmployeeForm.jsx": {"path":"D:\\reactpract\\v2solutions_react_boilerplate\\src\\components\\Employee\\EmployeeForm.jsx","statementMap":{"0":{"start":{"line":11,"column":21},"end":{"line":85,"column":1}},"1":{"start":{"line":12,"column":22},"end":{"line":12,"column":45}},"2":{"start":{"line":13,"column":44},"end":{"line":13,"column":67}},"3":{"start":{"line":14,"column":46},"end":{"line":14,"column":58}},"4":{"start":{"line":15,"column":19},"end":{"line":15,"column":32}},"5":{"start":{"line":16,"column":17},"end":{"line":16,"column":28}},"6":{"start":{"line":18,"column":22},"end":{"line":24,"column":3}},"7":{"start":{"line":26,"column":26},"end":{"line":48,"column":3}},"8":{"start":{"line":27,"column":19},"end":{"line":27,"column":21}},"9":{"start":{"line":29,"column":4},"end":{"line":45,"column":7}},"10":{"start":{"line":30,"column":46},"end":{"line":30,"column":52}},"11":{"start":{"line":32,"column":6},"end":{"line":34,"column":7}},"12":{"start":{"line":33,"column":8},"end":{"line":33,"column":46}},"13":{"start":{"line":36,"column":6},"end":{"line":44,"column":7}},"14":{"start":{"line":37,"column":22},"end":{"line":37,"column":30}},"15":{"start":{"line":38,"column":20},"end":{"line":38,"column":56}},"16":{"start":{"line":39,"column":27},"end":{"line":39,"column":57}},"17":{"start":{"line":41,"column":8},"end":{"line":43,"column":9}},"18":{"start":{"line":42,"column":10},"end":{"line":42,"column":58}},"19":{"start":{"line":47,"column":4},"end":{"line":47,"column":18}},"20":{"start":{"line":50,"column":23},"end":{"line":64,"column":3}},"21":{"start":{"line":51,"column":4},"end":{"line":63,"column":5}},"22":{"start":{"line":52,"column":23},"end":{"line":52,"column":90}},"23":{"start":{"line":53,"column":6},"end":{"line":60,"column":7}},"24":{"start":{"line":56,"column":23},"end":{"line":56,"column":56}},"25":{"start":{"line":57,"column":8},"end":{"line":57,"column":30}},"26":{"start":{"line":58,"column":8},"end":{"line":58,"column":80}},"27":{"start":{"line":59,"column":8},"end":{"line":59,"column":61}},"28":{"start":{"line":66,"column":2},"end":{"line":84,"column":4}},"29":{"start":{"line":77,"column":32},"end":{"line":77,"column":53}},"30":{"start":{"line":88,"column":24},"end":{"line":90,"column":2}},"31":{"start":{"line":88,"column":36},"end":{"line":90,"column":1}},"32":{"start":{"line":92,"column":27},"end":{"line":95,"column":1}}},"fnMap":{"0":{"name":"(anonymous_0)","decl":{"start":{"line":11,"column":21},"end":{"line":11,"column":22}},"loc":{"start":{"line":11,"column":69},"end":{"line":85,"column":1}},"line":11},"1":{"name":"(anonymous_1)","decl":{"start":{"line":26,"column":26},"end":{"line":26,"column":27}},"loc":{"start":{"line":26,"column":40},"end":{"line":48,"column":3}},"line":26},"2":{"name":"(anonymous_2)","decl":{"start":{"line":29,"column":24},"end":{"line":29,"column":25}},"loc":{"start":{"line":29,"column":36},"end":{"line":45,"column":5}},"line":29},"3":{"name":"(anonymous_3)","decl":{"start":{"line":50,"column":23},"end":{"line":50,"column":24}},"loc":{"start":{"line":50,"column":43},"end":{"line":64,"column":3}},"line":50},"4":{"name":"(anonymous_4)","decl":{"start":{"line":77,"column":26},"end":{"line":77,"column":27}},"loc":{"start":{"line":77,"column":32},"end":{"line":77,"column":53}},"line":77},"5":{"name":"(anonymous_5)","decl":{"start":{"line":88,"column":24},"end":{"line":88,"column":25}},"loc":{"start":{"line":88,"column":36},"end":{"line":90,"column":1}},"line":88}},"branchMap":{"0":{"loc":{"start":{"line":32,"column":6},"end":{"line":34,"column":7}},"type":"if","locations":[{"start":{"line":32,"column":6},"end":{"line":34,"column":7}},{"start":{},"end":{}}],"line":32},"1":{"loc":{"start":{"line":32,"column":10},"end":{"line":32,"column":71}},"type":"binary-expr","locations":[{"start":{"line":32,"column":10},"end":{"line":32,"column":18}},{"start":{"line":32,"column":23},"end":{"line":32,"column":38}},{"start":{"line":32,"column":42},"end":{"line":32,"column":70}}],"line":32},"2":{"loc":{"start":{"line":36,"column":6},"end":{"line":44,"column":7}},"type":"if","locations":[{"start":{"line":36,"column":6},"end":{"line":44,"column":7}},{"start":{},"end":{}}],"line":36},"3":{"loc":{"start":{"line":36,"column":10},"end":{"line":36,"column":43}},"type":"binary-expr","locations":[{"start":{"line":36,"column":10},"end":{"line":36,"column":25}},{"start":{"line":36,"column":29},"end":{"line":36,"column":43}}],"line":36},"4":{"loc":{"start":{"line":41,"column":8},"end":{"line":43,"column":9}},"type":"if","locations":[{"start":{"line":41,"column":8},"end":{"line":43,"column":9}},{"start":{},"end":{}}],"line":41},"5":{"loc":{"start":{"line":52,"column":23},"end":{"line":52,"column":90}},"type":"cond-expr","locations":[{"start":{"line":52,"column":28},"end":{"line":52,"column":63}},{"start":{"line":52,"column":66},"end":{"line":52,"column":90}}],"line":52},"6":{"loc":{"start":{"line":53,"column":6},"end":{"line":60,"column":7}},"type":"if","locations":[{"start":{"line":53,"column":6},"end":{"line":60,"column":7}},{"start":{"line":55,"column":13},"end":{"line":60,"column":7}}],"line":53},"7":{"loc":{"start":{"line":56,"column":23},"end":{"line":56,"column":56}},"type":"cond-expr","locations":[{"start":{"line":56,"column":28},"end":{"line":56,"column":42}},{"start":{"line":56,"column":45},"end":{"line":56,"column":56}}],"line":56},"8":{"loc":{"start":{"line":58,"column":38},"end":{"line":58,"column":62}},"type":"cond-expr","locations":[{"start":{"line":58,"column":43},"end":{"line":58,"column":52}},{"start":{"line":58,"column":55},"end":{"line":58,"column":62}}],"line":58},"9":{"loc":{"start":{"line":72,"column":48},"end":{"line":72,"column":85}},"type":"cond-expr","locations":[{"start":{"line":72,"column":53},"end":{"line":72,"column":68}},{"start":{"line":72,"column":71},"end":{"line":72,"column":85}}],"line":72}},"s":{"0":0,"1":0,"2":0,"3":0,"4":0,"5":0,"6":0,"7":0,"8":0,"9":0,"10":0,"11":0,"12":0,"13":0,"14":0,"15":0,"16":0,"17":0,"18":0,"19":0,"20":0,"21":0,"22":0,"23":0,"24":0,"25":0,"26":0,"27":0,"28":0,"29":0,"30":0,"31":0,"32":0},"f":{"0":0,"1":0,"2":0,"3":0,"4":0,"5":0},"b":{"0":[0,0],"1":[0,0,0],"2":[0,0],"3":[0,0],"4":[0,0],"5":[0,0],"6":[0,0],"7":[0,0],"8":[0,0],"9":[0,0]}}
,"D:\\reactpract\\v2solutions_react_boilerplate\\src\\components\\Employee\\EmployeeList.jsx": {"path":"D:\\reactpract\\v2solutions_react_boilerplate\\src\\components\\Employee\\EmployeeList.jsx","statementMap":{"0":{"start":{"line":5,"column":21},"end":{"line":23,"column":1}},"1":{"start":{"line":7,"column":30},"end":{"line":13,"column":3}},"2":{"start":{"line":16,"column":2},"end":{"line":22,"column":4}}},"fnMap":{"0":{"name":"(anonymous_0)","decl":{"start":{"line":5,"column":21},"end":{"line":5,"column":22}},"loc":{"start":{"line":5,"column":27},"end":{"line":23,"column":1}},"line":5}},"branchMap":{},"s":{"0":1,"1":1,"2":1},"f":{"0":1},"b":{},"_coverageSchema":"1a1c01bbd47fc00a2c39e90264f33305004495a9","hash":"450376ece0b8f00782a9a3c715d115b1a192598f"}
,"D:\\reactpract\\v2solutions_react_boilerplate\\src\\components\\Pages\\AuthenticationPage.js": {"path":"D:\\reactpract\\v2solutions_react_boilerplate\\src\\components\\Pages\\AuthenticationPage.js","statementMap":{"0":{"start":{"line":9,"column":19},"end":{"line":9,"column":32}},"1":{"start":{"line":10,"column":30},"end":{"line":10,"column":70}},"2":{"start":{"line":10,"column":53},"end":{"line":10,"column":63}},"3":{"start":{"line":11,"column":36},"end":{"line":11,"column":50}},"4":{"start":{"line":12,"column":34},"end":{"line":12,"column":92}},"5":{"start":{"line":13,"column":19},"end":{"line":13,"column":32}},"6":{"start":{"line":14,"column":38},"end":{"line":14,"column":50}},"7":{"start":{"line":16,"column":20},"end":{"line":19,"column":3}},"8":{"start":{"line":17,"column":4},"end":{"line":17,"column":66}},"9":{"start":{"line":18,"column":4},"end":{"line":18,"column":22}},"10":{"start":{"line":21,"column":23},"end":{"line":46,"column":3}},"11":{"start":{"line":22,"column":19},"end":{"line":22,"column":21}},"12":{"start":{"line":23,"column":23},"end":{"line":23,"column":189}},"13":{"start":{"line":24,"column":4},"end":{"line":28,"column":5}},"14":{"start":{"line":25,"column":6},"end":{"line":25,"column":42}},"15":{"start":{"line":26,"column":11},"end":{"line":28,"column":5}},"16":{"start":{"line":27,"column":6},"end":{"line":27,"column":44}},"17":{"start":{"line":29,"column":26},"end":{"line":29,"column":42}},"18":{"start":{"line":31,"column":4},"end":{"line":36,"column":5}},"19":{"start":{"line":32,"column":6},"end":{"line":32,"column":48}},"20":{"start":{"line":33,"column":11},"end":{"line":36,"column":5}},"21":{"start":{"line":34,"column":6},"end":{"line":35,"column":124}},"22":{"start":{"line":37,"column":4},"end":{"line":39,"column":5}},"23":{"start":{"line":38,"column":6},"end":{"line":38,"column":41}},"24":{"start":{"line":40,"column":4},"end":{"line":42,"column":5}},"25":{"start":{"line":41,"column":6},"end":{"line":41,"column":47}},"26":{"start":{"line":44,"column":4},"end":{"line":44,"column":26}},"27":{"start":{"line":45,"column":4},"end":{"line":45,"column":44}},"28":{"start":{"line":48,"column":23},"end":{"line":73,"column":3}},"29":{"start":{"line":49,"column":4},"end":{"line":49,"column":23}},"30":{"start":{"line":50,"column":4},"end":{"line":72,"column":5}},"31":{"start":{"line":51,"column":48},"end":{"line":51,"column":56}},"32":{"start":{"line":52,"column":6},"end":{"line":71,"column":7}},"33":{"start":{"line":53,"column":28},"end":{"line":53,"column":66}},"34":{"start":{"line":54,"column":8},"end":{"line":57,"column":9}},"35":{"start":{"line":55,"column":10},"end":{"line":55,"column":64}},"36":{"start":{"line":56,"column":10},"end":{"line":56,"column":27}},"37":{"start":{"line":60,"column":29},"end":{"line":60,"column":85}},"38":{"start":{"line":62,"column":8},"end":{"line":68,"column":9}},"39":{"start":{"line":63,"column":10},"end":{"line":63,"column":46}},"40":{"start":{"line":64,"column":10},"end":{"line":64,"column":99}},"41":{"start":{"line":65,"column":10},"end":{"line":65,"column":27}},"42":{"start":{"line":75,"column":28},"end":{"line":79,"column":3}},"43":{"start":{"line":76,"column":28},"end":{"line":76,"column":36}},"44":{"start":{"line":77,"column":4},"end":{"line":77,"column":48}},"45":{"start":{"line":78,"column":4},"end":{"line":78,"column":49}},"46":{"start":{"line":82,"column":27},"end":{"line":85,"column":3}},"47":{"start":{"line":83,"column":4},"end":{"line":83,"column":23}},"48":{"start":{"line":84,"column":4},"end":{"line":84,"column":16}},"49":{"start":{"line":87,"column":2},"end":{"line":198,"column":4}},"50":{"start":{"line":122,"column":24},"end":{"line":137,"column":30}},"51":{"start":{"line":174,"column":70},"end":{"line":174,"column":98}}},"fnMap":{"0":{"name":"AuthenticationPage","decl":{"start":{"line":8,"column":9},"end":{"line":8,"column":27}},"loc":{"start":{"line":8,"column":30},"end":{"line":199,"column":1}},"line":8},"1":{"name":"(anonymous_1)","decl":{"start":{"line":10,"column":42},"end":{"line":10,"column":43}},"loc":{"start":{"line":10,"column":53},"end":{"line":10,"column":63}},"line":10},"2":{"name":"(anonymous_2)","decl":{"start":{"line":16,"column":20},"end":{"line":16,"column":21}},"loc":{"start":{"line":16,"column":26},"end":{"line":19,"column":3}},"line":16},"3":{"name":"(anonymous_3)","decl":{"start":{"line":21,"column":23},"end":{"line":21,"column":24}},"loc":{"start":{"line":21,"column":29},"end":{"line":46,"column":3}},"line":21},"4":{"name":"(anonymous_4)","decl":{"start":{"line":48,"column":23},"end":{"line":48,"column":24}},"loc":{"start":{"line":48,"column":36},"end":{"line":73,"column":3}},"line":48},"5":{"name":"(anonymous_5)","decl":{"start":{"line":75,"column":28},"end":{"line":75,"column":29}},"loc":{"start":{"line":75,"column":35},"end":{"line":79,"column":3}},"line":75},"6":{"name":"(anonymous_6)","decl":{"start":{"line":82,"column":27},"end":{"line":82,"column":28}},"loc":{"start":{"line":82,"column":37},"end":{"line":85,"column":3}},"line":82},"7":{"name":"(anonymous_7)","decl":{"start":{"line":121,"column":49},"end":{"line":121,"column":50}},"loc":{"start":{"line":122,"column":24},"end":{"line":137,"column":30}},"line":122},"8":{"name":"(anonymous_8)","decl":{"start":{"line":174,"column":64},"end":{"line":174,"column":65}},"loc":{"start":{"line":174,"column":70},"end":{"line":174,"column":98}},"line":174}},"branchMap":{"0":{"loc":{"start":{"line":10,"column":30},"end":{"line":10,"column":70}},"type":"binary-expr","locations":[{"start":{"line":10,"column":30},"end":{"line":10,"column":64}},{"start":{"line":10,"column":68},"end":{"line":10,"column":70}}],"line":10},"1":{"loc":{"start":{"line":24,"column":4},"end":{"line":28,"column":5}},"type":"if","locations":[{"start":{"line":24,"column":4},"end":{"line":28,"column":5}},{"start":{"line":26,"column":11},"end":{"line":28,"column":5}}],"line":24},"2":{"loc":{"start":{"line":26,"column":11},"end":{"line":28,"column":5}},"type":"if","locations":[{"start":{"line":26,"column":11},"end":{"line":28,"column":5}},{"start":{},"end":{}}],"line":26},"3":{"loc":{"start":{"line":31,"column":4},"end":{"line":36,"column":5}},"type":"if","locations":[{"start":{"line":31,"column":4},"end":{"line":36,"column":5}},{"start":{"line":33,"column":11},"end":{"line":36,"column":5}}],"line":31},"4":{"loc":{"start":{"line":33,"column":11},"end":{"line":36,"column":5}},"type":"if","locations":[{"start":{"line":33,"column":11},"end":{"line":36,"column":5}},{"start":{},"end":{}}],"line":33},"5":{"loc":{"start":{"line":37,"column":4},"end":{"line":39,"column":5}},"type":"if","locations":[{"start":{"line":37,"column":4},"end":{"line":39,"column":5}},{"start":{},"end":{}}],"line":37},"6":{"loc":{"start":{"line":37,"column":8},"end":{"line":37,"column":36}},"type":"binary-expr","locations":[{"start":{"line":37,"column":8},"end":{"line":37,"column":18}},{"start":{"line":37,"column":22},"end":{"line":37,"column":36}}],"line":37},"7":{"loc":{"start":{"line":40,"column":4},"end":{"line":42,"column":5}},"type":"if","locations":[{"start":{"line":40,"column":4},"end":{"line":42,"column":5}},{"start":{},"end":{}}],"line":40},"8":{"loc":{"start":{"line":40,"column":8},"end":{"line":40,"column":39}},"type":"binary-expr","locations":[{"start":{"line":40,"column":8},"end":{"line":40,"column":18}},{"start":{"line":40,"column":22},"end":{"line":40,"column":39}}],"line":40},"9":{"loc":{"start":{"line":50,"column":4},"end":{"line":72,"column":5}},"type":"if","locations":[{"start":{"line":50,"column":4},"end":{"line":72,"column":5}},{"start":{},"end":{}}],"line":50},"10":{"loc":{"start":{"line":52,"column":6},"end":{"line":71,"column":7}},"type":"if","locations":[{"start":{"line":52,"column":6},"end":{"line":71,"column":7}},{"start":{"line":59,"column":13},"end":{"line":71,"column":7}}],"line":52},"11":{"loc":{"start":{"line":54,"column":8},"end":{"line":57,"column":9}},"type":"if","locations":[{"start":{"line":54,"column":8},"end":{"line":57,"column":9}},{"start":{},"end":{}}],"line":54},"12":{"loc":{"start":{"line":54,"column":12},"end":{"line":54,"column":46}},"type":"binary-expr","locations":[{"start":{"line":54,"column":12},"end":{"line":54,"column":23}},{"start":{"line":54,"column":27},"end":{"line":54,"column":46}}],"line":54},"13":{"loc":{"start":{"line":62,"column":8},"end":{"line":68,"column":9}},"type":"if","locations":[{"start":{"line":62,"column":8},"end":{"line":68,"column":9}},{"start":{"line":66,"column":13},"end":{"line":68,"column":9}}],"line":62},"14":{"loc":{"start":{"line":62,"column":12},"end":{"line":62,"column":57}},"type":"binary-expr","locations":[{"start":{"line":62,"column":12},"end":{"line":62,"column":31}},{"start":{"line":62,"column":35},"end":{"line":62,"column":57}}],"line":62},"15":{"loc":{"start":{"line":93,"column":11},"end":{"line":191,"column":11}},"type":"cond-expr","locations":[{"start":{"line":94,"column":12},"end":{"line":188,"column":18}},{"start":{"line":190,"column":12},"end":{"line":190,"column":82}}],"line":93},"16":{"loc":{"start":{"line":98,"column":64},"end":{"line":98,"column":95}},"type":"cond-expr","locations":[{"start":{"line":98,"column":76},"end":{"line":98,"column":83}},{"start":{"line":98,"column":86},"end":{"line":98,"column":95}}],"line":98},"17":{"loc":{"start":{"line":101,"column":23},"end":{"line":101,"column":82}},"type":"binary-expr","locations":[{"start":{"line":101,"column":23},"end":{"line":101,"column":28}},{"start":{"line":101,"column":32},"end":{"line":101,"column":82}}],"line":101},"18":{"loc":{"start":{"line":102,"column":23},"end":{"line":119,"column":23}},"type":"binary-expr","locations":[{"start":{"line":102,"column":23},"end":{"line":102,"column":33}},{"start":{"line":103,"column":24},"end":{"line":118,"column":30}}],"line":102},"19":{"loc":{"start":{"line":109,"column":55},"end":{"line":109,"column":86}},"type":"binary-expr","locations":[{"start":{"line":109,"column":55},"end":{"line":109,"column":70}},{"start":{"line":109,"column":74},"end":{"line":109,"column":86}}],"line":109},"20":{"loc":{"start":{"line":115,"column":62},"end":{"line":115,"column":94}},"type":"cond-expr","locations":[{"start":{"line":115,"column":80},"end":{"line":115,"column":89}},{"start":{"line":115,"column":92},"end":{"line":115,"column":94}}],"line":115},"21":{"loc":{"start":{"line":127,"column":34},"end":{"line":127,"column":76}},"type":"cond-expr","locations":[{"start":{"line":127,"column":57},"end":{"line":127,"column":67}},{"start":{"line":127,"column":70},"end":{"line":127,"column":76}}],"line":127},"22":{"loc":{"start":{"line":128,"column":55},"end":{"line":128,"column":88}},"type":"binary-expr","locations":[{"start":{"line":128,"column":55},"end":{"line":128,"column":72}},{"start":{"line":128,"column":76},"end":{"line":128,"column":88}}],"line":128},"23":{"loc":{"start":{"line":134,"column":62},"end":{"line":134,"column":96}},"type":"cond-expr","locations":[{"start":{"line":134,"column":82},"end":{"line":134,"column":91}},{"start":{"line":134,"column":94},"end":{"line":134,"column":96}}],"line":134},"24":{"loc":{"start":{"line":140,"column":23},"end":{"line":162,"column":23}},"type":"binary-expr","locations":[{"start":{"line":140,"column":23},"end":{"line":140,"column":33}},{"start":{"line":141,"column":24},"end":{"line":160,"column":28}}],"line":140},"25":{"loc":{"start":{"line":146,"column":52},"end":{"line":146,"column":86}},"type":"binary-expr","locations":[{"start":{"line":146,"column":52},"end":{"line":146,"column":70}},{"start":{"line":146,"column":74},"end":{"line":146,"column":86}}],"line":146},"26":{"loc":{"start":{"line":157,"column":60},"end":{"line":157,"column":95}},"type":"cond-expr","locations":[{"start":{"line":157,"column":81},"end":{"line":157,"column":90}},{"start":{"line":157,"column":93},"end":{"line":157,"column":95}}],"line":157},"27":{"loc":{"start":{"line":167,"column":25},"end":{"line":167,"column":56}},"type":"cond-expr","locations":[{"start":{"line":167,"column":37},"end":{"line":167,"column":44}},{"start":{"line":167,"column":47},"end":{"line":167,"column":56}}],"line":167},"28":{"loc":{"start":{"line":172,"column":23},"end":{"line":172,"column":90}},"type":"cond-expr","locations":[{"start":{"line":172,"column":35},"end":{"line":172,"column":60}},{"start":{"line":172,"column":63},"end":{"line":172,"column":90}}],"line":172},"29":{"loc":{"start":{"line":175,"column":27},"end":{"line":175,"column":58}},"type":"cond-expr","locations":[{"start":{"line":175,"column":39},"end":{"line":175,"column":48}},{"start":{"line":175,"column":51},"end":{"line":175,"column":58}}],"line":175}},"s":{"0":3,"1":3,"2":5,"3":3,"4":3,"5":3,"6":3,"7":3,"8":1,"9":1,"10":3,"11":0,"12":0,"13":0,"14":0,"15":0,"16":0,"17":0,"18":0,"19":0,"20":0,"21":0,"22":0,"23":0,"24":0,"25":0,"26":0,"27":0,"28":3,"29":0,"30":0,"31":0,"32":0,"33":0,"34":0,"35":0,"36":0,"37":0,"38":0,"39":0,"40":0,"41":0,"42":3,"43":0,"44":0,"45":0,"46":3,"47":1,"48":1,"49":3,"50":6,"51":1},"f":{"0":3,"1":5,"2":1,"3":0,"4":0,"5":0,"6":1,"7":6,"8":1},"b":{"0":[3,0],"1":[0,0],"2":[0,0],"3":[0,0],"4":[0,0],"5":[0,0],"6":[0,0],"7":[0,0],"8":[0,0],"9":[0,0],"10":[0,0],"11":[0,0],"12":[0,0],"13":[0,0],"14":[0,0],"15":[3,0],"16":[2,1],"17":[3,0],"18":[3,1],"19":[1,0],"20":[0,1],"21":[3,3],"22":[6,0],"23":[0,6],"24":[3,1],"25":[1,0],"26":[0,1],"27":[2,1],"28":[2,1],"29":[2,1]},"_coverageSchema":"1a1c01bbd47fc00a2c39e90264f33305004495a9","hash":"2e6d39a41f127d4c0835c4d0b66be2aaf16b12ca"}
,"D:\\reactpract\\v2solutions_react_boilerplate\\src\\components\\Pages\\EmployeeFormPage.js": {"path":"D:\\reactpract\\v2solutions_react_boilerplate\\src\\components\\Pages\\EmployeeFormPage.js","statementMap":{"0":{"start":{"line":7,"column":2},"end":{"line":23,"column":4}}},"fnMap":{"0":{"name":"EmployeeFormPage","decl":{"start":{"line":6,"column":9},"end":{"line":6,"column":25}},"loc":{"start":{"line":6,"column":28},"end":{"line":24,"column":1}},"line":6}},"branchMap":{},"s":{"0":0},"f":{"0":0},"b":{}}
,"D:\\reactpract\\v2solutions_react_boilerplate\\src\\components\\Pages\\EmployeeListPage.js": {"path":"D:\\reactpract\\v2solutions_react_boilerplate\\src\\components\\Pages\\EmployeeListPage.js","statementMap":{"0":{"start":{"line":10,"column":2},"end":{"line":31,"column":4}}},"fnMap":{"0":{"name":"EmployeeListPage","decl":{"start":{"line":9,"column":9},"end":{"line":9,"column":25}},"loc":{"start":{"line":9,"column":28},"end":{"line":32,"column":1}},"line":9}},"branchMap":{},"s":{"0":0},"f":{"0":0},"b":{}}
,"D:\\reactpract\\v2solutions_react_boilerplate\\src\\components\\Pages\\ErrorPage.js": {"path":"D:\\reactpract\\v2solutions_react_boilerplate\\src\\components\\Pages\\ErrorPage.js","statementMap":{"0":{"start":{"line":6,"column":16},"end":{"line":6,"column":31}},"1":{"start":{"line":8,"column":14},"end":{"line":8,"column":34}},"2":{"start":{"line":9,"column":16},"end":{"line":9,"column":39}},"3":{"start":{"line":11,"column":2},"end":{"line":13,"column":3}},"4":{"start":{"line":12,"column":4},"end":{"line":12,"column":33}},"5":{"start":{"line":15,"column":2},"end":{"line":18,"column":3}},"6":{"start":{"line":16,"column":4},"end":{"line":16,"column":25}},"7":{"start":{"line":17,"column":4},"end":{"line":17,"column":49}},"8":{"start":{"line":20,"column":2},"end":{"line":25,"column":4}}},"fnMap":{"0":{"name":"ErrorPage","decl":{"start":{"line":5,"column":9},"end":{"line":5,"column":18}},"loc":{"start":{"line":5,"column":21},"end":{"line":26,"column":1}},"line":5}},"branchMap":{"0":{"loc":{"start":{"line":11,"column":2},"end":{"line":13,"column":3}},"type":"if","locations":[{"start":{"line":11,"column":2},"end":{"line":13,"column":3}},{"start":{},"end":{}}],"line":11},"1":{"loc":{"start":{"line":15,"column":2},"end":{"line":18,"column":3}},"type":"if","locations":[{"start":{"line":15,"column":2},"end":{"line":18,"column":3}},{"start":{},"end":{}}],"line":15}},"s":{"0":0,"1":0,"2":0,"3":0,"4":0,"5":0,"6":0,"7":0,"8":0},"f":{"0":0},"b":{"0":[0,0],"1":[0,0]}}
,"D:\\reactpract\\v2solutions_react_boilerplate\\src\\components\\Pages\\ForgetPassword.js": {"path":"D:\\reactpract\\v2solutions_react_boilerplate\\src\\components\\Pages\\ForgetPassword.js","statementMap":{"0":{"start":{"line":9,"column":19},"end":{"line":9,"column":32}},"1":{"start":{"line":10,"column":28},"end":{"line":10,"column":40}},"2":{"start":{"line":11,"column":16},"end":{"line":11,"column":54}},"3":{"start":{"line":11,"column":37},"end":{"line":11,"column":53}},"4":{"start":{"line":12,"column":18},"end":{"line":12,"column":58}},"5":{"start":{"line":12,"column":39},"end":{"line":12,"column":57}},"6":{"start":{"line":13,"column":38},"end":{"line":13,"column":50}},"7":{"start":{"line":14,"column":19},"end":{"line":14,"column":32}},"8":{"start":{"line":15,"column":31},"end":{"line":27,"column":3}},"9":{"start":{"line":16,"column":4},"end":{"line":16,"column":23}},"10":{"start":{"line":17,"column":4},"end":{"line":24,"column":5}},"11":{"start":{"line":18,"column":17},"end":{"line":18,"column":56}},"12":{"start":{"line":19,"column":6},"end":{"line":19,"column":18}},"13":{"start":{"line":20,"column":6},"end":{"line":22,"column":7}},"14":{"start":{"line":21,"column":8},"end":{"line":21,"column":36}},"15":{"start":{"line":29,"column":23},"end":{"line":41,"column":3}},"16":{"start":{"line":30,"column":19},"end":{"line":30,"column":21}},"17":{"start":{"line":33,"column":23},"end":{"line":33,"column":51}},"18":{"start":{"line":34,"column":4},"end":{"line":38,"column":5}},"19":{"start":{"line":35,"column":6},"end":{"line":35,"column":41}},"20":{"start":{"line":36,"column":11},"end":{"line":38,"column":5}},"21":{"start":{"line":37,"column":6},"end":{"line":37,"column":44}},"22":{"start":{"line":39,"column":4},"end":{"line":39,"column":26}},"23":{"start":{"line":40,"column":4},"end":{"line":40,"column":44}},"24":{"start":{"line":43,"column":28},"end":{"line":45,"column":3}},"25":{"start":{"line":44,"column":4},"end":{"line":44,"column":29}},"26":{"start":{"line":47,"column":2},"end":{"line":90,"column":4}}},"fnMap":{"0":{"name":"ForgetPasswordComponent","decl":{"start":{"line":8,"column":9},"end":{"line":8,"column":32}},"loc":{"start":{"line":8,"column":35},"end":{"line":91,"column":1}},"line":8},"1":{"name":"(anonymous_1)","decl":{"start":{"line":11,"column":28},"end":{"line":11,"column":29}},"loc":{"start":{"line":11,"column":37},"end":{"line":11,"column":53}},"line":11},"2":{"name":"(anonymous_2)","decl":{"start":{"line":12,"column":30},"end":{"line":12,"column":31}},"loc":{"start":{"line":12,"column":39},"end":{"line":12,"column":57}},"line":12},"3":{"name":"(anonymous_3)","decl":{"start":{"line":15,"column":31},"end":{"line":15,"column":32}},"loc":{"start":{"line":15,"column":44},"end":{"line":27,"column":3}},"line":15},"4":{"name":"(anonymous_4)","decl":{"start":{"line":29,"column":23},"end":{"line":29,"column":24}},"loc":{"start":{"line":29,"column":29},"end":{"line":41,"column":3}},"line":29},"5":{"name":"(anonymous_5)","decl":{"start":{"line":43,"column":28},"end":{"line":43,"column":29}},"loc":{"start":{"line":43,"column":35},"end":{"line":45,"column":3}},"line":43}},"branchMap":{"0":{"loc":{"start":{"line":17,"column":4},"end":{"line":24,"column":5}},"type":"if","locations":[{"start":{"line":17,"column":4},"end":{"line":24,"column":5}},{"start":{},"end":{}}],"line":17},"1":{"loc":{"start":{"line":20,"column":6},"end":{"line":22,"column":7}},"type":"if","locations":[{"start":{"line":20,"column":6},"end":{"line":22,"column":7}},{"start":{},"end":{}}],"line":20},"2":{"loc":{"start":{"line":34,"column":4},"end":{"line":38,"column":5}},"type":"if","locations":[{"start":{"line":34,"column":4},"end":{"line":38,"column":5}},{"start":{"line":36,"column":11},"end":{"line":38,"column":5}}],"line":34},"3":{"loc":{"start":{"line":36,"column":11},"end":{"line":38,"column":5}},"type":"if","locations":[{"start":{"line":36,"column":11},"end":{"line":38,"column":5}},{"start":{},"end":{}}],"line":36},"4":{"loc":{"start":{"line":58,"column":21},"end":{"line":58,"column":80}},"type":"binary-expr","locations":[{"start":{"line":58,"column":21},"end":{"line":58,"column":26}},{"start":{"line":58,"column":30},"end":{"line":58,"column":80}}],"line":58},"5":{"loc":{"start":{"line":59,"column":21},"end":{"line":59,"column":85}},"type":"binary-expr","locations":[{"start":{"line":59,"column":21},"end":{"line":59,"column":28}},{"start":{"line":59,"column":32},"end":{"line":59,"column":85}}],"line":59},"6":{"loc":{"start":{"line":66,"column":53},"end":{"line":66,"column":85}},"type":"binary-expr","locations":[{"start":{"line":66,"column":53},"end":{"line":66,"column":69}},{"start":{"line":66,"column":73},"end":{"line":66,"column":85}}],"line":66},"7":{"loc":{"start":{"line":73,"column":60},"end":{"line":73,"column":93}},"type":"cond-expr","locations":[{"start":{"line":73,"column":79},"end":{"line":73,"column":88}},{"start":{"line":73,"column":91},"end":{"line":73,"column":93}}],"line":73}},"s":{"0":3,"1":3,"2":3,"3":4,"4":3,"5":4,"6":3,"7":3,"8":3,"9":1,"10":1,"11":1,"12":0,"13":0,"14":0,"15":3,"16":1,"17":1,"18":1,"19":0,"20":1,"21":0,"22":1,"23":1,"24":3,"25":1,"26":3},"f":{"0":3,"1":4,"2":4,"3":1,"4":1,"5":1},"b":{"0":[1,0],"1":[0,0],"2":[0,1],"3":[0,1],"4":[3,0],"5":[3,0],"6":[3,0],"7":[0,3]},"_coverageSchema":"1a1c01bbd47fc00a2c39e90264f33305004495a9","hash":"5c685d21a11d64590ff10a2644396366af9e7725"}
,"D:\\reactpract\\v2solutions_react_boilerplate\\src\\components\\Pages\\HomePage.js": {"path":"D:\\reactpract\\v2solutions_react_boilerplate\\src\\components\\Pages\\HomePage.js","statementMap":{"0":{"start":{"line":7,"column":23},"end":{"line":7,"column":63}},"1":{"start":{"line":7,"column":46},"end":{"line":7,"column":56}},"2":{"start":{"line":9,"column":2},"end":{"line":39,"column":4}}},"fnMap":{"0":{"name":"HomePage","decl":{"start":{"line":6,"column":9},"end":{"line":6,"column":17}},"loc":{"start":{"line":6,"column":20},"end":{"line":40,"column":1}},"line":6},"1":{"name":"(anonymous_1)","decl":{"start":{"line":7,"column":35},"end":{"line":7,"column":36}},"loc":{"start":{"line":7,"column":46},"end":{"line":7,"column":56}},"line":7}},"branchMap":{"0":{"loc":{"start":{"line":7,"column":23},"end":{"line":7,"column":63}},"type":"binary-expr","locations":[{"start":{"line":7,"column":23},"end":{"line":7,"column":57}},{"start":{"line":7,"column":61},"end":{"line":7,"column":63}}],"line":7},"1":{"loc":{"start":{"line":20,"column":19},"end":{"line":28,"column":19}},"type":"cond-expr","locations":[{"start":{"line":21,"column":21},"end":{"line":23,"column":26}},{"start":{"line":25,"column":20},"end":{"line":27,"column":24}}],"line":20}},"s":{"0":0,"1":0,"2":0},"f":{"0":0,"1":0},"b":{"0":[0,0],"1":[0,0]}}
,"D:\\reactpract\\v2solutions_react_boilerplate\\src\\components\\Pages\\MFAPage.js": {"path":"D:\\reactpract\\v2solutions_react_boilerplate\\src\\components\\Pages\\MFAPage.js","statementMap":{"0":{"start":{"line":9,"column":19},"end":{"line":9,"column":32}},"1":{"start":{"line":10,"column":21},"end":{"line":10,"column":66}},"2":{"start":{"line":10,"column":44},"end":{"line":10,"column":65}},"3":{"start":{"line":11,"column":16},"end":{"line":11,"column":62}},"4":{"start":{"line":11,"column":39},"end":{"line":11,"column":55}},"5":{"start":{"line":12,"column":19},"end":{"line":12,"column":32}},"6":{"start":{"line":13,"column":32},"end":{"line":13,"column":44}},"7":{"start":{"line":14,"column":28},"end":{"line":14,"column":40}},"8":{"start":{"line":18,"column":32},"end":{"line":28,"column":3}},"9":{"start":{"line":19,"column":4},"end":{"line":19,"column":23}},"10":{"start":{"line":20,"column":34},"end":{"line":20,"column":74}},"11":{"start":{"line":22,"column":4},"end":{"line":27,"column":5}},"12":{"start":{"line":23,"column":6},"end":{"line":23,"column":49}},"13":{"start":{"line":24,"column":6},"end":{"line":24,"column":20}},"14":{"start":{"line":26,"column":6},"end":{"line":26,"column":61}},"15":{"start":{"line":30,"column":2},"end":{"line":68,"column":4}},"16":{"start":{"line":51,"column":39},"end":{"line":51,"column":65}}},"fnMap":{"0":{"name":"MFAPage","decl":{"start":{"line":8,"column":9},"end":{"line":8,"column":16}},"loc":{"start":{"line":8,"column":19},"end":{"line":69,"column":1}},"line":8},"1":{"name":"(anonymous_1)","decl":{"start":{"line":10,"column":33},"end":{"line":10,"column":34}},"loc":{"start":{"line":10,"column":44},"end":{"line":10,"column":65}},"line":10},"2":{"name":"(anonymous_2)","decl":{"start":{"line":11,"column":28},"end":{"line":11,"column":29}},"loc":{"start":{"line":11,"column":39},"end":{"line":11,"column":55}},"line":11},"3":{"name":"(anonymous_3)","decl":{"start":{"line":18,"column":32},"end":{"line":18,"column":33}},"loc":{"start":{"line":18,"column":45},"end":{"line":28,"column":3}},"line":18},"4":{"name":"(anonymous_4)","decl":{"start":{"line":51,"column":32},"end":{"line":51,"column":33}},"loc":{"start":{"line":51,"column":39},"end":{"line":51,"column":65}},"line":51}},"branchMap":{"0":{"loc":{"start":{"line":11,"column":16},"end":{"line":11,"column":62}},"type":"binary-expr","locations":[{"start":{"line":11,"column":16},"end":{"line":11,"column":56}},{"start":{"line":11,"column":60},"end":{"line":11,"column":62}}],"line":11},"1":{"loc":{"start":{"line":22,"column":4},"end":{"line":27,"column":5}},"type":"if","locations":[{"start":{"line":22,"column":4},"end":{"line":27,"column":5}},{"start":{"line":25,"column":11},"end":{"line":27,"column":5}}],"line":22},"2":{"loc":{"start":{"line":22,"column":8},"end":{"line":22,"column":62}},"type":"binary-expr","locations":[{"start":{"line":22,"column":8},"end":{"line":22,"column":29}},{"start":{"line":22,"column":33},"end":{"line":22,"column":62}}],"line":22},"3":{"loc":{"start":{"line":41,"column":19},"end":{"line":43,"column":19}},"type":"binary-expr","locations":[{"start":{"line":41,"column":19},"end":{"line":41,"column":29}},{"start":{"line":42,"column":20},"end":{"line":42,"column":58}}],"line":41},"4":{"loc":{"start":{"line":53,"column":21},"end":{"line":53,"column":68}},"type":"binary-expr","locations":[{"start":{"line":53,"column":21},"end":{"line":53,"column":26}},{"start":{"line":53,"column":30},"end":{"line":53,"column":68}}],"line":53}},"s":{"0":0,"1":0,"2":0,"3":0,"4":0,"5":0,"6":0,"7":0,"8":0,"9":0,"10":0,"11":0,"12":0,"13":0,"14":0,"15":0,"16":0},"f":{"0":0,"1":0,"2":0,"3":0,"4":0},"b":{"0":[0,0],"1":[0,0],"2":[0,0],"3":[0,0],"4":[0,0]}}
,"D:\\reactpract\\v2solutions_react_boilerplate\\src\\components\\Pages\\ResetPassword.js": {"path":"D:\\reactpract\\v2solutions_react_boilerplate\\src\\components\\Pages\\ResetPassword.js","statementMap":{"0":{"start":{"line":8,"column":19},"end":{"line":8,"column":32}},"1":{"start":{"line":9,"column":20},"end":{"line":9,"column":31}},"2":{"start":{"line":10,"column":34},"end":{"line":10,"column":46}},"3":{"start":{"line":11,"column":48},"end":{"line":11,"column":60}},"4":{"start":{"line":12,"column":24},"end":{"line":12,"column":36}},"5":{"start":{"line":13,"column":38},"end":{"line":13,"column":50}},"6":{"start":{"line":15,"column":2},"end":{"line":20,"column":14}},"7":{"start":{"line":17,"column":4},"end":{"line":19,"column":5}},"8":{"start":{"line":18,"column":6},"end":{"line":18,"column":17}},"9":{"start":{"line":22,"column":16},"end":{"line":22,"column":54}},"10":{"start":{"line":22,"column":37},"end":{"line":22,"column":53}},"11":{"start":{"line":23,"column":18},"end":{"line":23,"column":58}},"12":{"start":{"line":23,"column":39},"end":{"line":23,"column":57}},"13":{"start":{"line":25,"column":30},"end":{"line":30,"column":3}},"14":{"start":{"line":26,"column":4},"end":{"line":26,"column":23}},"15":{"start":{"line":27,"column":4},"end":{"line":29,"column":5}},"16":{"start":{"line":28,"column":6},"end":{"line":28,"column":74}},"17":{"start":{"line":32,"column":23},"end":{"line":56,"column":3}},"18":{"start":{"line":33,"column":19},"end":{"line":33,"column":21}},"19":{"start":{"line":36,"column":4},"end":{"line":38,"column":5}},"20":{"start":{"line":37,"column":6},"end":{"line":37,"column":37}},"21":{"start":{"line":40,"column":26},"end":{"line":40,"column":65}},"22":{"start":{"line":41,"column":4},"end":{"line":45,"column":5}},"23":{"start":{"line":42,"column":6},"end":{"line":42,"column":47}},"24":{"start":{"line":43,"column":11},"end":{"line":45,"column":5}},"25":{"start":{"line":44,"column":6},"end":{"line":44,"column":140}},"26":{"start":{"line":47,"column":4},"end":{"line":49,"column":5}},"27":{"start":{"line":48,"column":6},"end":{"line":48,"column":62}},"28":{"start":{"line":50,"column":4},"end":{"line":52,"column":5}},"29":{"start":{"line":51,"column":6},"end":{"line":51,"column":65}},"30":{"start":{"line":54,"column":4},"end":{"line":54,"column":26}},"31":{"start":{"line":55,"column":4},"end":{"line":55,"column":44}},"32":{"start":{"line":58,"column":28},"end":{"line":67,"column":3}},"33":{"start":{"line":59,"column":28},"end":{"line":59,"column":36}},"34":{"start":{"line":60,"column":4},"end":{"line":66,"column":5}},"35":{"start":{"line":61,"column":6},"end":{"line":61,"column":25}},"36":{"start":{"line":62,"column":11},"end":{"line":66,"column":5}},"37":{"start":{"line":63,"column":6},"end":{"line":63,"column":32}},"38":{"start":{"line":64,"column":11},"end":{"line":66,"column":5}},"39":{"start":{"line":65,"column":6},"end":{"line":65,"column":20}},"40":{"start":{"line":69,"column":2},"end":{"line":140,"column":4}}},"fnMap":{"0":{"name":"ResetPassword","decl":{"start":{"line":7,"column":9},"end":{"line":7,"column":22}},"loc":{"start":{"line":7,"column":25},"end":{"line":141,"column":1}},"line":7},"1":{"name":"(anonymous_1)","decl":{"start":{"line":15,"column":12},"end":{"line":15,"column":13}},"loc":{"start":{"line":15,"column":18},"end":{"line":20,"column":3}},"line":15},"2":{"name":"(anonymous_2)","decl":{"start":{"line":22,"column":28},"end":{"line":22,"column":29}},"loc":{"start":{"line":22,"column":37},"end":{"line":22,"column":53}},"line":22},"3":{"name":"(anonymous_3)","decl":{"start":{"line":23,"column":30},"end":{"line":23,"column":31}},"loc":{"start":{"line":23,"column":39},"end":{"line":23,"column":57}},"line":23},"4":{"name":"(anonymous_4)","decl":{"start":{"line":25,"column":30},"end":{"line":25,"column":31}},"loc":{"start":{"line":25,"column":43},"end":{"line":30,"column":3}},"line":25},"5":{"name":"(anonymous_5)","decl":{"start":{"line":32,"column":23},"end":{"line":32,"column":24}},"loc":{"start":{"line":32,"column":29},"end":{"line":56,"column":3}},"line":32},"6":{"name":"(anonymous_6)","decl":{"start":{"line":58,"column":28},"end":{"line":58,"column":29}},"loc":{"start":{"line":58,"column":35},"end":{"line":67,"column":3}},"line":58}},"branchMap":{"0":{"loc":{"start":{"line":17,"column":4},"end":{"line":19,"column":5}},"type":"if","locations":[{"start":{"line":17,"column":4},"end":{"line":19,"column":5}},{"start":{},"end":{}}],"line":17},"1":{"loc":{"start":{"line":27,"column":4},"end":{"line":29,"column":5}},"type":"if","locations":[{"start":{"line":27,"column":4},"end":{"line":29,"column":5}},{"start":{},"end":{}}],"line":27},"2":{"loc":{"start":{"line":36,"column":4},"end":{"line":38,"column":5}},"type":"if","locations":[{"start":{"line":36,"column":4},"end":{"line":38,"column":5}},{"start":{},"end":{}}],"line":36},"3":{"loc":{"start":{"line":36,"column":8},"end":{"line":36,"column":22}},"type":"binary-expr","locations":[{"start":{"line":36,"column":8},"end":{"line":36,"column":14}},{"start":{"line":36,"column":18},"end":{"line":36,"column":22}}],"line":36},"4":{"loc":{"start":{"line":41,"column":4},"end":{"line":45,"column":5}},"type":"if","locations":[{"start":{"line":41,"column":4},"end":{"line":45,"column":5}},{"start":{"line":43,"column":11},"end":{"line":45,"column":5}}],"line":41},"5":{"loc":{"start":{"line":43,"column":11},"end":{"line":45,"column":5}},"type":"if","locations":[{"start":{"line":43,"column":11},"end":{"line":45,"column":5}},{"start":{},"end":{}}],"line":43},"6":{"loc":{"start":{"line":47,"column":4},"end":{"line":49,"column":5}},"type":"if","locations":[{"start":{"line":47,"column":4},"end":{"line":49,"column":5}},{"start":{},"end":{}}],"line":47},"7":{"loc":{"start":{"line":50,"column":4},"end":{"line":52,"column":5}},"type":"if","locations":[{"start":{"line":50,"column":4},"end":{"line":52,"column":5}},{"start":{},"end":{}}],"line":50},"8":{"loc":{"start":{"line":60,"column":4},"end":{"line":66,"column":5}},"type":"if","locations":[{"start":{"line":60,"column":4},"end":{"line":66,"column":5}},{"start":{"line":62,"column":11},"end":{"line":66,"column":5}}],"line":60},"9":{"loc":{"start":{"line":62,"column":11},"end":{"line":66,"column":5}},"type":"if","locations":[{"start":{"line":62,"column":11},"end":{"line":66,"column":5}},{"start":{"line":64,"column":11},"end":{"line":66,"column":5}}],"line":62},"10":{"loc":{"start":{"line":64,"column":11},"end":{"line":66,"column":5}},"type":"if","locations":[{"start":{"line":64,"column":11},"end":{"line":66,"column":5}},{"start":{},"end":{}}],"line":64},"11":{"loc":{"start":{"line":81,"column":21},"end":{"line":81,"column":80}},"type":"binary-expr","locations":[{"start":{"line":81,"column":21},"end":{"line":81,"column":26}},{"start":{"line":81,"column":30},"end":{"line":81,"column":80}}],"line":81},"12":{"loc":{"start":{"line":82,"column":21},"end":{"line":82,"column":85}},"type":"binary-expr","locations":[{"start":{"line":82,"column":21},"end":{"line":82,"column":28}},{"start":{"line":82,"column":32},"end":{"line":82,"column":85}}],"line":82},"13":{"loc":{"start":{"line":84,"column":21},"end":{"line":99,"column":21}},"type":"binary-expr","locations":[{"start":{"line":84,"column":21},"end":{"line":84,"column":27}},{"start":{"line":85,"column":22},"end":{"line":98,"column":28}}],"line":84},"14":{"loc":{"start":{"line":89,"column":53},"end":{"line":89,"column":83}},"type":"binary-expr","locations":[{"start":{"line":89,"column":53},"end":{"line":89,"column":67}},{"start":{"line":89,"column":71},"end":{"line":89,"column":83}}],"line":89},"15":{"loc":{"start":{"line":95,"column":60},"end":{"line":95,"column":91}},"type":"cond-expr","locations":[{"start":{"line":95,"column":77},"end":{"line":95,"column":86}},{"start":{"line":95,"column":89},"end":{"line":95,"column":91}}],"line":95},"16":{"loc":{"start":{"line":105,"column":51},"end":{"line":105,"column":86}},"type":"binary-expr","locations":[{"start":{"line":105,"column":51},"end":{"line":105,"column":70}},{"start":{"line":105,"column":74},"end":{"line":105,"column":86}}],"line":105},"17":{"loc":{"start":{"line":111,"column":58},"end":{"line":111,"column":94}},"type":"cond-expr","locations":[{"start":{"line":111,"column":80},"end":{"line":111,"column":89}},{"start":{"line":111,"column":92},"end":{"line":111,"column":94}}],"line":111},"18":{"loc":{"start":{"line":120,"column":51},"end":{"line":120,"column":93}},"type":"binary-expr","locations":[{"start":{"line":120,"column":51},"end":{"line":120,"column":77}},{"start":{"line":120,"column":81},"end":{"line":120,"column":93}}],"line":120},"19":{"loc":{"start":{"line":126,"column":58},"end":{"line":126,"column":101}},"type":"cond-expr","locations":[{"start":{"line":126,"column":87},"end":{"line":126,"column":96}},{"start":{"line":126,"column":99},"end":{"line":126,"column":101}}],"line":126}},"s":{"0":0,"1":0,"2":0,"3":0,"4":0,"5":0,"6":0,"7":0,"8":0,"9":0,"10":0,"11":0,"12":0,"13":0,"14":0,"15":0,"16":0,"17":0,"18":0,"19":0,"20":0,"21":0,"22":0,"23":0,"24":0,"25":0,"26":0,"27":0,"28":0,"29":0,"30":0,"31":0,"32":0,"33":0,"34":0,"35":0,"36":0,"37":0,"38":0,"39":0,"40":0},"f":{"0":0,"1":0,"2":0,"3":0,"4":0,"5":0,"6":0},"b":{"0":[0,0],"1":[0,0],"2":[0,0],"3":[0,0],"4":[0,0],"5":[0,0],"6":[0,0],"7":[0,0],"8":[0,0],"9":[0,0],"10":[0,0],"11":[0,0],"12":[0,0],"13":[0,0],"14":[0,0],"15":[0,0],"16":[0,0],"17":[0,0],"18":[0,0],"19":[0,0]}}
,"D:\\reactpract\\v2solutions_react_boilerplate\\src\\components\\Pages\\RootLayout.js": {"path":"D:\\reactpract\\v2solutions_react_boilerplate\\src\\components\\Pages\\RootLayout.js","statementMap":{"0":{"start":{"line":8,"column":2},"end":{"line":14,"column":4}}},"fnMap":{"0":{"name":"RootLayout","decl":{"start":{"line":5,"column":9},"end":{"line":5,"column":19}},"loc":{"start":{"line":5,"column":22},"end":{"line":15,"column":1}},"line":5}},"branchMap":{},"s":{"0":0},"f":{"0":0},"b":{}}
,"D:\\reactpract\\v2solutions_react_boilerplate\\src\\components\\Pages\\TodoPage.js": {"path":"D:\\reactpract\\v2solutions_react_boilerplate\\src\\components\\Pages\\TodoPage.js","statementMap":{"0":{"start":{"line":6,"column":2},"end":{"line":16,"column":4}}},"fnMap":{"0":{"name":"TodoPage","decl":{"start":{"line":5,"column":9},"end":{"line":5,"column":17}},"loc":{"start":{"line":5,"column":20},"end":{"line":17,"column":1}},"line":5}},"branchMap":{},"s":{"0":0},"f":{"0":0},"b":{}}
,"D:\\reactpract\\v2solutions_react_boilerplate\\src\\components\\UI\\BaseForm\\BaseForm.jsx": {"path":"D:\\reactpract\\v2solutions_react_boilerplate\\src\\components\\UI\\BaseForm\\BaseForm.jsx","statementMap":{"0":{"start":{"line":6,"column":17},"end":{"line":90,"column":1}},"1":{"start":{"line":7,"column":34},"end":{"line":7,"column":61}},"2":{"start":{"line":8,"column":38},"end":{"line":8,"column":52}},"3":{"start":{"line":9,"column":38},"end":{"line":9,"column":50}},"4":{"start":{"line":11,"column":2},"end":{"line":19,"column":33}},"5":{"start":{"line":12,"column":4},"end":{"line":18,"column":5}},"6":{"start":{"line":13,"column":6},"end":{"line":13,"column":31}},"7":{"start":{"line":14,"column":6},"end":{"line":17,"column":7}},"8":{"start":{"line":14,"column":39},"end":{"line":14,"column":61}},"9":{"start":{"line":15,"column":24},"end":{"line":15,"column":70}},"10":{"start":{"line":16,"column":8},"end":{"line":16,"column":31}},"11":{"start":{"line":21,"column":28},"end":{"line":24,"column":3}},"12":{"start":{"line":22,"column":28},"end":{"line":22,"column":36}},"13":{"start":{"line":23,"column":4},"end":{"line":23,"column":48}},"14":{"start":{"line":26,"column":27},"end":{"line":30,"column":3}},"15":{"start":{"line":27,"column":25},"end":{"line":27,"column":58}},"16":{"start":{"line":28,"column":4},"end":{"line":28,"column":52}},"17":{"start":{"line":29,"column":4},"end":{"line":29,"column":24}},"18":{"start":{"line":32,"column":23},"end":{"line":36,"column":3}},"19":{"start":{"line":33,"column":19},"end":{"line":33,"column":44}},"20":{"start":{"line":34,"column":4},"end":{"line":34,"column":26}},"21":{"start":{"line":35,"column":4},"end":{"line":35,"column":44}},"22":{"start":{"line":38,"column":23},"end":{"line":43,"column":3}},"23":{"start":{"line":39,"column":4},"end":{"line":39,"column":23}},"24":{"start":{"line":40,"column":4},"end":{"line":42,"column":5}},"25":{"start":{"line":41,"column":6},"end":{"line":41,"column":25}},"26":{"start":{"line":45,"column":2},"end":{"line":89,"column":4}},"27":{"start":{"line":48,"column":8},"end":{"line":74,"column":14}},"28":{"start":{"line":78,"column":77},"end":{"line":78,"column":87}}},"fnMap":{"0":{"name":"(anonymous_0)","decl":{"start":{"line":6,"column":17},"end":{"line":6,"column":18}},"loc":{"start":{"line":6,"column":88},"end":{"line":90,"column":1}},"line":6},"1":{"name":"(anonymous_1)","decl":{"start":{"line":11,"column":12},"end":{"line":11,"column":13}},"loc":{"start":{"line":11,"column":18},"end":{"line":19,"column":3}},"line":11},"2":{"name":"(anonymous_2)","decl":{"start":{"line":14,"column":27},"end":{"line":14,"column":28}},"loc":{"start":{"line":14,"column":39},"end":{"line":14,"column":61}},"line":14},"3":{"name":"(anonymous_3)","decl":{"start":{"line":21,"column":28},"end":{"line":21,"column":29}},"loc":{"start":{"line":21,"column":35},"end":{"line":24,"column":3}},"line":21},"4":{"name":"(anonymous_4)","decl":{"start":{"line":26,"column":27},"end":{"line":26,"column":28}},"loc":{"start":{"line":26,"column":37},"end":{"line":30,"column":3}},"line":26},"5":{"name":"(anonymous_5)","decl":{"start":{"line":32,"column":23},"end":{"line":32,"column":24}},"loc":{"start":{"line":32,"column":29},"end":{"line":36,"column":3}},"line":32},"6":{"name":"(anonymous_6)","decl":{"start":{"line":38,"column":23},"end":{"line":38,"column":24}},"loc":{"start":{"line":38,"column":30},"end":{"line":43,"column":3}},"line":38},"7":{"name":"(anonymous_7)","decl":{"start":{"line":47,"column":23},"end":{"line":47,"column":24}},"loc":{"start":{"line":48,"column":8},"end":{"line":74,"column":14}},"line":48},"8":{"name":"(anonymous_8)","decl":{"start":{"line":78,"column":71},"end":{"line":78,"column":72}},"loc":{"start":{"line":78,"column":77},"end":{"line":78,"column":87}},"line":78}},"branchMap":{"0":{"loc":{"start":{"line":7,"column":43},"end":{"line":7,"column":60}},"type":"binary-expr","locations":[{"start":{"line":7,"column":43},"end":{"line":7,"column":54}},{"start":{"line":7,"column":58},"end":{"line":7,"column":60}}],"line":7},"1":{"loc":{"start":{"line":12,"column":4},"end":{"line":18,"column":5}},"type":"if","locations":[{"start":{"line":12,"column":4},"end":{"line":18,"column":5}},{"start":{},"end":{}}],"line":12},"2":{"loc":{"start":{"line":14,"column":6},"end":{"line":17,"column":7}},"type":"if","locations":[{"start":{"line":14,"column":6},"end":{"line":17,"column":7}},{"start":{},"end":{}}],"line":14},"3":{"loc":{"start":{"line":40,"column":4},"end":{"line":42,"column":5}},"type":"if","locations":[{"start":{"line":40,"column":4},"end":{"line":42,"column":5}},{"start":{},"end":{}}],"line":40},"4":{"loc":{"start":{"line":52,"column":11},"end":{"line":68,"column":11}},"type":"cond-expr","locations":[{"start":{"line":53,"column":12},"end":{"line":58,"column":14}},{"start":{"line":60,"column":12},"end":{"line":67,"column":14}}],"line":52},"5":{"loc":{"start":{"line":56,"column":41},"end":{"line":56,"column":84}},"type":"cond-expr","locations":[{"start":{"line":56,"column":67},"end":{"line":56,"column":79}},{"start":{"line":56,"column":82},"end":{"line":56,"column":84}}],"line":56},"6":{"loc":{"start":{"line":62,"column":41},"end":{"line":62,"column":84}},"type":"cond-expr","locations":[{"start":{"line":62,"column":67},"end":{"line":62,"column":79}},{"start":{"line":62,"column":82},"end":{"line":62,"column":84}}],"line":62},"7":{"loc":{"start":{"line":65,"column":21},"end":{"line":65,"column":48}},"type":"binary-expr","locations":[{"start":{"line":65,"column":21},"end":{"line":65,"column":42}},{"start":{"line":65,"column":46},"end":{"line":65,"column":48}}],"line":65},"8":{"loc":{"start":{"line":69,"column":11},"end":{"line":73,"column":11}},"type":"binary-expr","locations":[{"start":{"line":69,"column":11},"end":{"line":69,"column":34}},{"start":{"line":70,"column":12},"end":{"line":72,"column":18}}],"line":69},"9":{"loc":{"start":{"line":70,"column":48},"end":{"line":70,"column":88}},"type":"cond-expr","locations":[{"start":{"line":70,"column":74},"end":{"line":70,"column":83}},{"start":{"line":70,"column":86},"end":{"line":70,"column":88}}],"line":70},"10":{"loc":{"start":{"line":77,"column":7},"end":{"line":82,"column":7}},"type":"binary-expr","locations":[{"start":{"line":77,"column":7},"end":{"line":77,"column":15}},{"start":{"line":78,"column":8},"end":{"line":80,"column":17}}],"line":77}},"s":{"0":0,"1":0,"2":0,"3":0,"4":0,"5":0,"6":0,"7":0,"8":0,"9":0,"10":0,"11":0,"12":0,"13":0,"14":0,"15":0,"16":0,"17":0,"18":0,"19":0,"20":0,"21":0,"22":0,"23":0,"24":0,"25":0,"26":0,"27":0,"28":0},"f":{"0":0,"1":0,"2":0,"3":0,"4":0,"5":0,"6":0,"7":0,"8":0},"b":{"0":[0,0],"1":[0,0],"2":[0,0],"3":[0,0],"4":[0,0],"5":[0,0],"6":[0,0],"7":[0,0],"8":[0,0],"9":[0,0],"10":[0,0]}}
,"D:\\reactpract\\v2solutions_react_boilerplate\\src\\components\\UI\\Breadcrumb\\Breadcrumb.jsx": {"path":"D:\\reactpract\\v2solutions_react_boilerplate\\src\\components\\UI\\Breadcrumb\\Breadcrumb.jsx","statementMap":{"0":{"start":{"line":6,"column":19},"end":{"line":52,"column":1}},"1":{"start":{"line":7,"column":19},"end":{"line":7,"column":32}},"2":{"start":{"line":8,"column":20},"end":{"line":8,"column":65}},"3":{"start":{"line":8,"column":63},"end":{"line":8,"column":64}},"4":{"start":{"line":10,"column":2},"end":{"line":51,"column":4}},"5":{"start":{"line":17,"column":26},"end":{"line":17,"column":71}},"6":{"start":{"line":18,"column":25},"end":{"line":18,"column":55}},"7":{"start":{"line":21,"column":30},"end":{"line":21,"column":55}},"8":{"start":{"line":24,"column":28},"end":{"line":24,"column":43}},"9":{"start":{"line":26,"column":10},"end":{"line":47,"column":12}}},"fnMap":{"0":{"name":"(anonymous_0)","decl":{"start":{"line":6,"column":19},"end":{"line":6,"column":20}},"loc":{"start":{"line":6,"column":25},"end":{"line":52,"column":1}},"line":6},"1":{"name":"(anonymous_1)","decl":{"start":{"line":8,"column":56},"end":{"line":8,"column":57}},"loc":{"start":{"line":8,"column":63},"end":{"line":8,"column":64}},"line":8},"2":{"name":"(anonymous_2)","decl":{"start":{"line":16,"column":23},"end":{"line":16,"column":24}},"loc":{"start":{"line":16,"column":40},"end":{"line":48,"column":9}},"line":16}},"branchMap":{"0":{"loc":{"start":{"line":27,"column":58},"end":{"line":27,"column":80}},"type":"cond-expr","locations":[{"start":{"line":27,"column":67},"end":{"line":27,"column":75}},{"start":{"line":27,"column":78},"end":{"line":27,"column":80}}],"line":27},"1":{"loc":{"start":{"line":27,"column":98},"end":{"line":27,"column":125}},"type":"cond-expr","locations":[{"start":{"line":27,"column":107},"end":{"line":27,"column":113}},{"start":{"line":27,"column":116},"end":{"line":27,"column":125}}],"line":27},"2":{"loc":{"start":{"line":28,"column":15},"end":{"line":45,"column":15}},"type":"cond-expr","locations":[{"start":{"line":30,"column":16},"end":{"line":30,"column":76}},{"start":{"line":33,"column":16},"end":{"line":44,"column":17}}],"line":28},"3":{"loc":{"start":{"line":30,"column":16},"end":{"line":30,"column":76}},"type":"cond-expr","locations":[{"start":{"line":30,"column":28},"end":{"line":30,"column":32}},{"start":{"line":30,"column":36},"end":{"line":30,"column":75}}],"line":30},"4":{"loc":{"start":{"line":30,"column":36},"end":{"line":30,"column":75}},"type":"cond-expr","locations":[{"start":{"line":30,"column":50},"end":{"line":30,"column":54}},{"start":{"line":30,"column":57},"end":{"line":30,"column":75}}],"line":30},"5":{"loc":{"start":{"line":33,"column":16},"end":{"line":44,"column":17}},"type":"cond-expr","locations":[{"start":{"line":34,"column":18},"end":{"line":38,"column":21}},{"start":{"line":40,"column":18},"end":{"line":43,"column":21}}],"line":33}},"s":{"0":0,"1":0,"2":0,"3":0,"4":0,"5":0,"6":0,"7":0,"8":0,"9":0},"f":{"0":0,"1":0,"2":0},"b":{"0":[0,0],"1":[0,0],"2":[0,0],"3":[0,0],"4":[0,0],"5":[0,0]}}
,"D:\\reactpract\\v2solutions_react_boilerplate\\src\\components\\UI\\Footer\\Footer.jsx": {"path":"D:\\reactpract\\v2solutions_react_boilerplate\\src\\components\\UI\\Footer\\Footer.jsx","statementMap":{"0":{"start":{"line":4,"column":2},"end":{"line":11,"column":3}}},"fnMap":{"0":{"name":"Footer","decl":{"start":{"line":3,"column":9},"end":{"line":3,"column":15}},"loc":{"start":{"line":3,"column":18},"end":{"line":12,"column":1}},"line":3}},"branchMap":{},"s":{"0":6},"f":{"0":6},"b":{},"_coverageSchema":"1a1c01bbd47fc00a2c39e90264f33305004495a9","hash":"1a88746a05ed527ef2ce6f082582228a8626b382"}
,"D:\\reactpract\\v2solutions_react_boilerplate\\src\\components\\UI\\Header\\Header.jsx": {"path":"D:\\reactpract\\v2solutions_react_boilerplate\\src\\components\\UI\\Header\\Header.jsx","statementMap":{"0":{"start":{"line":10,"column":19},"end":{"line":10,"column":32}},"1":{"start":{"line":11,"column":19},"end":{"line":11,"column":32}},"2":{"start":{"line":12,"column":19},"end":{"line":12,"column":32}},"3":{"start":{"line":14,"column":23},"end":{"line":17,"column":3}},"4":{"start":{"line":15,"column":4},"end":{"line":15,"column":25}},"5":{"start":{"line":16,"column":4},"end":{"line":16,"column":18}},"6":{"start":{"line":19,"column":2},"end":{"line":42,"column":3}},"7":{"start":{"line":45,"column":24},"end":{"line":47,"column":2}},"8":{"start":{"line":45,"column":36},"end":{"line":47,"column":1}}},"fnMap":{"0":{"name":"Header","decl":{"start":{"line":9,"column":9},"end":{"line":9,"column":15}},"loc":{"start":{"line":9,"column":49},"end":{"line":43,"column":1}},"line":9},"1":{"name":"(anonymous_1)","decl":{"start":{"line":14,"column":23},"end":{"line":14,"column":24}},"loc":{"start":{"line":14,"column":29},"end":{"line":17,"column":3}},"line":14},"2":{"name":"(anonymous_2)","decl":{"start":{"line":45,"column":24},"end":{"line":45,"column":25}},"loc":{"start":{"line":45,"column":36},"end":{"line":47,"column":1}},"line":45}},"branchMap":{"0":{"loc":{"start":{"line":25,"column":35},"end":{"line":25,"column":80}},"type":"cond-expr","locations":[{"start":{"line":25,"column":67},"end":{"line":25,"column":75}},{"start":{"line":25,"column":78},"end":{"line":25,"column":80}}],"line":25},"1":{"loc":{"start":{"line":28,"column":35},"end":{"line":28,"column":84}},"type":"cond-expr","locations":[{"start":{"line":28,"column":71},"end":{"line":28,"column":79}},{"start":{"line":28,"column":82},"end":{"line":28,"column":84}}],"line":28},"2":{"loc":{"start":{"line":31,"column":17},"end":{"line":39,"column":15}},"type":"cond-expr","locations":[{"start":{"line":32,"column":18},"end":{"line":34,"column":23}},{"start":{"line":36,"column":18},"end":{"line":38,"column":23}}],"line":31}},"s":{"0":0,"1":0,"2":0,"3":0,"4":0,"5":0,"6":0,"7":0,"8":0},"f":{"0":0,"1":0,"2":0},"b":{"0":[0,0],"1":[0,0],"2":[0,0]}}
,"D:\\reactpract\\v2solutions_react_boilerplate\\src\\components\\UI\\ListBase\\ListBase.jsx": {"path":"D:\\reactpract\\v2solutions_react_boilerplate\\src\\components\\UI\\ListBase\\ListBase.jsx","statementMap":{"0":{"start":{"line":6,"column":17},"end":{"line":243,"column":1}},"1":{"start":{"line":15,"column":36},"end":{"line":15,"column":59}},"2":{"start":{"line":16,"column":26},"end":{"line":16,"column":38}},"3":{"start":{"line":17,"column":46},"end":{"line":17,"column":58}},"4":{"start":{"line":19,"column":38},"end":{"line":19,"column":66}},"5":{"start":{"line":20,"column":36},"end":{"line":20,"column":51}},"6":{"start":{"line":21,"column":40},"end":{"line":21,"column":68}},"7":{"start":{"line":22,"column":44},"end":{"line":22,"column":59}},"8":{"start":{"line":24,"column":40},"end":{"line":24,"column":51}},"9":{"start":{"line":25,"column":38},"end":{"line":25,"column":49}},"10":{"start":{"line":28,"column":2},"end":{"line":35,"column":23}},"11":{"start":{"line":29,"column":4},"end":{"line":29,"column":22}},"12":{"start":{"line":30,"column":18},"end":{"line":32,"column":12}},"13":{"start":{"line":31,"column":6},"end":{"line":31,"column":28}},"14":{"start":{"line":34,"column":4},"end":{"line":34,"column":37}},"15":{"start":{"line":34,"column":17},"end":{"line":34,"column":36}},"16":{"start":{"line":37,"column":2},"end":{"line":39,"column":20}},"17":{"start":{"line":38,"column":4},"end":{"line":38,"column":23}},"18":{"start":{"line":41,"column":26},"end":{"line":56,"column":3}},"19":{"start":{"line":42,"column":4},"end":{"line":55,"column":5}},"20":{"start":{"line":43,"column":23},"end":{"line":43,"column":143}},"21":{"start":{"line":44,"column":6},"end":{"line":52,"column":7}},"22":{"start":{"line":45,"column":8},"end":{"line":45,"column":31}},"23":{"start":{"line":46,"column":8},"end":{"line":46,"column":43}},"24":{"start":{"line":47,"column":8},"end":{"line":47,"column":29}},"25":{"start":{"line":48,"column":13},"end":{"line":52,"column":7}},"26":{"start":{"line":49,"column":8},"end":{"line":49,"column":50}},"27":{"start":{"line":51,"column":8},"end":{"line":51,"column":54}},"28":{"start":{"line":54,"column":6},"end":{"line":54,"column":49}},"29":{"start":{"line":58,"column":23},"end":{"line":76,"column":3}},"30":{"start":{"line":60,"column":4},"end":{"line":75,"column":5}},"31":{"start":{"line":61,"column":6},"end":{"line":74,"column":7}},"32":{"start":{"line":62,"column":25},"end":{"line":62,"column":60}},"33":{"start":{"line":63,"column":8},"end":{"line":71,"column":9}},"34":{"start":{"line":64,"column":10},"end":{"line":64,"column":58}},"35":{"start":{"line":65,"column":10},"end":{"line":65,"column":34}},"36":{"start":{"line":66,"column":10},"end":{"line":66,"column":39}},"37":{"start":{"line":67,"column":15},"end":{"line":71,"column":9}},"38":{"start":{"line":68,"column":10},"end":{"line":68,"column":52}},"39":{"start":{"line":70,"column":10},"end":{"line":70,"column":56}},"40":{"start":{"line":73,"column":8},"end":{"line":73,"column":51}},"41":{"start":{"line":80,"column":34},"end":{"line":83,"column":3}},"42":{"start":{"line":81,"column":27},"end":{"line":81,"column":55}},"43":{"start":{"line":82,"column":4},"end":{"line":82,"column":35}},"44":{"start":{"line":85,"column":30},"end":{"line":91,"column":3}},"45":{"start":{"line":86,"column":25},"end":{"line":86,"column":85}},"46":{"start":{"line":87,"column":4},"end":{"line":87,"column":25}},"47":{"start":{"line":88,"column":4},"end":{"line":88,"column":31}},"48":{"start":{"line":90,"column":4},"end":{"line":90,"column":46}},"49":{"start":{"line":93,"column":30},"end":{"line":105,"column":3}},"50":{"start":{"line":94,"column":26},"end":{"line":94,"column":32}},"51":{"start":{"line":95,"column":18},"end":{"line":95,"column":27}},"52":{"start":{"line":97,"column":4},"end":{"line":104,"column":5}},"53":{"start":{"line":99,"column":8},"end":{"line":99,"column":36}},"54":{"start":{"line":101,"column":8},"end":{"line":101,"column":65}},"55":{"start":{"line":103,"column":8},"end":{"line":103,"column":36}},"56":{"start":{"line":107,"column":26},"end":{"line":138,"column":1}},"57":{"start":{"line":108,"column":2},"end":{"line":137,"column":5}},"58":{"start":{"line":109,"column":4},"end":{"line":136,"column":9}},"59":{"start":{"line":111,"column":8},"end":{"line":111,"column":69}},"60":{"start":{"line":122,"column":27},"end":{"line":122,"column":44}},"61":{"start":{"line":130,"column":13},"end":{"line":130,"column":36}},"62":{"start":{"line":142,"column":2},"end":{"line":242,"column":4}},"63":{"start":{"line":154,"column":35},"end":{"line":154,"column":90}},"64":{"start":{"line":162,"column":22},"end":{"line":164,"column":27}},"65":{"start":{"line":162,"column":58},"end":{"line":162,"column":89}},"66":{"start":{"line":176,"column":22},"end":{"line":180,"column":27}},"67":{"start":{"line":177,"column":69},"end":{"line":177,"column":94}},"68":{"start":{"line":196,"column":22},"end":{"line":198,"column":31}},"69":{"start":{"line":213,"column":41},"end":{"line":213,"column":64}},"70":{"start":{"line":225,"column":41},"end":{"line":225,"column":63}}},"fnMap":{"0":{"name":"(anonymous_0)","decl":{"start":{"line":6,"column":17},"end":{"line":6,"column":18}},"loc":{"start":{"line":13,"column":6},"end":{"line":243,"column":1}},"line":13},"1":{"name":"(anonymous_1)","decl":{"start":{"line":28,"column":12},"end":{"line":28,"column":13}},"loc":{"start":{"line":28,"column":18},"end":{"line":35,"column":3}},"line":28},"2":{"name":"(anonymous_2)","decl":{"start":{"line":30,"column":29},"end":{"line":30,"column":30}},"loc":{"start":{"line":30,"column":35},"end":{"line":32,"column":5}},"line":30},"3":{"name":"(anonymous_3)","decl":{"start":{"line":34,"column":11},"end":{"line":34,"column":12}},"loc":{"start":{"line":34,"column":17},"end":{"line":34,"column":36}},"line":34},"4":{"name":"(anonymous_4)","decl":{"start":{"line":37,"column":12},"end":{"line":37,"column":13}},"loc":{"start":{"line":37,"column":18},"end":{"line":39,"column":3}},"line":37},"5":{"name":"(anonymous_5)","decl":{"start":{"line":41,"column":26},"end":{"line":41,"column":27}},"loc":{"start":{"line":41,"column":64},"end":{"line":56,"column":3}},"line":41},"6":{"name":"(anonymous_6)","decl":{"start":{"line":58,"column":23},"end":{"line":58,"column":24}},"loc":{"start":{"line":58,"column":35},"end":{"line":76,"column":3}},"line":58},"7":{"name":"(anonymous_7)","decl":{"start":{"line":80,"column":34},"end":{"line":80,"column":35}},"loc":{"start":{"line":80,"column":41},"end":{"line":83,"column":3}},"line":80},"8":{"name":"(anonymous_8)","decl":{"start":{"line":85,"column":30},"end":{"line":85,"column":31}},"loc":{"start":{"line":85,"column":59},"end":{"line":91,"column":3}},"line":85},"9":{"name":"(anonymous_9)","decl":{"start":{"line":93,"column":30},"end":{"line":93,"column":31}},"loc":{"start":{"line":93,"column":48},"end":{"line":105,"column":3}},"line":93},"10":{"name":"(anonymous_10)","decl":{"start":{"line":107,"column":26},"end":{"line":107,"column":27}},"loc":{"start":{"line":107,"column":32},"end":{"line":138,"column":1}},"line":107},"11":{"name":"(anonymous_11)","decl":{"start":{"line":108,"column":26},"end":{"line":108,"column":27}},"loc":{"start":{"line":109,"column":4},"end":{"line":136,"column":9}},"line":109},"12":{"name":"(anonymous_12)","decl":{"start":{"line":110,"column":23},"end":{"line":110,"column":24}},"loc":{"start":{"line":111,"column":8},"end":{"line":111,"column":69}},"line":111},"13":{"name":"(anonymous_13)","decl":{"start":{"line":122,"column":21},"end":{"line":122,"column":22}},"loc":{"start":{"line":122,"column":27},"end":{"line":122,"column":44}},"line":122},"14":{"name":"(anonymous_14)","decl":{"start":{"line":129,"column":19},"end":{"line":129,"column":20}},"loc":{"start":{"line":129,"column":25},"end":{"line":131,"column":11}},"line":129},"15":{"name":"(anonymous_15)","decl":{"start":{"line":154,"column":28},"end":{"line":154,"column":29}},"loc":{"start":{"line":154,"column":35},"end":{"line":154,"column":90}},"line":154},"16":{"name":"(anonymous_16)","decl":{"start":{"line":161,"column":37},"end":{"line":161,"column":38}},"loc":{"start":{"line":162,"column":22},"end":{"line":164,"column":27}},"line":162},"17":{"name":"(anonymous_17)","decl":{"start":{"line":162,"column":52},"end":{"line":162,"column":53}},"loc":{"start":{"line":162,"column":58},"end":{"line":162,"column":89}},"line":162},"18":{"name":"(anonymous_18)","decl":{"start":{"line":175,"column":55},"end":{"line":175,"column":56}},"loc":{"start":{"line":176,"column":22},"end":{"line":180,"column":27}},"line":176},"19":{"name":"(anonymous_19)","decl":{"start":{"line":177,"column":63},"end":{"line":177,"column":64}},"loc":{"start":{"line":177,"column":69},"end":{"line":177,"column":94}},"line":177},"20":{"name":"(anonymous_20)","decl":{"start":{"line":195,"column":44},"end":{"line":195,"column":45}},"loc":{"start":{"line":196,"column":22},"end":{"line":198,"column":31}},"line":196},"21":{"name":"(anonymous_21)","decl":{"start":{"line":213,"column":35},"end":{"line":213,"column":36}},"loc":{"start":{"line":213,"column":41},"end":{"line":213,"column":64}},"line":213},"22":{"name":"(anonymous_22)","decl":{"start":{"line":225,"column":35},"end":{"line":225,"column":36}},"loc":{"start":{"line":225,"column":41},"end":{"line":225,"column":63}},"line":225}},"branchMap":{"0":{"loc":{"start":{"line":9,"column":2},"end":{"line":9,"column":34}},"type":"default-arg","locations":[{"start":{"line":9,"column":23},"end":{"line":9,"column":34}}],"line":9},"1":{"loc":{"start":{"line":10,"column":2},"end":{"line":10,"column":24}},"type":"default-arg","locations":[{"start":{"line":10,"column":23},"end":{"line":10,"column":24}}],"line":10},"2":{"loc":{"start":{"line":41,"column":33},"end":{"line":41,"column":41}},"type":"default-arg","locations":[{"start":{"line":41,"column":40},"end":{"line":41,"column":41}}],"line":41},"3":{"loc":{"start":{"line":41,"column":43},"end":{"line":41,"column":59}},"type":"default-arg","locations":[{"start":{"line":41,"column":57},"end":{"line":41,"column":59}}],"line":41},"4":{"loc":{"start":{"line":44,"column":6},"end":{"line":52,"column":7}},"type":"if","locations":[{"start":{"line":44,"column":6},"end":{"line":52,"column":7}},{"start":{"line":48,"column":13},"end":{"line":52,"column":7}}],"line":44},"5":{"loc":{"start":{"line":44,"column":10},"end":{"line":44,"column":37}},"type":"binary-expr","locations":[{"start":{"line":44,"column":10},"end":{"line":44,"column":18}},{"start":{"line":44,"column":22},"end":{"line":44,"column":37}}],"line":44},"6":{"loc":{"start":{"line":48,"column":13},"end":{"line":52,"column":7}},"type":"if","locations":[{"start":{"line":48,"column":13},"end":{"line":52,"column":7}},{"start":{"line":50,"column":13},"end":{"line":52,"column":7}}],"line":48},"7":{"loc":{"start":{"line":48,"column":17},"end":{"line":48,"column":43}},"type":"binary-expr","locations":[{"start":{"line":48,"column":17},"end":{"line":48,"column":25}},{"start":{"line":48,"column":29},"end":{"line":48,"column":43}}],"line":48},"8":{"loc":{"start":{"line":60,"column":4},"end":{"line":75,"column":5}},"type":"if","locations":[{"start":{"line":60,"column":4},"end":{"line":75,"column":5}},{"start":{},"end":{}}],"line":60},"9":{"loc":{"start":{"line":63,"column":8},"end":{"line":71,"column":9}},"type":"if","locations":[{"start":{"line":63,"column":8},"end":{"line":71,"column":9}},{"start":{"line":67,"column":15},"end":{"line":71,"column":9}}],"line":63},"10":{"loc":{"start":{"line":63,"column":12},"end":{"line":63,"column":39}},"type":"binary-expr","locations":[{"start":{"line":63,"column":12},"end":{"line":63,"column":20}},{"start":{"line":63,"column":24},"end":{"line":63,"column":39}}],"line":63},"11":{"loc":{"start":{"line":67,"column":15},"end":{"line":71,"column":9}},"type":"if","locations":[{"start":{"line":67,"column":15},"end":{"line":71,"column":9}},{"start":{"line":69,"column":15},"end":{"line":71,"column":9}}],"line":67},"12":{"loc":{"start":{"line":67,"column":19},"end":{"line":67,"column":45}},"type":"binary-expr","locations":[{"start":{"line":67,"column":19},"end":{"line":67,"column":27}},{"start":{"line":67,"column":31},"end":{"line":67,"column":45}}],"line":67},"13":{"loc":{"start":{"line":85,"column":44},"end":{"line":85,"column":54}},"type":"default-arg","locations":[{"start":{"line":85,"column":52},"end":{"line":85,"column":54}}],"line":85},"14":{"loc":{"start":{"line":86,"column":25},"end":{"line":86,"column":85}},"type":"cond-expr","locations":[{"start":{"line":86,"column":71},"end":{"line":86,"column":77}},{"start":{"line":86,"column":80},"end":{"line":86,"column":85}}],"line":86},"15":{"loc":{"start":{"line":86,"column":25},"end":{"line":86,"column":68}},"type":"binary-expr","locations":[{"start":{"line":86,"column":25},"end":{"line":86,"column":45}},{"start":{"line":86,"column":49},"end":{"line":86,"column":68}}],"line":86},"16":{"loc":{"start":{"line":97,"column":4},"end":{"line":104,"column":5}},"type":"switch","locations":[{"start":{"line":98,"column":6},"end":{"line":99,"column":36}},{"start":{"line":100,"column":6},"end":{"line":101,"column":65}},{"start":{"line":102,"column":6},"end":{"line":103,"column":36}}],"line":97},"17":{"loc":{"start":{"line":108,"column":9},"end":{"line":137,"column":4}},"type":"binary-expr","locations":[{"start":{"line":108,"column":9},"end":{"line":108,"column":13}},{"start":{"line":108,"column":17},"end":{"line":137,"column":4}}],"line":108},"18":{"loc":{"start":{"line":114,"column":9},"end":{"line":118,"column":9}},"type":"binary-expr","locations":[{"start":{"line":114,"column":9},"end":{"line":114,"column":25}},{"start":{"line":115,"column":10},"end":{"line":117,"column":17}}],"line":114},"19":{"loc":{"start":{"line":119,"column":9},"end":{"line":126,"column":9}},"type":"binary-expr","locations":[{"start":{"line":119,"column":9},"end":{"line":119,"column":20}},{"start":{"line":120,"column":10},"end":{"line":125,"column":19}}],"line":119},"20":{"loc":{"start":{"line":148,"column":15},"end":{"line":148,"column":92}},"type":"binary-expr","locations":[{"start":{"line":148,"column":15},"end":{"line":148,"column":29}},{"start":{"line":148,"column":33},"end":{"line":148,"column":92}}],"line":148},"21":{"loc":{"start":{"line":163,"column":40},"end":{"line":163,"column":102}},"type":"binary-expr","locations":[{"start":{"line":163,"column":40},"end":{"line":163,"column":65}},{"start":{"line":163,"column":70},"end":{"line":163,"column":101}}],"line":163},"22":{"loc":{"start":{"line":163,"column":70},"end":{"line":163,"column":101}},"type":"cond-expr","locations":[{"start":{"line":163,"column":92},"end":{"line":163,"column":95}},{"start":{"line":163,"column":98},"end":{"line":163,"column":101}}],"line":163},"23":{"loc":{"start":{"line":176,"column":65},"end":{"line":176,"column":105}},"type":"cond-expr","locations":[{"start":{"line":176,"column":92},"end":{"line":176,"column":100}},{"start":{"line":176,"column":103},"end":{"line":176,"column":105}}],"line":176},"24":{"loc":{"start":{"line":204,"column":15},"end":{"line":236,"column":15}},"type":"binary-expr","locations":[{"start":{"line":204,"column":15},"end":{"line":204,"column":28}},{"start":{"line":205,"column":16},"end":{"line":235,"column":22}}],"line":204}},"s":{"0":1,"1":2,"2":2,"3":2,"4":2,"5":2,"6":2,"7":2,"8":2,"9":2,"10":2,"11":1,"12":1,"13":0,"14":1,"15":1,"16":2,"17":1,"18":2,"19":2,"20":2,"21":2,"22":2,"23":2,"24":2,"25":0,"26":0,"27":0,"28":0,"29":2,"30":0,"31":0,"32":0,"33":0,"34":0,"35":0,"36":0,"37":0,"38":0,"39":0,"40":0,"41":2,"42":0,"43":0,"44":2,"45":0,"46":0,"47":0,"48":0,"49":2,"50":0,"51":0,"52":0,"53":0,"54":0,"55":0,"56":2,"57":2,"58":0,"59":0,"60":0,"61":0,"62":2,"63":0,"64":10,"65":0,"66":2,"67":0,"68":6,"69":0,"70":0},"f":{"0":2,"1":1,"2":0,"3":1,"4":1,"5":2,"6":0,"7":0,"8":0,"9":0,"10":2,"11":0,"12":0,"13":0,"14":0,"15":0,"16":10,"17":0,"18":2,"19":0,"20":6,"21":0,"22":0},"b":{"0":[2],"1":[2],"2":[1],"3":[2],"4":[2,0],"5":[2,2],"6":[0,0],"7":[0,0],"8":[0,0],"9":[0,0],"10":[0,0],"11":[0,0],"12":[0,0],"13":[0],"14":[0,0],"15":[0,0],"16":[0,0,0],"17":[2,1],"18":[0,0],"19":[0,0],"20":[2,0],"21":[10,2],"22":[2,0],"23":[2,0],"24":[2,0]},"_coverageSchema":"1a1c01bbd47fc00a2c39e90264f33305004495a9","hash":"3ee8e7a5f4a12d05f648bb5e29e830940f2f6373"}
,"D:\\reactpract\\v2solutions_react_boilerplate\\src\\components\\Util\\Google\\GoogleLoginButton.jsx": {"path":"D:\\reactpract\\v2solutions_react_boilerplate\\src\\components\\Util\\Google\\GoogleLoginButton.jsx","statementMap":{"0":{"start":{"line":7,"column":26},"end":{"line":34,"column":1}},"1":{"start":{"line":8,"column":19},"end":{"line":8,"column":32}},"2":{"start":{"line":9,"column":19},"end":{"line":9,"column":32}},"3":{"start":{"line":11,"column":35},"end":{"line":21,"column":3}},"4":{"start":{"line":12,"column":31},"end":{"line":12,"column":84}},"5":{"start":{"line":14,"column":4},"end":{"line":19,"column":5}},"6":{"start":{"line":16,"column":6},"end":{"line":16,"column":20}},"7":{"start":{"line":23,"column":2},"end":{"line":33,"column":4}},"8":{"start":{"line":27,"column":8},"end":{"line":27,"column":36}},"9":{"start":{"line":28,"column":8},"end":{"line":30,"column":9}},"10":{"start":{"line":29,"column":10},"end":{"line":29,"column":34}}},"fnMap":{"0":{"name":"(anonymous_0)","decl":{"start":{"line":7,"column":26},"end":{"line":7,"column":27}},"loc":{"start":{"line":7,"column":54},"end":{"line":34,"column":1}},"line":7},"1":{"name":"(anonymous_1)","decl":{"start":{"line":11,"column":35},"end":{"line":11,"column":36}},"loc":{"start":{"line":11,"column":65},"end":{"line":21,"column":3}},"line":11},"2":{"name":"(anonymous_2)","decl":{"start":{"line":26,"column":15},"end":{"line":26,"column":16}},"loc":{"start":{"line":26,"column":21},"end":{"line":31,"column":7}},"line":26}},"branchMap":{"0":{"loc":{"start":{"line":14,"column":4},"end":{"line":19,"column":5}},"type":"if","locations":[{"start":{"line":14,"column":4},"end":{"line":19,"column":5}},{"start":{"line":17,"column":11},"end":{"line":19,"column":5}}],"line":14},"1":{"loc":{"start":{"line":14,"column":8},"end":{"line":14,"column":56}},"type":"binary-expr","locations":[{"start":{"line":14,"column":8},"end":{"line":14,"column":26}},{"start":{"line":14,"column":30},"end":{"line":14,"column":56}}],"line":14},"2":{"loc":{"start":{"line":28,"column":8},"end":{"line":30,"column":9}},"type":"if","locations":[{"start":{"line":28,"column":8},"end":{"line":30,"column":9}},{"start":{},"end":{}}],"line":28}},"s":{"0":1,"1":3,"2":3,"3":3,"4":0,"5":0,"6":0,"7":3,"8":0,"9":0,"10":0},"f":{"0":3,"1":0,"2":0},"b":{"0":[0,0],"1":[0,0],"2":[0,0]},"_coverageSchema":"1a1c01bbd47fc00a2c39e90264f33305004495a9","hash":"2ee7c74c9c75f9fa642dc1795b955ad39030b98a"}
,"D:\\reactpract\\v2solutions_react_boilerplate\\src\\configs\\apiBaseUrl.js": {"path":"D:\\reactpract\\v2solutions_react_boilerplate\\src\\configs\\apiBaseUrl.js","statementMap":{"0":{"start":{"line":1,"column":21},"end":{"line":1,"column":58}}},"fnMap":{},"branchMap":{},"s":{"0":2},"f":{},"b":{},"_coverageSchema":"1a1c01bbd47fc00a2c39e90264f33305004495a9","hash":"a06fa00dd0ed51f23d8ea4f8ed2bfa58ce6246a9"}
,"D:\\reactpract\\v2solutions_react_boilerplate\\src\\configs\\apiConfig.js": {"path":"D:\\reactpract\\v2solutions_react_boilerplate\\src\\configs\\apiConfig.js","statementMap":{"0":{"start":{"line":1,"column":22},"end":{"line":5,"column":1}}},"fnMap":{},"branchMap":{},"s":{"0":1},"f":{},"b":{},"_coverageSchema":"1a1c01bbd47fc00a2c39e90264f33305004495a9","hash":"d50443c0d563f045442cf0a0c8c3665dbc0901d8"}
,"D:\\reactpract\\v2solutions_react_boilerplate\\src\\hooks\\useCrudApi.js": {"path":"D:\\reactpract\\v2solutions_react_boilerplate\\src\\hooks\\useCrudApi.js","statementMap":{"0":{"start":{"line":6,"column":19},"end":{"line":77,"column":1}},"1":{"start":{"line":9,"column":36},"end":{"line":9,"column":50}},"2":{"start":{"line":10,"column":28},"end":{"line":10,"column":42}},"3":{"start":{"line":12,"column":20},"end":{"line":25,"column":3}},"4":{"start":{"line":13,"column":4},"end":{"line":13,"column":22}},"5":{"start":{"line":14,"column":4},"end":{"line":14,"column":18}},"6":{"start":{"line":16,"column":4},"end":{"line":22,"column":5}},"7":{"start":{"line":18,"column":23},"end":{"line":18,"column":73}},"8":{"start":{"line":19,"column":6},"end":{"line":19,"column":26}},"9":{"start":{"line":21,"column":6},"end":{"line":21,"column":21}},"10":{"start":{"line":24,"column":4},"end":{"line":24,"column":23}},"11":{"start":{"line":27,"column":19},"end":{"line":34,"column":3}},"12":{"start":{"line":28,"column":4},"end":{"line":33,"column":5}},"13":{"start":{"line":29,"column":23},"end":{"line":29,"column":76}},"14":{"start":{"line":30,"column":6},"end":{"line":30,"column":21}},"15":{"start":{"line":32,"column":6},"end":{"line":32,"column":18}},"16":{"start":{"line":36,"column":18},"end":{"line":48,"column":3}},"17":{"start":{"line":37,"column":4},"end":{"line":37,"column":22}},"18":{"start":{"line":38,"column":4},"end":{"line":38,"column":18}},"19":{"start":{"line":40,"column":4},"end":{"line":45,"column":5}},"20":{"start":{"line":41,"column":23},"end":{"line":41,"column":72}},"21":{"start":{"line":42,"column":6},"end":{"line":42,"column":31}},"22":{"start":{"line":44,"column":6},"end":{"line":44,"column":21}},"23":{"start":{"line":47,"column":4},"end":{"line":47,"column":23}},"24":{"start":{"line":50,"column":21},"end":{"line":61,"column":3}},"25":{"start":{"line":51,"column":4},"end":{"line":60,"column":5}},"26":{"start":{"line":52,"column":23},"end":{"line":55,"column":7}},"27":{"start":{"line":56,"column":6},"end":{"line":56,"column":21}},"28":{"start":{"line":59,"column":6},"end":{"line":59,"column":18}},"29":{"start":{"line":63,"column":21},"end":{"line":70,"column":3}},"30":{"start":{"line":64,"column":4},"end":{"line":69,"column":5}},"31":{"start":{"line":65,"column":23},"end":{"line":65,"column":90}},"32":{"start":{"line":66,"column":6},"end":{"line":66,"column":21}
[...]
89,"column":8},"end":{"line":89,"column":81}},"40":{"start":{"line":90,"column":8},"end":{"line":90,"column":33}},"41":{"start":{"line":92,"column":21},"end":{"line":92,"column":42}},"42":{"start":{"line":94,"column":8},"end":{"line":94,"column":63}},"43":{"start":{"line":95,"column":8},"end":{"line":95,"column":31}},"44":{"start":{"line":99,"column":6},"end":{"line":99,"column":43}},"45":{"start":{"line":100,"column":6},"end":{"line":100,"column":29}},"46":{"start":{"line":106,"column":35},"end":{"line":142,"column":1}},"47":{"start":{"line":108,"column":2},"end":{"line":141,"column":4}},"48":{"start":{"line":109,"column":4},"end":{"line":140,"column":5}},"49":{"start":{"line":110,"column":24},"end":{"line":110,"column":53}},"50":{"start":{"line":113,"column":6},"end":{"line":115,"column":7}},"51":{"start":{"line":114,"column":8},"end":{"line":114,"column":30}},"52":{"start":{"line":118,"column":6},"end":{"line":120,"column":7}},"53":{"start":{"line":119,"column":8},"end":{"line":119,"column":34}},"54":{"start":{"line":122,"column":23},"end":{"line":128,"column":8}},"55":{"start":{"line":130,"column":6},"end":{"line":137,"column":7}},"56":{"start":{"line":131,"column":21},"end":{"line":131,"column":42}},"57":{"start":{"line":132,"column":8},"end":{"line":132,"column":76}},"58":{"start":{"line":133,"column":8},"end":{"line":133,"column":33}},"59":{"start":{"line":135,"column":21},"end":{"line":135,"column":42}},"60":{"start":{"line":136,"column":8},"end":{"line":136,"column":71}},"61":{"start":{"line":139,"column":6},"end":{"line":139,"column":51}},"62":{"start":{"line":144,"column":26},"end":{"line":152,"column":1}},"63":{"start":{"line":145,"column":2},"end":{"line":151,"column":3}},"64":{"start":{"line":146,"column":4},"end":{"line":150,"column":5}},"65":{"start":{"line":147,"column":8},"end":{"line":147,"column":72}},"66":{"start":{"line":149,"column":6},"end":{"line":149,"column":48}},"67":{"start":{"line":154,"column":31},"end":{"line":170,"column":1}},"68":{"start":{"line":156,"column":2},"end":{"line":169,"column":4}},"69":{"start":{"line":158,"column":18},"end":{"line":158,"column":47}},"70":{"start":{"line":159,"column":4},"end":{"line":166,"column":5}},"71":{"start":{"line":160,"column":6},"end":{"line":165,"column":7}},"72":{"start":{"line":163,"column":8},"end":{"line":163,"column":64}},"73":{"start":{"line":164,"column":8},"end":{"line":164,"column":20}},"74":{"start":{"line":167,"column":4},"end":{"line":167,"column":29}},"75":{"start":{"line":173,"column":25},"end":{"line":204,"column":1}},"76":{"start":{"line":174,"column":2},"end":{"line":203,"column":4}},"77":{"start":{"line":175,"column":4},"end":{"line":202,"column":5}},"78":{"start":{"line":177,"column":23},"end":{"line":183,"column":8}},"79":{"start":{"line":186,"column":6},"end":{"line":198,"column":7}},"80":{"start":{"line":187,"column":21},"end":{"line":187,"column":42}},"81":{"start":{"line":189,"column":8},"end":{"line":189,"column":53}},"82":{"start":{"line":191,"column":8},"end":{"line":191,"column":59}},"83":{"start":{"line":193,"column":8},"end":{"line":193,"column":33}},"84":{"start":{"line":195,"column":21},"end":{"line":195,"column":42}},"85":{"start":{"line":196,"column":8},"end":{"line":196,"column":63}},"86":{"start":{"line":197,"column":8},"end":{"line":197,"column":34}},"87":{"start":{"line":200,"column":6},"end":{"line":200,"column":42}},"88":{"start":{"line":201,"column":6},"end":{"line":201,"column":32}},"89":{"start":{"line":207,"column":33},"end":{"line":236,"column":1}},"90":{"start":{"line":209,"column":2},"end":{"line":235,"column":4}},"91":{"start":{"line":210,"column":4},"end":{"line":234,"column":5}},"92":{"start":{"line":211,"column":32},"end":{"line":211,"column":61}},"93":{"start":{"line":213,"column":23},"end":{"line":219,"column":8}},"94":{"start":{"line":221,"column":6},"end":{"line":230,"column":7}},"95":{"start":{"line":222,"column":21},"end":{"line":222,"column":42}},"96":{"start":{"line":223,"column":8},"end":{"line":223,"column":53}},"97":{"start":{"line":224,"column":8},"end":{"line":224,"column":59}},"98":{"start":{"line":225,"column":8},"end":{"line":225,"column":33}},"99":{"start":{"line":227,"column":21},"end":{"line":227,"column":42}},"100":{"start":{"line":228,"column":8},"end":{"line":228,"column":63}},"101":{"start":{"line":229,"column":8},"end":{"line":229,"column":34}},"102":{"start":{"line":232,"column":6},"end":{"line":232,"column":42}},"103":{"start":{"line":233,"column":6},"end":{"line":233,"column":32}},"104":{"start":{"line":237,"column":20},"end":{"line":251,"column":1}},"105":{"start":{"line":238,"column":21},"end":{"line":238,"column":37}},"106":{"start":{"line":239,"column":2},"end":{"line":249,"column":3}},"107":{"start":{"line":240,"column":20},"end":{"line":240,"column":33}},"108":{"start":{"line":243,"column":27},"end":{"line":243,"column":78}},"109":{"start":{"line":246,"column":22},"end":{"line":246,"column":48}},"110":{"start":{"line":248,"column":4},"end":{"line":248,"column":21}},"111":{"start":{"line":250,"column":2},"end":{"line":250,"column":14}},"112":{"start":{"line":253,"column":23},"end":{"line":262,"column":1}},"113":{"start":{"line":254,"column":2},"end":{"line":261,"column":3}},"114":{"start":{"line":255,"column":25},"end":{"line":255,"column":43}},"115":{"start":{"line":256,"column":4},"end":{"line":259,"column":5}},"116":{"start":{"line":257,"column":26},"end":{"line":257,"column":55}},"117":{"start":{"line":258,"column":6},"end":{"line":258,"column":44}},"118":{"start":{"line":260,"column":4},"end":{"line":260,"column":16}}},"fnMap":{"0":{"name":"(anonymous_0)","decl":{"start":{"line":4,"column":21},"end":{"line":4,"column":22}},"loc":{"start":{"line":4,"column":42},"end":{"line":30,"column":1}},"line":4},"1":{"name":"(anonymous_1)","decl":{"start":{"line":5,"column":9},"end":{"line":5,"column":10}},"loc":{"start":{"line":5,"column":29},"end":{"line":29,"column":3}},"line":5},"2":{"name":"(anonymous_2)","decl":{"start":{"line":32,"column":24},"end":{"line":32,"column":25}},"loc":{"start":{"line":32,"column":59},"end":{"line":65,"column":1}},"line":32},"3":{"name":"(anonymous_3)","decl":{"start":{"line":33,"column":9},"end":{"line":33,"column":10}},"loc":{"start":{"line":33,"column":29},"end":{"line":64,"column":3}},"line":33},"4":{"name":"(anonymous_4)","decl":{"start":{"line":67,"column":26},"end":{"line":67,"column":27}},"loc":{"start":{"line":67,"column":40},"end":{"line":73,"column":1}},"line":67},"5":{"name":"(anonymous_5)","decl":{"start":{"line":68,"column":9},"end":{"line":68,"column":10}},"loc":{"start":{"line":68,"column":15},"end":{"line":72,"column":3}},"line":68},"6":{"name":"(anonymous_6)","decl":{"start":{"line":75,"column":30},"end":{"line":75,"column":31}},"loc":{"start":{"line":75,"column":41},"end":{"line":104,"column":1}},"line":75},"7":{"name":"(anonymous_7)","decl":{"start":{"line":76,"column":9},"end":{"line":76,"column":10}},"loc":{"start":{"line":76,"column":29},"end":{"line":103,"column":3}},"line":76},"8":{"name":"(anonymous_8)","decl":{"start":{"line":106,"column":35},"end":{"line":106,"column":36}},"loc":{"start":{"line":106,"column":76},"end":{"line":142,"column":1}},"line":106},"9":{"name":"(anonymous_9)","decl":{"start":{"line":108,"column":9},"end":{"line":108,"column":10}},"loc":{"start":{"line":108,"column":29},"end":{"line":141,"column":3}},"line":108},"10":{"name":"(anonymous_10)","decl":{"start":{"line":144,"column":26},"end":{"line":144,"column":27}},"loc":{"start":{"line":144,"column":39},"end":{"line":152,"column":1}},"line":144},"11":{"name":"(anonymous_11)","decl":{"start":{"line":145,"column":9},"end":{"line":145,"column":10}},"loc":{"start":{"line":145,"column":29},"end":{"line":151,"column":3}},"line":145},"12":{"name":"(anonymous_12)","decl":{"start":{"line":154,"column":31},"end":{"line":154,"column":32}},"loc":{"start":{"line":154,"column":45},"end":{"line":170,"column":1}},"line":154},"13":{"name":"(anonymous_13)","decl":{"start":{"line":156,"column":9},"end":{"line":156,"column":10}},"loc":{"start":{"line":156,"column":15},"end":{"line":169,"column":3}},"line":156},"14":{"name":"(anonymous_14)","decl":{"start":{"line":173,"column":25},"end":{"line":173,"column":26}},"loc":{"start":{"line":173,"column":45},"end":{"line":204,"column":1}},"line":173},"15":{"name":"(anonymous_15)","decl":{"start":{"line":174,"column":9},"end":{"line":174,"column":10}},"loc":{"start":{"line":174,"column":29},"end":{"line":203,"column":3}},"line":174},"16":{"name":"(anonymous_16)","decl":{"start":{"line":207,"column":33},"end":{"line":207,"column":34}},"loc":{"start":{"line":207,"column":57},"end":{"line":236,"column":1}},"line":207},"17":{"name":"(anonymous_17)","decl":{"start":{"line":209,"column":9},"end":{"line":209,"column":10}},"loc":{"start":{"line":209,"column":29},"end":{"line":235,"column":3}},"line":209},"18":{"name":"(anonymous_18)","decl":{"start":{"line":237,"column":20},"end":{"line":237,"column":21}},"loc":{"start":{"line":237,"column":31},"end":{"line":251,"column":1}},"line":237},"19":{"name":"(anonymous_19)","decl":{"start":{"line":253,"column":23},"end":{"line":253,"column":24}},"loc":{"start":{"line":253,"column":34},"end":{"line":262,"column":1}},"line":253}},"branchMap":{"0":{"loc":{"start":{"line":16,"column":6},"end":{"line":25,"column":7}},"type":"if","locations":[{"start":{"line":16,"column":6},"end":{"line":25,"column":7}},{"start":{"line":21,"column":13},"end":{"line":25,"column":7}}],"line":16},"1":{"loc":{"start":{"line":18,"column":8},"end":{"line":20,"column":9}},"type":"if","locations":[{"start":{"line":18,"column":8},"end":{"line":20,"column":9}},{"start":{},"end":{}}],"line":18},"2":{"loc":{"start":{"line":44,"column":8},"end":{"line":59,"column":7}},"type":"if","locations":[{"start":{"line":44,"column":8},"end":{"line":59,"column":7}},{"start":{"line":53,"column":15},"end":{"line":59,"column":7}}],"line":44},"3":{"loc":{"start":{"line":47,"column":10},"end":{"line":52,"column":11}},"type":"if","locations":[{"start":{"line":47,"column":10},"end":{"line":52,"column":11}},{"start":{"line":49,"column":15},"end":{"line":52,"column":11}}],"line":47},"4":{"loc":{"start":{"line":87,"column":6},"end":{"line":96,"column":7}},"type":"if","locations":[{"start":{"line":87,"column":6},"end":{"line":96,"column":7}},{"start":{"line":91,"column":13},"end":{"line":96,"column":7}}],"line":87},"5":{"loc":{"start":{"line":113,"column":6},"end":{"line":115,"column":7}},"type":"if","locations":[{"start":{"line":113,"column":6},"end":{"line":115,"column":7}},{"start":{},"end":{}}],"line":113},"6":{"loc":{"start":{"line":118,"column":6},"end":{"line":120,"column":7}},"type":"if","locations":[{"start":{"line":118,"column":6},"end":{"line":120,"column":7}},{"start":{},"end":{}}],"line":118},"7":{"loc":{"start":{"line":130,"column":6},"end":{"line":137,"column":7}},"type":"if","locations":[{"start":{"line":130,"column":6},"end":{"line":137,"column":7}},{"start":{"line":134,"column":13},"end":{"line":137,"column":7}}],"line":130},"8":{"loc":{"start":{"line":159,"column":4},"end":{"line":166,"column":5}},"type":"if","locations":[{"start":{"line":159,"column":4},"end":{"line":166,"column":5}},{"start":{},"end":{}}],"line":159},"9":{"loc":{"start":{"line":160,"column":6},"end":{"line":165,"column":7}},"type":"if","locations":[{"start":{"line":160,"column":6},"end":{"line":165,"column":7}},{"start":{},"end":{}}],"line":160},"10":{"loc":{"start":{"line":186,"column":6},"end":{"line":198,"column":7}},"type":"if","locations":[{"start":{"line":186,"column":6},"end":{"line":198,"column":7}},{"start":{"line":194,"column":13},"end":{"line":198,"column":7}}],"line":186},"11":{"loc":{"start":{"line":221,"column":6},"end":{"line":230,"column":7}},"type":"if","locations":[{"start":{"line":221,"column":6},"end":{"line":230,"column":7}},{"start":{"line":226,"column":13},"end":{"line":230,"column":7}}],"line":221},"12":{"loc":{"start":{"line":239,"column":2},"end":{"line":249,"column":3}},"type":"if","locations":[{"start":{"line":239,"column":2},"end":{"line":249,"column":3}},{"start":{},"end":{}}],"line":239},"13":{"loc":{"start":{"line":254,"column":2},"end":{"line":261,"column":3}},"type":"if","locations":[{"start":{"line":254,"column":2},"end":{"line":261,"column":3}},{"start":{},"end":{}}],"line":254},"14":{"loc":{"start":{"line":256,"column":4},"end":{"line":259,"column":5}},"type":"if","locations":[{"start":{"line":256,"column":4},"end":{"line":259,"column":5}},{"start":{},"end":{}}],"line":256},"15":{"loc":{"start":{"line":256,"column":8},"end":{"line":256,"column":40}},"type":"binary-expr","locations":[{"start":{"line":256,"column":8},"end":{"line":256,"column":20}},{"start":{"line":256,"column":24},"end":{"line":256,"column":40}}],"line":256}},"s":{"0":2,"1":0,"2":0,"3":0,"4":0,"5":0,"6":0,"7":0,"8":0,"9":0,"10":0,"11":2,"12":0,"13":0,"14":0,"15":0,"16":0,"17":0,"18":0,"19":0,"20":0,"21":0,"22":0,"23":0,"24":0,"25":0,"26":0,"27":0,"28":2,"29":0,"30":0,"31":0,"32":0,"33":2,"34":1,"35":0,"36":0,"37":0,"38":0,"39":0,"40":0,"41":0,"42":0,"43":0,"44":0,"45":0,"46":2,"47":0,"48":0,"49":0,"50":0,"51":0,"52":0,"53":0,"54":0,"55":0,"56":0,"57":0,"58":0,"59":0,"60":0,"61":0,"62":2,"63":0,"64":0,"65":0,"66":0,"67":2,"68":0,"69":0,"70":0,"71":0,"72":0,"73":0,"74":0,"75":2,"76":0,"77":0,"78":0,"79":0,"80":0,"81":0,"82":0,"83":0,"84":0,"85":0,"86":0,"87":0,"88":0,"89":2,"90":0,"91":0,"92":0,"93":0,"94":0,"95":0,"96":0,"97":0,"98":0,"99":0,"100":0,"101":0,"102":0,"103":0,"104":2,"105":0,"106":0,"107":0,"108":0,"109":0,"110":0,"111":0,"112":2,"113":0,"114":0,"115":0,"116":0,"117":0,"118":0},"f":{"0":0,"1":0,"2":0,"3":0,"4":0,"5":0,"6":1,"7":0,"8":0,"9":0,"10":0,"11":0,"12":0,"13":0,"14":0,"15":0,"16":0,"17":0,"18":0,"19":0},"b":{"0":[0,0],"1":[0,0],"2":[0,0],"3":[0,0],"4":[0,0],"5":[0,0],"6":[0,0],"7":[0,0],"8":[0,0],"9":[0,0],"10":[0,0],"11":[0,0],"12":[0,0],"13":[0,0],"14":[0,0],"15":[0,0]},"_coverageSchema":"1a1c01bbd47fc00a2c39e90264f33305004495a9","hash":"8c2ea64a2986aed7b6f7ac21cd1603ad01a22e19"}
,"D:\\reactpract\\v2solutions_react_boilerplate\\src\\redux\\employee.js": {"path":"D:\\reactpract\\v2solutions_react_boilerplate\\src\\redux\\employee.js","statementMap":{"0":{"start":{"line":4,"column":21},"end":{"line":8,"column":1}},"1":{"start":{"line":10,"column":24},"end":{"line":49,"column":1}},"2":{"start":{"line":11,"column":2},"end":{"line":48,"column":3}},"3":{"start":{"line":13,"column":6},"end":{"line":16,"column":8}},"4":{"start":{"line":18,"column":6},"end":{"line":21,"column":8}},"5":{"start":{"line":23,"column":6},"end":{"line":28,"column":8}},"6":{"start":{"line":26,"column":10},"end":{"line":26,"column":73}},"7":{"start":{"line":30,"column":6},"end":{"line":35,"column":8}},"8":{"start":{"line":33,"column":24},"end":{"line":33,"column":57}},"9":{"start":{"line":37,"column":6},"end":{"line":40,"column":8}},"10":{"start":{"line":42,"column":6},"end":{"line":45,"column":8}},"11":{"start":{"line":47,"column":6},"end":{"line":47,"column":19}}},"fnMap":{"0":{"name":"(anonymous_0)","decl":{"start":{"line":10,"column":24},"end":{"line":10,"column":25}},"loc":{"start":{"line":10,"column":58},"end":{"line":49,"column":1}},"line":10},"1":{"name":"(anonymous_1)","decl":{"start":{"line":25,"column":39},"end":{"line":25,"column":40}},"loc":{"start":{"line":26,"column":10},"end":{"line":26,"column":73}},"line":26},"2":{"name":"(anonymous_2)","decl":{"start":{"line":33,"column":10},"end":{"line":33,"column":11}},"loc":{"start":{"line":33,"column":24},"end":{"line":33,"column":57}},"line":33}},"branchMap":{"0":{"loc":{"start":{"line":10,"column":25},"end":{"line":10,"column":45}},"type":"default-arg","locations":[{"start":{"line":10,"column":33},"end":{"line":10,"column":45}}],"line":10},"1":{"loc":{"start":{"line":11,"column":2},"end":{"line":48,"column":3}},"type":"switch","locations":[{"start":{"line":12,"column":4},"end":{"line":16,"column":8}},{"start":{"line":17,"column":4},"end":{"line":21,"column":8}},{"start":{"line":22,"column":4},"end":{"line":28,"column":8}},{"start":{"line":29,"column":4},"end":{"line":35,"column":8}},{"start":{"line":36,"column":4},"end":{"line":40,"column":8}},{"start":{"line":41,"column":4},"end":{"line":45,"column":8}},{"start":{"line":46,"column":4},"end":{"line":47,"column":19}}],"line":11},"2":{"loc":{"start":{"line":26,"column":10},"end":{"line":26,"column":73}},"type":"cond-expr","locations":[{"start":{"line":26,"column":47},"end":{"line":26,"column":62}},{"start":{"line":26,"column":65},"end":{"line":26,"column":73}}],"line":26}},"s":{"0":0,"1":0,"2":0,"3":0,"4":0,"5":0,"6":0,"7":0,"8":0,"9":0,"10":0,"11":0},"f":{"0":0,"1":0,"2":0},"b":{"0":[0],"1":[0,0,0,0,0,0,0],"2":[0,0]}}
,"D:\\reactpract\\v2solutions_react_boilerplate\\src\\redux\\employeeActions.js": {"path":"D:\\reactpract\\v2solutions_react_boilerplate\\src\\redux\\employeeActions.js","statementMap":{"0":{"start":{"line":4,"column":28},"end":{"line":7,"column":2}},"1":{"start":{"line":4,"column":44},"end":{"line":7,"column":1}},"2":{"start":{"line":9,"column":27},"end":{"line":12,"column":2}},"3":{"start":{"line":9,"column":42},"end":{"line":12,"column":1}},"4":{"start":{"line":14,"column":30},"end":{"line":17,"column":2}},"5":{"start":{"line":14,"column":45},"end":{"line":17,"column":1}},"6":{"start":{"line":19,"column":30},"end":{"line":22,"column":2}},"7":{"start":{"line":19,"column":47},"end":{"line":22,"column":1}},"8":{"start":{"line":24,"column":23},"end":{"line":27,"column":2}},"9":{"start":{"line":24,"column":40},"end":{"line":27,"column":1}},"10":{"start":{"line":29,"column":25},"end":{"line":32,"column":2}},"11":{"start":{"line":29,"column":44},"end":{"line":32,"column":1}}},"fnMap":{"0":{"name":"(anonymous_0)","decl":{"start":{"line":4,"column":28},"end":{"line":4,"column":29}},"loc":{"start":{"line":4,"column":44},"end":{"line":7,"column":1}},"line":4},"1":{"name":"(anonymous_1)","decl":{"start":{"line":9,"column":27},"end":{"line":9,"column":28}},"loc":{"start":{"line":9,"column":42},"end":{"line":12,"column":1}},"line":9},"2":{"name":"(anonymous_2)","decl":{"start":{"line":14,"column":30},"end":{"line":14,"column":31}},"loc":{"start":{"line":14,"column":45},"end":{"line":17,"column":1}},"line":14},"3":{"name":"(anonymous_3)","decl":{"start":{"line":19,"column":30},"end":{"line":19,"column":31}},"loc":{"start":{"line":19,"column":47},"end":{"line":22,"column":1}},"line":19},"4":{"name":"(anonymous_4)","decl":{"start":{"line":24,"column":23},"end":{"line":24,"column":24}},"loc":{"start":{"line":24,"column":40},"end":{"line":27,"column":1}},"line":24},"5":{"name":"(anonymous_5)","decl":{"start":{"line":29,"column":25},"end":{"line":29,"column":26}},"loc":{"start":{"line":29,"column":44},"end":{"line":32,"column":1}},"line":29}},"branchMap":{},"s":{"0":0,"1":0,"2":0,"3":0,"4":0,"5":0,"6":0,"7":0,"8":0,"9":0,"10":0,"11":0},"f":{"0":0,"1":0,"2":0,"3":0,"4":0,"5":0},"b":{}}
,"D:\\reactpract\\v2solutions_react_boilerplate\\src\\redux\\reduxSetup.js": {"path":"D:\\reactpract\\v2solutions_react_boilerplate\\src\\redux\\reduxSetup.js","statementMap":{"0":{"start":{"line":4,"column":19},"end":{"line":6,"column":1}},"1":{"start":{"line":5,"column":2},"end":{"line":5,"column":23}}},"fnMap":{"0":{"name":"(anonymous_0)","decl":{"start":{"line":4,"column":19},"end":{"line":4,"column":20}},"loc":{"start":{"line":4,"column":25},"end":{"line":6,"column":1}},"line":4}},"branchMap":{},"s":{"0":0,"1":0},"f":{"0":0},"b":{}}
,"D:\\reactpract\\v2solutions_react_boilerplate\\src\\redux\\store.js": {"path":"D:\\reactpract\\v2solutions_react_boilerplate\\src\\redux\\store.js","statementMap":{"0":{"start":{"line":6,"column":14},"end":{"line":12,"column":2}},"1":{"start":{"line":11,"column":40},"end":{"line":11,"column":76}}},"fnMap":{"0":{"name":"(anonymous_0)","decl":{"start":{"line":11,"column":14},"end":{"line":11,"column":15}},"loc":{"start":{"line":11,"column":40},"end":{"line":11,"column":76}},"line":11}},"branchMap":{},"s":{"0":0,"1":0},"f":{"0":0},"b":{}}
}
