TN:
SF:src\App.js
FN:8,App
FNF:1
FNH:0
FNDA:0,App
DA:10,0
DA:13,0
DA:16,0
DA:19,0
LF:4
LH:0
BRF:0
BRH:0
end_of_record
TN:
SF:src\index.js
FNF:0
FNH:0
DA:9,0
DA:10,0
LF:2
LH:0
BRF:0
BRH:0
end_of_record
TN:
SF:src\routes.jsx
FN:14,(anonymous_0)
FNF:1
FNH:0
FNDA:0,(anonymous_0)
DA:14,0
LF:1
LH:0
BRF:0
BRH:0
end_of_record
TN:
SF:src\components\Employee\EmployeeForm.jsx
FN:11,(anonymous_0)
FN:33,(anonymous_1)
FN:39,(anonymous_2)
FN:58,(anonymous_3)
FN:71,(anonymous_4)
FN:88,(anonymous_5)
FN:90,(anonymous_6)
FN:99,(anonymous_7)
FN:131,(anonymous_8)
FN:172,(anonymous_9)
FNF:10
FNH:0
FNDA:0,(anonymous_0)
FNDA:0,(anonymous_1)
FNDA:0,(anonymous_2)
FNDA:0,(anonymous_3)
FNDA:0,(anonymous_4)
FNDA:0,(anonymous_5)
FNDA:0,(anonymous_6)
FNDA:0,(anonymous_7)
FNDA:0,(anonymous_8)
FNDA:0,(anonymous_9)
DA:11,0
DA:12,0
DA:13,0
DA:14,0
DA:15,0
DA:16,0
DA:18,0
DA:27,0
DA:29,0
DA:30,0
DA:31,0
DA:33,0
DA:34,0
DA:35,0
DA:39,0
DA:40,0
DA:41,0
DA:42,0
DA:43,0
DA:44,0
DA:45,0
DA:46,0
DA:47,0
DA:50,0
DA:53,0
DA:54,0
DA:58,0
DA:59,0
DA:62,0
DA:64,0
DA:65,0
DA:71,0
DA:72,0
DA:75,0
DA:76,0
DA:77,0
DA:79,0
DA:80,0
DA:85,0
DA:88,0
DA:89,0
DA:90,0
DA:91,0
DA:92,0
DA:95,0
DA:96,0
DA:99,0
DA:100,0
DA:101,0
DA:102,0
DA:103,0
DA:104,0
DA:105,0
DA:107,0
DA:108,0
DA:109,0
DA:110,0
DA:111,0
DA:114,0
DA:115,0
DA:120,0
DA:132,0
DA:172,0
DA:176,0
LF:64
LH:0
BRDA:34,0,0,0
BRDA:34,0,1,0
BRDA:42,1,0,0
BRDA:42,1,1,0
BRDA:42,2,0,0
BRDA:42,2,1,0
BRDA:67,3,0,0
BRDA:67,3,1,0
BRDA:67,4,0,0
BRDA:67,4,1,0
BRDA:82,5,0,0
BRDA:82,5,1,0
BRDA:91,6,0,0
BRDA:91,6,1,0
BRDA:101,7,0,0
BRDA:101,7,1,0
BRDA:103,8,0,0
BRDA:103,8,1,0
BRDA:104,9,0,0
BRDA:104,9,1,0
BRDA:107,10,0,0
BRDA:107,10,1,0
BRDA:109,11,0,0
BRDA:109,11,1,0
BRDA:110,12,0,0
BRDA:110,12,1,0
BRDA:114,13,0,0
BRDA:114,13,1,0
BRDA:115,14,0,0
BRDA:115,14,1,0
BRDA:126,15,0,0
BRDA:126,15,1,0
BRDA:128,16,0,0
BRDA:128,16,1,0
BRDA:129,17,0,0
BRDA:129,17,1,0
BRDA:134,18,0,0
BRDA:134,18,1,0
BRDA:138,19,0,0
BRDA:138,19,1,0
BRDA:144,20,0,0
BRDA:144,20,1,0
BRDA:151,21,0,0
BRDA:151,21,1,0
BRDA:151,22,0,0
BRDA:151,22,1,0
BRDA:160,23,0,0
BRDA:160,23,1,0
BRF:48
BRH:0
end_of_record
TN:
SF:src\components\Employee\EmployeeList.jsx
FN:7,(anonymous_0)
FN:25,(anonymous_1)
FN:27,(anonymous_2)
FN:31,(anonymous_3)
FN:33,(anonymous_4)
FN:38,(anonymous_5)
FN:54,(anonymous_6)
FN:62,(anonymous_7)
FN:71,(anonymous_8)
FN:91,(anonymous_9)
FN:92,(anonymous_10)
FN:104,(anonymous_11)
FN:129,(anonymous_12)
FN:136,(anonymous_13)
FN:139,(anonymous_14)
FN:142,(anonymous_15)
FN:145,(anonymous_16)
FN:148,(anonymous_17)
FN:162,(anonymous_18)
FN:164,(anonymous_19)
FN:201,(anonymous_20)
FN:213,(anonymous_21)
FNF:22
FNH:7
FNDA:2,(anonymous_0)
FNDA:1,(anonymous_1)
FNDA:0,(anonymous_2)
FNDA:1,(anonymous_3)
FNDA:1,(anonymous_4)
FNDA:2,(anonymous_5)
FNDA:0,(anonymous_6)
FNDA:0,(anonymous_7)
FNDA:0,(anonymous_8)
FNDA:2,(anonymous_9)
FNDA:0,(anonymous_10)
FNDA:0,(anonymous_11)
FNDA:0,(anonymous_12)
FNDA:0,(anonymous_13)
FNDA:0,(anonymous_14)
FNDA:0,(anonymous_15)
FNDA:0,(anonymous_16)
FNDA:0,(anonymous_17)
FNDA:2,(anonymous_18)
FNDA:0,(anonymous_19)
FNDA:0,(anonymous_20)
FNDA:0,(anonymous_21)
DA:7,1
DA:8,2
DA:9,2
DA:10,2
DA:11,2
DA:12,2
DA:13,2
DA:14,2
DA:16,2
DA:17,2
DA:18,2
DA:22,2
DA:23,2
DA:25,2
DA:26,1
DA:27,1
DA:28,0
DA:31,1
DA:33,2
DA:35,1
DA:38,2
DA:39,2
DA:40,2
DA:41,2
DA:42,2
DA:43,2
DA:44,2
DA:45,0
DA:46,0
DA:48,0
DA:51,0
DA:54,2
DA:56,0
DA:57,0
DA:62,2
DA:64,0
DA:65,0
DA:66,0
DA:68,0
DA:71,2
DA:72,0
DA:73,0
DA:74,0
DA:75,0
DA:76,0
DA:77,0
DA:78,0
DA:79,0
DA:80,0
DA:81,0
DA:83,0
DA:86,0
DA:91,2
DA:92,2
DA:93,0
DA:104,0
DA:114,2
DA:129,0
DA:136,0
DA:139,0
DA:142,0
DA:145,0
DA:148,0
DA:163,2
DA:164,0
DA:201,0
DA:213,0
LF:67
LH:33
BRDA:12,0,0,2
BRDA:12,0,1,0
BRDA:38,1,0,1
BRDA:38,2,0,2
BRDA:41,3,0,2
BRDA:41,3,1,0
BRDA:41,4,0,2
BRDA:41,4,1,2
BRDA:45,5,0,0
BRDA:45,5,1,0
BRDA:45,6,0,0
BRDA:45,6,1,0
BRDA:62,7,0,0
BRDA:64,8,0,0
BRDA:64,8,1,0
BRDA:64,9,0,0
BRDA:64,9,1,0
BRDA:72,10,0,0
BRDA:72,10,1,0
BRDA:75,11,0,0
BRDA:75,11,1,0
BRDA:75,12,0,0
BRDA:75,12,1,0
BRDA:80,13,0,0
BRDA:80,13,1,0
BRDA:80,14,0,0
BRDA:80,14,1,0
BRDA:121,15,0,2
BRDA:121,15,1,0
BRDA:137,16,0,2
BRDA:137,16,1,2
BRDA:137,17,0,2
BRDA:137,17,1,0
BRDA:140,18,0,2
BRDA:140,18,1,0
BRDA:140,19,0,0
BRDA:140,19,1,0
BRDA:143,20,0,2
BRDA:143,20,1,0
BRDA:143,21,0,0
BRDA:143,21,1,0
BRDA:146,22,0,2
BRDA:146,22,1,0
BRDA:146,23,0,0
BRDA:146,23,1,0
BRDA:149,24,0,2
BRDA:149,24,1,0
BRDA:149,25,0,0
BRDA:149,25,1,0
BRDA:163,26,0,2
BRDA:163,26,1,0
BRDA:192,27,0,2
BRDA:192,27,1,0
BRF:53
BRH:16
end_of_record
TN:
SF:src\components\Pages\AuthenticationPage.js
FN:8,AuthenticationPage
FN:10,(anonymous_1)
FN:16,(anonymous_2)
FN:21,(anonymous_3)
FN:48,(anonymous_4)
FN:75,(anonymous_5)
FN:82,(anonymous_6)
FN:121,(anonymous_7)
FN:174,(anonymous_8)
FNF:9
FNH:6
FNDA:3,AuthenticationPage
FNDA:5,(anonymous_1)
FNDA:1,(anonymous_2)
FNDA:0,(anonymous_3)
FNDA:0,(anonymous_4)
FNDA:0,(anonymous_5)
FNDA:1,(anonymous_6)
FNDA:6,(anonymous_7)
FNDA:1,(anonymous_8)
DA:9,3
DA:10,5
DA:11,3
DA:12,3
DA:13,3
DA:14,3
DA:16,3
DA:17,1
DA:18,1
DA:21,3
DA:22,0
DA:23,0
DA:24,0
DA:25,0
DA:26,0
DA:27,0
DA:29,0
DA:31,0
DA:32,0
DA:33,0
DA:34,0
DA:37,0
DA:38,0
DA:40,0
DA:41,0
DA:44,0
DA:45,0
DA:48,3
DA:49,0
DA:50,0
DA:51,0
DA:52,0
DA:53,0
DA:54,0
DA:55,0
DA:56,0
DA:60,0
DA:62,0
DA:63,0
DA:64,0
DA:65,0
DA:75,3
DA:76,0
DA:77,0
DA:78,0
DA:82,3
DA:83,1
DA:84,1
DA:87,3
DA:122,6
DA:174,1
LF:51
LH:18
BRDA:10,0,0,3
BRDA:10,0,1,0
BRDA:24,1,0,0
BRDA:24,1,1,0
BRDA:26,2,0,0
BRDA:26,2,1,0
BRDA:31,3,0,0
BRDA:31,3,1,0
BRDA:33,4,0,0
BRDA:33,4,1,0
BRDA:37,5,0,0
BRDA:37,5,1,0
BRDA:37,6,0,0
BRDA:37,6,1,0
BRDA:40,7,0,0
BRDA:40,7,1,0
BRDA:40,8,0,0
BRDA:40,8,1,0
BRDA:50,9,0,0
BRDA:50,9,1,0
BRDA:52,10,0,0
BRDA:52,10,1,0
BRDA:54,11,0,0
BRDA:54,11,1,0
BRDA:54,12,0,0
BRDA:54,12,1,0
BRDA:62,13,0,0
BRDA:62,13,1,0
BRDA:62,14,0,0
BRDA:62,14,1,0
BRDA:93,15,0,3
BRDA:93,15,1,0
BRDA:98,16,0,2
BRDA:98,16,1,1
BRDA:101,17,0,3
BRDA:101,17,1,0
BRDA:102,18,0,3
BRDA:102,18,1,1
BRDA:109,19,0,1
BRDA:109,19,1,0
BRDA:115,20,0,0
BRDA:115,20,1,1
BRDA:127,21,0,3
BRDA:127,21,1,3
BRDA:128,22,0,6
BRDA:128,22,1,0
BRDA:134,23,0,0
BRDA:134,23,1,6
BRDA:140,24,0,3
BRDA:140,24,1,1
BRDA:146,25,0,1
BRDA:146,25,1,0
BRDA:157,26,0,0
BRDA:157,26,1,1
BRDA:167,27,0,2
BRDA:167,27,1,1
BRDA:172,28,0,2
BRDA:172,28,1,1
BRDA:175,29,0,2
BRDA:175,29,1,1
BRF:60
BRH:23
end_of_record
TN:
SF:src\components\Pages\EmployeeFormPage.js
FN:6,EmployeeFormPage
FNF:1
FNH:0
FNDA:0,EmployeeFormPage
DA:7,0
LF:1
LH:0
BRF:0
BRH:0
end_of_record
TN:
SF:src\components\Pages\EmployeeListPage.js
FN:9,EmployeeListPage
FNF:1
FNH:0
FNDA:0,EmployeeListPage
DA:10,0
LF:1
LH:0
BRF:0
BRH:0
end_of_record
TN:
SF:src\components\Pages\ErrorPage.js
FN:5,ErrorPage
FNF:1
FNH:0
FNDA:0,ErrorPage
DA:6,0
DA:8,0
DA:9,0
DA:11,0
DA:12,0
DA:15,0
DA:16,0
DA:17,0
DA:20,0
LF:9
LH:0
BRDA:11,0,0,0
BRDA:11,0,1,0
BRDA:15,1,0,0
BRDA:15,1,1,0
BRF:4
BRH:0
end_of_record
TN:
SF:src\components\Pages\ForgetPassword.js
FN:9,ForgetPasswordComponent
FN:12,(anonymous_1)
FN:13,(anonymous_2)
FN:16,(anonymous_3)
FN:30,(anonymous_4)
FN:44,(anonymous_5)
FNF:6
FNH:6
FNDA:3,ForgetPasswordComponent
FNDA:4,(anonymous_1)
FNDA:4,(anonymous_2)
FNDA:1,(anonymous_3)
FNDA:1,(anonymous_4)
FNDA:1,(anonymous_5)
DA:10,3
DA:11,3
DA:12,4
DA:13,4
DA:14,3
DA:15,3
DA:16,3
DA:17,1
DA:18,1
DA:19,1
DA:20,0
DA:21,0
DA:22,0
DA:30,3
DA:31,1
DA:34,1
DA:35,1
DA:36,0
DA:37,1
DA:38,0
DA:40,1
DA:41,1
DA:44,3
DA:45,1
DA:48,3
LF:25
LH:20
BRDA:18,0,0,1
BRDA:18,0,1,0
BRDA:21,1,0,0
BRDA:21,1,1,0
BRDA:35,2,0,0
BRDA:35,2,1,1
BRDA:37,3,0,0
BRDA:37,3,1,1
BRDA:59,4,0,3
BRDA:59,4,1,0
BRDA:60,5,0,3
BRDA:60,5,1,0
BRDA:67,6,0,3
BRDA:67,6,1,0
BRDA:74,7,0,0
BRDA:74,7,1,3
BRF:16
BRH:7
end_of_record
TN:
SF:src\components\Pages\HomePage.js
FN:6,HomePage
FN:7,(anonymous_1)
FNF:2
FNH:0
FNDA:0,HomePage
FNDA:0,(anonymous_1)
DA:7,0
DA:9,0
LF:2
LH:0
BRDA:7,0,0,0
BRDA:7,0,1,0
BRDA:20,1,0,0
BRDA:20,1,1,0
BRF:4
BRH:0
end_of_record
TN:
SF:src\components\Pages\MFAPage.js
FN:9,MFAPage
FN:11,(anonymous_1)
FN:12,(anonymous_2)
FN:19,(anonymous_3)
FN:52,(anonymous_4)
FNF:5
FNH:0
FNDA:0,MFAPage
FNDA:0,(anonymous_1)
FNDA:0,(anonymous_2)
FNDA:0,(anonymous_3)
FNDA:0,(anonymous_4)
DA:10,0
DA:11,0
DA:12,0
DA:13,0
DA:14,0
DA:15,0
DA:19,0
DA:20,0
DA:21,0
DA:23,0
DA:24,0
DA:25,0
DA:27,0
DA:31,0
DA:52,0
LF:15
LH:0
BRDA:12,0,0,0
BRDA:12,0,1,0
BRDA:23,1,0,0
BRDA:23,1,1,0
BRDA:23,2,0,0
BRDA:23,2,1,0
BRDA:42,3,0,0
BRDA:42,3,1,0
BRDA:54,4,0,0
BRDA:54,4,1,0
BRF:10
BRH:0
end_of_record
TN:
SF:src\components\Pages\ResetPassword.js
FN:7,ResetPassword
FN:15,(anonymous_1)
FN:22,(anonymous_2)
FN:23,(anonymous_3)
FN:25,(anonymous_4)
FN:32,(anonymous_5)
FN:58,(anonymous_6)
FNF:7
FNH:0
FNDA:0,ResetPassword
FNDA:0,(anonymous_1)
FNDA:0,(anonymous_2)
FNDA:0,(anonymous_3)
FNDA:0,(anonymous_4)
FNDA:0,(anonymous_5)
FNDA:0,(anonymous_6)
DA:8,0
DA:9,0
DA:10,0
DA:11,0
DA:12,0
DA:13,0
DA:15,0
DA:17,0
DA:18,0
DA:22,0
DA:23,0
DA:25,0
DA:26,0
DA:27,0
DA:28,0
DA:32,0
DA:33,0
DA:36,0
DA:37,0
DA:40,0
DA:41,0
DA:42,0
DA:43,0
DA:44,0
DA:47,0
DA:48,0
DA:50,0
DA:51,0
DA:54,0
DA:55,0
DA:58,0
DA:59,0
DA:60,0
DA:61,0
DA:62,0
DA:63,0
DA:64,0
DA:65,0
DA:69,0
LF:39
LH:0
BRDA:17,0,0,0
BRDA:17,0,1,0
BRDA:27,1,0,0
BRDA:27,1,1,0
BRDA:36,2,0,0
BRDA:36,2,1,0
BRDA:36,3,0,0
BRDA:36,3,1,0
BRDA:41,4,0,0
BRDA:41,4,1,0
BRDA:43,5,0,0
BRDA:43,5,1,0
BRDA:47,6,0,0
BRDA:47,6,1,0
BRDA:50,7,0,0
BRDA:50,7,1,0
BRDA:60,8,0,0
BRDA:60,8,1,0
BRDA:62,9,0,0
BRDA:62,9,1,0
BRDA:64,10,0,0
BRDA:64,10,1,0
BRDA:81,11,0,0
BRDA:81,11,1,0
BRDA:82,12,0,0
BRDA:82,12,1,0
BRDA:84,13,0,0
BRDA:84,13,1,0
BRDA:89,14,0,0
BRDA:89,14,1,0
BRDA:95,15,0,0
BRDA:95,15,1,0
BRDA:105,16,0,0
BRDA:105,16,1,0
BRDA:111,17,0,0
BRDA:111,17,1,0
BRDA:120,18,0,0
BRDA:120,18,1,0
BRDA:126,19,0,0
BRDA:126,19,1,0
BRF:40
BRH:0
end_of_record
TN:
SF:src\components\Pages\RootLayout.js
FN:5,RootLayout
FNF:1
FNH:0
FNDA:0,RootLayout
DA:8,0
LF:1
LH:0
BRF:0
BRH:0
end_of_record
TN:
SF:src\components\Pages\TodoPage.js
FN:5,TodoPage
FNF:1
FNH:0
FNDA:0,TodoPage
DA:6,0
LF:1
LH:0
BRF:0
BRH:0
end_of_record
TN:
SF:src\components\Todo\TodoApp.jsx
FN:12,TodoApp
FN:28,(anonymous_1)
FN:54,(anonymous_2)
FN:72,(anonymous_3)
FN:86,(anonymous_4)
FN:112,(anonymous_5)
FN:127,(anonymous_6)
FN:138,(anonymous_7)
FN:170,(anonymous_8)
FN:183,(anonymous_9)
FN:189,(anonymous_10)
FN:203,(anonymous_11)
FNF:12
FNH:0
FNDA:0,TodoApp
FNDA:0,(anonymous_1)
FNDA:0,(anonymous_2)
FNDA:0,(anonymous_3)
FNDA:0,(anonymous_4)
FNDA:0,(anonymous_5)
FNDA:0,(anonymous_6)
FNDA:0,(anonymous_7)
FNDA:0,(anonymous_8)
FNDA:0,(anonymous_9)
FNDA:0,(anonymous_10)
FNDA:0,(anonymous_11)
DA:13,0
DA:15,0
DA:17,0
DA:18,0
DA:20,0
DA:25,0
DA:28,0
DA:29,0
DA:30,0
DA:31,0
DA:32,0
DA:35,0
DA:36,0
DA:37,0
DA:38,0
DA:39,0
DA:40,0
DA:41,0
DA:43,0
DA:45,0
DA:47,0
DA:50,0
DA:54,0
DA:55,0
DA:56,0
DA:57,0
DA:58,0
DA:59,0
DA:60,0
DA:61,0
DA:62,0
DA:64,0
DA:67,0
DA:72,0
DA:73,0
DA:74,0
DA:75,0
DA:76,0
DA:77,0
DA:79,0
DA:82,0
DA:86,0
DA:87,0
DA:92,0
DA:95,0
DA:113,0
DA:128,0
DA:139,0
DA:171,0
DA:183,0
DA:189,0
DA:203,0
DA:206,0
LF:53
LH:0
BRDA:30,0,0,0
BRDA:30,0,1,0
BRDA:30,1,0,0
BRDA:30,1,1,0
BRDA:37,2,0,0
BRDA:37,2,1,0
BRDA:37,3,0,0
BRDA:37,3,1,0
BRDA:43,4,0,0
BRDA:43,4,1,0
BRDA:43,5,0,0
BRDA:43,5,1,0
BRDA:55,6,0,0
BRDA:55,6,1,0
BRDA:58,7,0,0
BRDA:58,7,1,0
BRDA:75,8,0,0
BRDA:75,8,1,0
BRDA:101,9,0,0
BRDA:101,9,1,0
BRDA:102,10,0,0
BRDA:102,10,1,0
BRDA:144,11,0,0
BRDA:144,11,1,0
BRDA:150,12,0,0
BRDA:150,12,1,0
BRDA:158,13,0,0
BRDA:158,13,1,0
BRDA:161,14,0,0
BRDA:161,14,1,0
BRDA:178,15,0,0
BRDA:178,15,1,0
BRF:32
BRH:0
end_of_record
TN:
SF:src\components\UI\Breadcrumb\Breadcrumb.jsx
FN:6,(anonymous_0)
FN:8,(anonymous_1)
FN:16,(anonymous_2)
FNF:3
FNH:0
FNDA:0,(anonymous_0)
FNDA:0,(anonymous_1)
FNDA:0,(anonymous_2)
DA:6,0
DA:7,0
DA:8,0
DA:10,0
DA:17,0
DA:18,0
DA:21,0
DA:24,0
DA:26,0
LF:9
LH:0
BRDA:27,0,0,0
BRDA:27,0,1,0
BRDA:27,1,0,0
BRDA:27,1,1,0
BRDA:28,2,0,0
BRDA:28,2,1,0
BRDA:30,3,0,0
BRDA:30,3,1,0
BRDA:30,4,0,0
BRDA:30,4,1,0
BRDA:33,5,0,0
BRDA:33,5,1,0
BRF:12
BRH:0
end_of_record
TN:
SF:src\components\UI\Footer\Footer.jsx
FN:3,Footer
FNF:1
FNH:1
FNDA:6,Footer
DA:4,6
LF:1
LH:1
BRF:0
BRH:0
end_of_record
TN:
SF:src\components\UI\Header\Header.jsx
FN:9,Header
FN:14,(anonymous_1)
FN:45,(anonymous_2)
FNF:3
FNH:2
FNDA:4,Header
FNDA:0,(anonymous_1)
FNDA:3,(anonymous_2)
DA:10,4
DA:11,4
DA:12,4
DA:14,4
DA:15,0
DA:16,0
DA:19,4
DA:45,3
LF:8
LH:6
BRDA:25,0,0,0
BRDA:25,0,1,4
BRDA:28,1,0,0
BRDA:28,1,1,4
BRDA:31,2,0,0
BRDA:31,2,1,4
BRF:6
BRH:3
end_of_record
TN:
SF:src\configs\apiBaseUrl.js
FNF:0
FNH:0
DA:1,2
LF:1
LH:1
BRF:0
BRH:0
end_of_record
TN:
SF:src\configs\apiConfig.js
FNF:0
FNH:0
DA:1,1
LF:1
LH:1
BRF:0
BRH:0
end_of_record
TN:
SF:src\hooks\useCrudApi.js
FN:6,(anonymous_0)
FN:12,(anonymous_1)
FN:27,(anonymous_2)
FN:36,(anonymous_3)
FN:52,(anonymous_4)
FN:65,(anonymous_5)
FNF:6
FNH:0
FNDA:0,(anonymous_0)
FNDA:0,(anonymous_1)
FNDA:0,(anonymous_2)
FNDA:0,(anonymous_3)
FNDA:0,(anonymous_4)
FNDA:0,(anonymous_5)
DA:6,0
DA:9,0
DA:10,0
DA:12,0
DA:13,0
DA:14,0
DA:16,0
DA:18,0
DA:19,0
DA:21,0
DA:24,0
DA:27,0
DA:28,0
DA:29,0
DA:30,0
DA:32,0
DA:36,0
DA:37,0
DA:38,0
DA:40,0
DA:42,0
DA:44,0
DA:46,0
DA:49,0
DA:52,0
DA:53,0
DA:54,0
DA:58,0
DA:61,0
DA:65,0
DA:66,0
DA:67,0
DA:68,0
DA:70,0
DA:78,0
LF:35
LH:0
BRF:0
BRH:0
end_of_record
TN:
SF:src\interceptor\axiosInterceptor.js
FN:4,(anonymous_0)
FN:6,(anonymous_1)
FN:13,(anonymous_2)
FNF:3
FNH:0
FNDA:0,(anonymous_0)
FNDA:0,(anonymous_1)
FNDA:0,(anonymous_2)
DA:4,0
DA:5,0
DA:7,0
DA:8,0
DA:9,0
DA:11,0
DA:14,0
LF:7
LH:0
BRDA:8,0,0,0
BRDA:8,0,1,0
BRF:2
BRH:0
end_of_record
TN:
SF:src\redux\actionTypes.js
FNF:0
FNH:0
DA:2,0
DA:3,0
DA:4,0
DA:5,0
DA:6,0
DA:7,0
DA:9,0
DA:10,0
DA:11,0
DA:12,0
DA:13,0
DA:14,0
DA:15,0
DA:16,0
DA:17,0
DA:18,0
DA:19,0
LF:17
LH:0
BRF:0
BRH:0
end_of_record
TN:
SF:src\redux\auth.js
FN:12,(anonymous_0)
FNF:1
FNH:0
FNDA:0,(anonymous_0)
DA:4,0
DA:12,0
DA:13,0
DA:15,0
DA:22,0
DA:29,0
DA:31,0
DA:38,0
DA:45,0
DA:52,0
DA:59,0
DA:66,0
DA:73,0
DA:79,0
DA:85,0
LF:15
LH:0
BRDA:12,0,0,0
BRDA:13,1,0,0
BRDA:13,1,1,0
BRDA:13,1,2,0
BRDA:13,1,3,0
BRDA:13,1,4,0
BRDA:13,1,5,0
BRDA:13,1,6,0
BRDA:13,1,7,0
BRDA:13,1,8,0
BRDA:13,1,9,0
BRDA:13,1,10,0
BRDA:13,1,11,0
BRDA:26,2,0,0
BRDA:26,2,1,0
BRDA:35,3,0,0
BRDA:35,3,1,0
BRDA:42,4,0,0
BRDA:42,4,1,0
BRDA:49,5,0,0
BRDA:49,5,1,0
BRDA:56,6,0,0
BRDA:56,6,1,0
BRDA:63,7,0,0
BRDA:63,7,1,0
BRDA:75,8,0,0
BRDA:75,8,1,0
BRF:27
BRH:0
end_of_record
TN:
SF:src\redux\authActions.js
FN:4,(anonymous_0)
FN:5,(anonymous_1)
FN:32,(anonymous_2)
FN:33,(anonymous_3)
FN:67,(anonymous_4)
FN:68,(anonymous_5)
FN:75,(anonymous_6)
FN:76,(anonymous_7)
FN:106,(anonymous_8)
FN:108,(anonymous_9)
FN:144,(anonymous_10)
FN:145,(anonymous_11)
FN:154,(anonymous_12)
FN:156,(anonymous_13)
FN:173,(anonymous_14)
FN:174,(anonymous_15)
FN:207,(anonymous_16)
FN:223,(anonymous_17)
FNF:18
FNH:1
FNDA:0,(anonymous_0)
FNDA:0,(anonymous_1)
FNDA:0,(anonymous_2)
FNDA:0,(anonymous_3)
FNDA:0,(anonymous_4)
FNDA:0,(anonymous_5)
FNDA:1,(anonymous_6)
FNDA:0,(anonymous_7)
FNDA:0,(anonymous_8)
FNDA:0,(anonymous_9)
FNDA:0,(anonymous_10)
FNDA:0,(anonymous_11)
FNDA:0,(anonymous_12)
FNDA:0,(anonymous_13)
FNDA:0,(anonymous_14)
FNDA:0,(anonymous_15)
FNDA:0,(anonymous_16)
FNDA:0,(anonymous_17)
DA:4,2
DA:5,0
DA:6,0
DA:8,0
DA:16,0
DA:17,0
DA:18,0
DA:19,0
DA:22,0
DA:24,0
DA:27,0
DA:32,2
DA:33,0
DA:34,0
DA:35,0
DA:36,0
DA:44,0
DA:45,0
DA:46,0
DA:47,0
DA:48,0
DA:50,0
DA:51,0
DA:55,0
DA:57,0
DA:58,0
DA:61,0
DA:62,0
DA:67,2
DA:68,0
DA:69,0
DA:70,0
DA:71,0
DA:75,2
DA:76,1
DA:77,0
DA:79,0
DA:87,0
DA:88,0
DA:89,0
DA:90,0
DA:92,0
DA:94,0
DA:95,0
DA:99,0
DA:100,0
DA:106,2
DA:108,0
DA:109,0
DA:110,0
DA:113,0
DA:114,0
DA:118,0
DA:119,0
DA:122,0
DA:130,0
DA:131,0
DA:132,0
DA:133,0
DA:135,0
DA:136,0
DA:139,0
DA:144,2
DA:145,0
DA:146,0
DA:147,0
DA:149,0
DA:154,2
DA:156,0
DA:158,0
DA:159,0
DA:160,0
DA:163,0
DA:164,0
DA:167,0
DA:173,2
DA:174,0
DA:175,0
DA:177,0
DA:186,0
DA:187,0
DA:189,0
DA:191,0
DA:193,0
DA:195,0
DA:196,0
DA:197,0
DA:200,0
DA:201,0
DA:207,2
DA:208,0
DA:209,0
DA:210,0
DA:213,0
DA:216,0
DA:218,0
DA:220,0
DA:223,2
DA:224,0
DA:225,0
DA:226,0
DA:227,0
DA:228,0
DA:230,0
LF:104
LH:11
BRDA:16,0,0,0
BRDA:16,0,1,0
BRDA:18,1,0,0
BRDA:18,1,1,0
BRDA:44,2,0,0
BRDA:44,2,1,0
BRDA:47,3,0,0
BRDA:47,3,1,0
BRDA:87,4,0,0
BRDA:87,4,1,0
BRDA:113,5,0,0
BRDA:113,5,1,0
BRDA:118,6,0,0
BRDA:118,6,1,0
BRDA:130,7,0,0
BRDA:130,7,1,0
BRDA:159,8,0,0
BRDA:159,8,1,0
BRDA:160,9,0,0
BRDA:160,9,1,0
BRDA:186,10,0,0
BRDA:186,10,1,0
BRDA:209,11,0,0
BRDA:209,11,1,0
BRDA:224,12,0,0
BRDA:224,12,1,0
BRDA:226,13,0,0
BRDA:226,13,1,0
BRDA:226,14,0,0
BRDA:226,14,1,0
BRF:30
BRH:0
end_of_record
TN:
SF:src\redux\employee.js
FN:10,(anonymous_0)
FN:25,(anonymous_1)
FN:33,(anonymous_2)
FNF:3
FNH:0
FNDA:0,(anonymous_0)
FNDA:0,(anonymous_1)
FNDA:0,(anonymous_2)
DA:4,0
DA:10,0
DA:11,0
DA:13,0
DA:18,0
DA:23,0
DA:26,0
DA:30,0
DA:33,0
DA:37,0
DA:42,0
DA:47,0
LF:12
LH:0
BRDA:10,0,0,0
BRDA:11,1,0,0
BRDA:11,1,1,0
BRDA:11,1,2,0
BRDA:11,1,3,0
BRDA:11,1,4,0
BRDA:11,1,5,0
BRDA:11,1,6,0
BRDA:26,2,0,0
BRDA:26,2,1,0
BRF:10
BRH:0
end_of_record
TN:
SF:src\redux\employeeActions.js
FN:4,(anonymous_0)
FN:9,(anonymous_1)
FN:14,(anonymous_2)
FN:19,(anonymous_3)
FN:24,(anonymous_4)
FN:29,(anonymous_5)
FNF:6
FNH:0
FNDA:0,(anonymous_0)
FNDA:0,(anonymous_1)
FNDA:0,(anonymous_2)
FNDA:0,(anonymous_3)
FNDA:0,(anonymous_4)
FNDA:0,(anonymous_5)
DA:4,0
DA:9,0
DA:14,0
DA:19,0
DA:24,0
DA:29,0
LF:6
LH:0
BRF:0
BRH:0
end_of_record
TN:
SF:src\redux\reduxSetup.js
FN:4,(anonymous_0)
FNF:1
FNH:0
FNDA:0,(anonymous_0)
DA:4,0
DA:5,0
LF:2
LH:0
BRF:0
BRH:0
end_of_record
TN:
SF:src\redux\store.js
FN:11,(anonymous_0)
FNF:1
FNH:0
FNDA:0,(anonymous_0)
DA:6,0
DA:11,0
LF:2
LH:0
BRF:0
BRH:0
end_of_record
